2017-11-30 13:06:35,531 [1] INFO  App - Start
2017-11-30 13:06:35,547 [1] INFO  App - ==== Application_Start ====
2017-11-30 13:06:49,932 [5] INFO  App - 2017-11-30 13:06:49:883 请求 http://localhost:5625/Default.aspx, IP地址 ::1, 耗时 9.1750 秒
2017-11-30 13:06:51,960 [5] INFO  App - 2017-11-30 13:06:51:655 请求 http://localhost:5625/Handlers/VerifyCode.ashx, IP地址 ::1, 耗时 0.2320 秒
2017-11-30 13:06:53,541 [5] INFO  App - 2017-11-30 13:06:53:513 请求 http://localhost:5625/__browserLink/requestData/01dbdc99627e440d83277b82ae7b9406?version=2, IP地址 ::1, 耗时 0.0730 秒
2017-11-30 13:07:07,063 [9] INFO  App - 更新数据，ID=1, Type=App.DAL.User, Data={"InUsed":true,....
2017-11-30 13:07:08,299 [9] INFO  App - 登录成功
2017-11-30 13:07:08,868 [9] INFO  App - 2017-11-30 13:07:08:840 请求 http://localhost:5625/WebCall.App.DAL.DbUser.axd/Login?userName=admin&password=admin&verifyCode=p2hc, IP地址 ::1, 耗时 4.0420 秒
2017-11-30 13:07:13,281 [10] INFO  App - 2017-11-30 13:07:13:254 请求 http://localhost:5625/admins/main.aspx, IP地址 ::1, 耗时 1.1540 秒
2017-11-30 13:07:17,177 [5] INFO  App - 2017-11-30 13:07:17:072 请求 http://localhost:5625/__browserLink/requestData/5909d00cc5dd495da1977f94c08362fc?version=2, IP地址 ::1, 耗时 0.0070 秒
2017-11-30 13:07:19,655 [9] INFO  App - 2017-11-30 13:07:19:557 请求 http://localhost:5625/admins/Welcome.aspx, IP地址 ::1, 耗时 3.6050 秒
2017-11-30 13:07:24,015 [9] INFO  App - 2017-11-30 13:07:23:988 请求 http://localhost:5625/__browserLink/requestData/10682ebfadae4cc28c4c65cf429e5853?version=2, IP地址 ::1, 耗时 0.0050 秒
2017-11-30 13:07:30,296 [9] INFO  App - 2017-11-30 13:07:30:266 请求 http://localhost:5625/admins/Articles.aspx, IP地址 ::1, 耗时 1.6300 秒
2017-11-30 13:07:31,760 [10] INFO  App - 2017-11-30 13:07:31:721 请求 http://localhost:5625/res/icon/system_new.gif, IP地址 ::1, 耗时 0.0020 秒
2017-11-30 13:07:31,863 [10] INFO  App - 2017-11-30 13:07:31:833 请求 http://localhost:5625/res/icon/eye.png, IP地址 ::1, 耗时 0.0000 秒
2017-11-30 13:07:32,818 [9] INFO  App - 2017-11-30 13:07:32:745 请求 http://localhost:5625/__browserLink/requestData/5e5afa5098064eebbc79e2fcb17d6df8?version=2, IP地址 ::1, 耗时 0.0020 秒
2017-11-30 13:07:40,122 [9] INFO  App - 2017-11-30 13:07:40:093 请求 http://localhost:5625/admins/ArticleForm.aspx?mode=edit&id=1, IP地址 ::1, 耗时 0.5590 秒
2017-11-30 13:07:41,974 [5] INFO  App - 2017-11-30 13:07:41:888 请求 http://localhost:5625/extjs/res/ext-theme-neptune/images/editor/tb-sprite.png, IP地址 ::1, 耗时 0.0000 秒
2017-11-30 13:07:42,057 [5] INFO  App - 2017-11-30 13:07:41:997 请求 http://localhost:5625/extjs/res/ext-theme-neptune/images/toolbar/footer-more.png, IP地址 ::1, 耗时 0.0000 秒
2017-11-30 13:07:42,350 [9] INFO  App - 2017-11-30 13:07:41:893 请求 http://localhost:5625/extjs/res/ext-theme-neptune/images/button/plain-toolbar-small-arrow.png, IP地址 ::1, 耗时 0.0000 秒
2017-11-30 13:07:43,162 [10] INFO  App - 2017-11-30 13:07:43:134 请求 http://localhost:5625/Admins/Resources.aspx?cate=Article&key=Article-1, IP地址 ::1, 耗时 1.2290 秒
2017-11-30 13:07:45,138 [9] INFO  App - 2017-11-30 13:07:45:058 请求 http://localhost:5625/Files/Article/201708231442549402764_鸽子.png, IP地址 ::1, 耗时 0.0000 秒
2017-11-30 13:07:45,183 [5] INFO  App - 2017-11-30 13:07:45:143 请求 http://localhost:5625/Files/Article/201708231443145122740_花卉.png, IP地址 ::1, 耗时 0.0000 秒
2017-11-30 13:07:46,023 [9] INFO  App - 2017-11-30 13:07:45:995 请求 http://localhost:5625/__browserLink/requestData/48a55ac40e954986a44fb076bc200c65?version=2, IP地址 ::1, 耗时 0.0010 秒
2017-11-30 13:07:46,411 [9] INFO  App - 2017-11-30 13:07:46:341 请求 http://localhost:5625/__browserLink/requestData/95285fb7f6284c80ad993fc9e4bac123?version=2, IP地址 ::1, 耗时 0.0010 秒
2017-11-30 13:07:46,439 [10] INFO  App - 2017-11-30 13:07:46:411 请求 http://localhost:5625/admins/main.aspx, IP地址 ::1, 耗时 0.1180 秒
2017-11-30 13:07:47,178 [9] INFO  App - 2017-11-30 13:07:47:030 请求 http://localhost:5625/extjs/res/ext-theme-neptune/images/loadmask/loading.gif, IP地址 ::1, 耗时 0.0000 秒
2017-11-30 13:07:54,073 [9] INFO  App - 2017-11-30 13:07:54:044 请求 http://localhost:5625/admins/Articles.aspx, IP地址 ::1, 耗时 0.8330 秒
2017-11-30 13:08:19,181 [10] INFO  App - 2017-11-30 13:08:19:140 请求 http://localhost:5625/admins/Logs.aspx, IP地址 ::1, 耗时 1.5580 秒
2017-11-30 13:08:22,704 [9] INFO  App - 2017-11-30 13:08:22:618 请求 http://localhost:5625/__browserLink/requestData/b0163c9a70fd4f55b388882dd29c239a?version=2, IP地址 ::1, 耗时 0.0030 秒
2017-11-30 13:09:06,466 [9] INFO  App - 2017-11-30 13:09:06:433 请求 http://localhost:5625/admins/LogForm.aspx?id=2198&mode=view, IP地址 ::1, 耗时 42.2980 秒
2017-11-30 13:09:08,125 [9] INFO  App - 2017-11-30 13:09:08:097 请求 http://localhost:5625/__browserLink/requestData/a1840306496d489c8d7d1242ebc603fc?version=2, IP地址 ::1, 耗时 0.0010 秒
2017-11-30 13:09:27,870 [15] INFO  App - 2017-11-30 13:09:27:832 请求 http://localhost:5625/admins/Logs.aspx, IP地址 ::1, 耗时 0.8520 秒
2017-11-30 13:15:23,938 [9] INFO  App - 2017-11-30 13:15:23:890 请求 http://localhost:5625/admins/LogForm.aspx?id=2195&mode=view, IP地址 ::1, 耗时 288.2300 秒
2017-11-30 13:15:27,544 [9] INFO  App - 2017-11-30 13:15:27:350 请求 http://localhost:5625/__browserLink/requestData/cc84b1850f0c4ac09e88762cc833fd4f?version=2, IP地址 ::1, 耗时 0.0050 秒
2017-11-30 13:15:49,362 [9] INFO  App - 2017-11-30 13:15:49:331 请求 http://localhost:5625/admins/Logs.aspx, IP地址 ::1, 耗时 0.8350 秒
2017-11-30 13:31:49,283 [1] INFO  App - Start
2017-11-30 13:31:49,299 [1] INFO  App - ==== Application_Start ====
2017-11-30 13:32:05,463 [6] INFO  App - 2017-11-30 13:32:05:435 请求 http://localhost:5625/Admins/Main.aspx, IP地址 ::1, 耗时 1.7910 秒
2017-11-30 13:32:10,711 [5] INFO  App - 2017-11-30 13:32:10:684 请求 http://localhost:5625/admins/Welcome.aspx, IP地址 ::1, 耗时 3.3910 秒
2017-11-30 13:32:15,035 [5] INFO  App - 2017-11-30 13:32:14:857 请求 http://localhost:5625/__browserLink/requestData/f5cbd0a7c6fb4191967874867c011101?version=2, IP地址 ::1, 耗时 0.1280 秒
2017-11-30 13:32:15,352 [6] INFO  App - 2017-11-30 13:32:15:322 请求 http://localhost:5625/__browserLink/requestData/6441ecfe8caa49d18c366589b06d0670?version=2, IP地址 ::1, 耗时 0.0100 秒
2017-11-30 13:32:37,869 [8] INFO  App - 2017-11-30 13:32:37:842 请求 http://localhost:5625/Admins/Main.aspx, IP地址 ::1, 耗时 0.0950 秒
2017-11-30 13:34:29,303 [8] INFO  App - 2017-11-30 13:34:29:273 请求 http://localhost:5625/admins/Logs.aspx, IP地址 ::1, 耗时 2.0000 秒
2017-11-30 13:34:33,409 [8] INFO  App - 2017-11-30 13:34:33:369 请求 http://localhost:5625/__browserLink/requestData/5bc811e1178445c6bc692849c48d26ca?version=2, IP地址 ::1, 耗时 0.0050 秒
2017-11-30 13:34:57,904 [10] INFO  App - 2017-11-30 13:34:57:875 请求 http://localhost:5625/admins/LogForm.aspx?id=2197&mode=view, IP地址 ::1, 耗时 23.3080 秒
2017-11-30 13:35:00,409 [8] INFO  App - 2017-11-30 13:35:00:120 请求 http://localhost:5625/__browserLink/requestData/dec3634551884b6e8aee5c07bc4fd874?version=2, IP地址 ::1, 耗时 0.0040 秒
2017-11-30 14:08:48,643 [1] INFO  App - Start
2017-11-30 14:08:48,657 [1] INFO  App - ==== Application_Start ====
2017-11-30 14:09:05,618 [6] INFO  App - 2017-11-30 14:09:05:587 请求 http://localhost:5625/Admins/Main.aspx, IP地址 ::1, 耗时 1.7830 秒
2017-11-30 14:09:11,802 [5] INFO  App - 2017-11-30 14:09:11:774 请求 http://localhost:5625/admins/Welcome.aspx, IP地址 ::1, 耗时 3.8240 秒
2017-11-30 14:09:16,312 [5] INFO  App - 2017-11-30 14:09:16:248 请求 http://localhost:5625/__browserLink/requestData/1f6b7b2979f94ac790a1f3e7d5e8a54a?version=2, IP地址 ::1, 耗时 0.1030 秒
2017-11-30 14:09:16,368 [8] INFO  App - 2017-11-30 14:09:16:331 请求 http://localhost:5625/__browserLink/requestData/c96e65a1cc8d48a687066bc6d3a4d5c4?version=2, IP地址 ::1, 耗时 0.0070 秒
2017-11-30 14:09:38,547 [6] INFO  App - 2017-11-30 14:09:38:518 请求 http://localhost:5625/Admins/Main.aspx, IP地址 ::1, 耗时 0.0990 秒
2017-11-30 14:09:47,164 [6] INFO  App - 2017-11-30 14:09:47:132 请求 http://localhost:5625/admins/Logs.aspx, IP地址 ::1, 耗时 1.5990 秒
2017-11-30 14:09:49,656 [8] INFO  App - 2017-11-30 14:09:49:618 请求 http://localhost:5625/__browserLink/requestData/feb0b61dd99c41bbb7a7211a1ad224d2?version=2, IP地址 ::1, 耗时 0.0130 秒
2017-11-30 14:10:21,084 [6] INFO  App - 2017-11-30 14:10:21:049 请求 http://localhost:5625/admins/LogForm.aspx?id=2195&mode=view, IP地址 ::1, 耗时 29.6290 秒
2017-11-30 14:10:23,578 [5] INFO  App - 2017-11-30 14:10:23:516 请求 http://localhost:5625/__browserLink/requestData/2a1d904400fe4b12a6530622ac118b97?version=2, IP地址 ::1, 耗时 0.0040 秒
2017-11-30 17:03:22,925 [1] INFO  App - Start
2017-11-30 17:03:22,940 [1] INFO  App - ==== Application_Start ====
2017-11-30 17:03:44,741 [7] INFO  App - 2017-11-30 17:03:44:684 请求 http://localhost:5625/Admins/Main.aspx, IP地址 ::1, 耗时 2.1920 秒
2017-11-30 17:03:52,324 [5] INFO  App - 2017-11-30 17:03:52:266 请求 http://localhost:5625/__browserLink/requestData/25755da878734892acad1ebed5cab9dc?version=2, IP地址 ::1, 耗时 0.1650 秒
2017-11-30 17:03:53,909 [6] INFO  App - 2017-11-30 17:03:53:878 请求 http://localhost:5625/admins/Welcome.aspx, IP地址 ::1, 耗时 4.9430 秒
2017-11-30 17:03:59,028 [5] INFO  App - 2017-11-30 17:03:58:998 请求 http://localhost:5625/__browserLink/requestData/6e386425a92c447591efee52baad94cc?version=2, IP地址 ::1, 耗时 0.0020 秒
2017-11-30 17:04:19,834 [5] INFO  App - 2017-11-30 17:04:19:773 请求 http://localhost:5625/Admins/Main.aspx, IP地址 ::1, 耗时 0.0900 秒
2017-11-30 17:08:48,652 [12] INFO  App - 2017-11-30 17:08:48:597 请求 http://localhost:5625/admins/Logs.aspx, IP地址 ::1, 耗时 1.8250 秒
2017-11-30 17:08:51,568 [12] INFO  App - 2017-11-30 17:08:51:537 请求 http://localhost:5625/__browserLink/requestData/21d87af54d4846fd8b279c52f76c486f?version=2, IP地址 ::1, 耗时 0.0020 秒
2017-11-30 17:09:00,090 [15] INFO  App - 2017-11-30 17:09:00:063 请求 http://localhost:5625/admins/LogForm.aspx?id=2195&mode=view, IP地址 ::1, 耗时 0.5610 秒
2017-11-30 17:09:02,037 [12] INFO  App - 2017-11-30 17:09:02:032 请求 http://localhost:5625/__browserLink/requestData/93db7ef7ba334707822f67042cf3a62b?version=2, IP地址 ::1, 耗时 0.0020 秒
2017-11-30 17:09:31,045 [15] INFO  App - 2017-11-30 17:09:31:019 请求 http://localhost:5625/admins/Logs.aspx, IP地址 ::1, 耗时 1.2310 秒
2017-11-30 17:09:34,355 [12] INFO  App - 2017-11-30 17:09:34:327 请求 http://localhost:5625/admins/LogForm.aspx?id=2195&mode=view, IP地址 ::1, 耗时 0.3400 秒
2017-11-30 17:09:36,685 [12] INFO  App - 2017-11-30 17:09:36:642 请求 http://localhost:5625/__browserLink/requestData/5264bc2c29394608b7f406866f160b89?version=2, IP地址 ::1, 耗时 0.0040 秒
2017-11-30 17:09:38,619 [12] INFO  App - 2017-11-30 17:09:38:591 请求 http://localhost:5625/admins/Logs.aspx, IP地址 ::1, 耗时 1.1970 秒
2017-11-30 17:09:41,991 [18] INFO  App - 2017-11-30 17:09:41:965 请求 http://localhost:5625/admins/LogForm.aspx?id=2195&mode=view, IP地址 ::1, 耗时 0.3080 秒
2017-11-30 17:09:43,874 [18] INFO  App - 2017-11-30 17:09:43:816 请求 http://localhost:5625/__browserLink/requestData/c2d80856036a4403a167ce1a4679c60d?version=2, IP地址 ::1, 耗时 0.0010 秒
2017-11-30 17:09:47,781 [12] INFO  App - 2017-11-30 17:09:47:754 请求 http://localhost:5625/admins/Logs.aspx, IP地址 ::1, 耗时 0.9260 秒
2017-11-30 17:09:55,192 [12] INFO  App - 2017-11-30 17:09:55:162 请求 http://localhost:5625/Admins/logform.aspx?id=2195, IP地址 ::1, 耗时 0.3070 秒
2017-11-30 17:09:57,776 [15] INFO  App - 2017-11-30 17:09:57:749 请求 http://localhost:5625/__browserLink/requestData/b536bb53241f4e799f1a2419b89bb9dc?version=2, IP地址 ::1, 耗时 0.0010 秒
2017-11-30 17:10:09,576 [15] INFO  App - 2017-11-30 17:10:09:536 请求 http://localhost:5625/Admins/logform.aspx?id=2195&mode=edit, IP地址 ::1, 耗时 0.3710 秒
2017-11-30 17:10:11,704 [18] INFO  App - 2017-11-30 17:10:11:674 请求 http://localhost:5625/__browserLink/requestData/1424cf5ea523400b8e5a9d42583d2207?version=2, IP地址 ::1, 耗时 0.0010 秒
2017-11-30 17:10:22,311 [15] INFO  App - 2017-11-30 17:10:22:254 请求 http://localhost:5625/admins/Welcome.aspx, IP地址 ::1, 耗时 3.3480 秒
2017-11-30 17:10:26,675 [15] INFO  App - 2017-11-30 17:10:26:638 请求 http://localhost:5625/__browserLink/requestData/fcddeb0e015a42269881ccf63f6f403a?version=2, IP地址 ::1, 耗时 0.0100 秒
2017-11-30 17:10:49,498 [16] INFO  App - 2017-11-30 17:10:49:469 请求 http://localhost:5625/Admins/Main.aspx, IP地址 ::1, 耗时 0.2830 秒
2017-11-30 18:23:09,340 [1] INFO  App - Start
2017-11-30 18:23:09,377 [1] INFO  App - ==== Application_Start ====
2017-11-30 18:23:31,781 [5] INFO  App - 2017-11-30 18:23:31:687 请求 http://localhost:5625/Admins/Main.aspx, IP地址 ::1, 耗时 2.5480 秒
2017-11-30 18:23:41,617 [8] INFO  App - 2017-11-30 18:23:41:326 请求 http://localhost:5625/__browserLink/requestData/bacdeb6731284402a598a19bfee50734?version=2, IP地址 ::1, 耗时 0.3500 秒
2017-11-30 18:23:42,849 [5] INFO  App - 2017-11-30 18:23:42:823 请求 http://localhost:5625/admins/Welcome.aspx, IP地址 ::1, 耗时 5.8210 秒
2017-11-30 18:23:48,452 [8] INFO  App - 2017-11-30 18:23:48:359 请求 http://localhost:5625/__browserLink/requestData/a0ac2da85062486b91295e8a354165cf?version=2, IP地址 ::1, 耗时 0.0040 秒
2017-11-30 18:24:07,603 [5] INFO  App - 2017-11-30 18:24:07:572 请求 http://localhost:5625/Admins/Main.aspx, IP地址 ::1, 耗时 0.1090 秒
2017-11-30 18:24:17,953 [5] INFO  App - 2017-11-30 18:24:17:911 请求 http://localhost:5625/Fits/Stores.aspx, IP地址 ::1, 耗时 1.0690 秒
2017-11-30 18:24:19,609 [6] INFO  App - 2017-11-30 18:24:19:579 请求 http://localhost:5625/Files/Stores/201710270933362613158-defaultClass.png, IP地址 ::1, 耗时 0.0020 秒
2017-11-30 18:24:19,659 [5] INFO  App - 2017-11-30 18:24:19:608 请求 http://localhost:5625/Files/Stores/201710261529243755778-TB2iEE1wl8lpuFjy0FnXXcZyXXa_!!0-rate.jpg_400x400.jpg, IP地址 ::1, 耗时 0.0310 秒
2017-11-30 18:24:20,452 [6] INFO  App - 2017-11-30 18:24:20:423 请求 http://localhost:5625/__browserLink/requestData/1141b2ce1c214afba352488a83166a93?version=2, IP地址 ::1, 耗时 0.0010 秒
2017-11-30 18:24:26,967 [5] INFO  App - 2017-11-30 18:24:26:940 请求 http://localhost:5625/Fits/StoreForm.aspx?mode=edit&id=1, IP地址 ::1, 耗时 0.8660 秒
2017-11-30 18:24:28,501 [5] INFO  App - 2017-11-30 18:24:28:288 请求 http://localhost:5625/Res/js/bmap.js, IP地址 ::1, 耗时 0.0000 秒
2017-11-30 18:24:31,194 [6] INFO  App - 2017-11-30 18:24:31:165 请求 http://localhost:5625/__browserLink/requestData/caa2420476ac4b10a44211363060aa64?version=2, IP地址 ::1, 耗时 0.0020 秒
2017-11-30 18:24:42,263 [6] INFO  App - 2017-11-30 18:24:42:234 请求 http://localhost:5625/Fits/Stores.aspx, IP地址 ::1, 耗时 1.0250 秒
2017-11-30 18:24:45,600 [6] INFO  App - 2017-11-30 18:24:45:572 请求 http://localhost:5625/Fits/StoreForm.aspx?mode=edit&id=2, IP地址 ::1, 耗时 0.3380 秒
2017-11-30 18:24:49,815 [8] INFO  App - 2017-11-30 18:24:49:787 请求 http://localhost:5625/Fits/Stores.aspx, IP地址 ::1, 耗时 0.7380 秒
2017-11-30 18:24:50,942 [6] INFO  App - 2017-11-30 18:24:50:915 请求 http://localhost:5625/Fits/SignIn.aspx, IP地址 ::1, 耗时 0.2760 秒
2017-11-30 18:24:53,548 [6] INFO  App - 2017-11-30 18:24:53:519 请求 http://localhost:5625/__browserLink/requestData/0133064eca5e41f58be871f6e62011d8?version=2, IP地址 ::1, 耗时 0.0010 秒
2017-11-30 18:25:01,104 [8] INFO  App - 更新数据，ID=39, Type=App.DAL.FitUserCard, Data={"Name"....
2017-11-30 18:25:08,006 [8] INFO  App - 2017-11-30 18:25:07:946 请求 http://localhost:5625/Fits/SignIn.aspx, IP地址 ::1, 耗时 9.0550 秒
2017-11-30 18:25:08,372 [6] INFO  App - 2017-11-30 18:25:08:342 请求 http://localhost:5625/Files/Users/201711051628106851870-TB2iEE1wl8lpuFjy0FnXXcZyXXa_!!0-rate.jpg_400x400.jpg, IP地址 ::1, 耗时 0.0000 秒
2017-11-30 19:43:32,321 [1] INFO  App - Start
2017-11-30 19:43:32,334 [1] INFO  App - ==== Application_Start ====
2017-11-30 19:43:43,561 [8] INFO  App - 2017-11-30 19:43:43:532 请求 http://localhost:5625/Admins/Main.aspx, IP地址 ::1, 耗时 1.5190 秒
2017-11-30 19:43:44,488 [5] INFO  App - 2017-11-30 19:43:44:450 请求 http://localhost:5625/extjs/res/theme-neptune.css?v6.0.3, IP地址 ::1, 耗时 0.0010 秒
2017-11-30 19:43:44,515 [7] INFO  App - 2017-11-30 19:43:44:451 请求 http://localhost:5625/extjs/res/ext-theme-neptune/theme-neptune-all_2.css?v6.0.3, IP地址 ::1, 耗时 0.0010 秒
2017-11-30 19:43:44,556 [8] INFO  App - 2017-11-30 19:43:44:487 请求 http://localhost:5625/extjs/res/ext-theme-neptune/theme-neptune-all_1.css?v6.0.3, IP地址 ::1, 耗时 0.0000 秒
2017-11-30 19:43:44,596 [7] INFO  App - 2017-11-30 19:43:44:557 请求 http://localhost:5625/res/loading/_3/ffffff_444444.gif, IP地址 ::1, 耗时 0.0000 秒
2017-11-30 19:43:44,645 [5] INFO  App - 2017-11-30 19:43:44:556 请求 http://localhost:5625/extjs/ext-all.js?v6.0.3, IP地址 ::1, 耗时 0.0000 秒
2017-11-30 19:43:44,693 [8] INFO  App - 2017-11-30 19:43:44:635 请求 http://localhost:5625/res/css/main.css, IP地址 ::1, 耗时 0.0000 秒
2017-11-30 19:43:44,730 [5] INFO  App - 2017-11-30 19:43:44:693 请求 http://localhost:5625/extjs/res/ext-theme-neptune/theme-neptune.js?v6.0.3, IP地址 ::1, 耗时 0.0000 秒
2017-11-30 19:43:44,820 [8] INFO  App - 2017-11-30 19:43:44:728 请求 http://localhost:5625/extjs/lang/zh_CN.js?v6.0.3, IP地址 ::1, 耗时 0.0000 秒
2017-11-30 19:43:44,851 [7] INFO  App - 2017-11-30 19:43:44:637 请求 http://localhost:5625/extjs/ext-fineui.js?v6.0.3, IP地址 ::1, 耗时 0.0000 秒
2017-11-30 19:43:46,156 [5] INFO  App - 2017-11-30 19:43:46:147 请求 http://localhost:5625/res/images/barbg.jpg, IP地址 ::1, 耗时 0.0000 秒
2017-11-30 19:43:46,189 [8] INFO  App - 2017-11-30 19:43:46:159 请求 http://localhost:5625/res/icon/cross.png, IP地址 ::1, 耗时 0.0000 秒
2017-11-30 19:43:46,279 [7] INFO  App - 2017-11-30 19:43:46:153 请求 http://localhost:5625/res/icon/reload.png, IP地址 ::1, 耗时 0.0000 秒
2017-11-30 19:43:46,345 [8] INFO  App - 2017-11-30 19:43:46:245 请求 http://localhost:5625/extjs/res/ext-theme-neptune/images/button/default-small-arrow.png, IP地址 ::1, 耗时 0.0000 秒
2017-11-30 19:43:46,379 [7] INFO  App - 2017-11-30 19:43:46:313 请求 http://localhost:5625/res/icon/arrow_out.png, IP地址 ::1, 耗时 0.0000 秒
2017-11-30 19:43:46,424 [5] INFO  App - 2017-11-30 19:43:46:193 请求 http://localhost:5625/res/icon/help.png, IP地址 ::1, 耗时 0.0000 秒
2017-11-30 19:43:46,449 [5] INFO  App - 2017-11-30 19:43:46:429 请求 http://localhost:5625/extjs/res/ext-theme-neptune/images/tools/tool-sprites.png, IP地址 ::1, 耗时 0.0000 秒
2017-11-30 19:43:46,499 [7] INFO  App - 2017-11-30 19:43:46:385 请求 http://localhost:5625/res/icon/door_out.png, IP地址 ::1, 耗时 0.0000 秒
2017-11-30 19:43:46,676 [7] INFO  App - 2017-11-30 19:43:46:557 请求 http://localhost:5625/extjs/res/ext-theme-neptune/images/tab-bar/default-scroll-left.png, IP地址 ::1, 耗时 0.0000 秒
2017-11-30 19:43:46,804 [7] INFO  App - 2017-11-30 19:43:46:709 请求 http://localhost:5625/res/icon/house.png, IP地址 ::1, 耗时 0.0000 秒
2017-11-30 19:43:46,970 [7] INFO  App - 2017-11-30 19:43:46:912 请求 http://localhost:5625/extjs/res/ext-theme-neptune/images/tab/tab-default-close.png, IP地址 ::1, 耗时 0.0000 秒
2017-11-30 19:43:47,066 [7] INFO  App - 2017-11-30 19:43:46:979 请求 http://localhost:5625/extjs/res/ext-theme-neptune/images/tab-bar/default-scroll-right.png, IP地址 ::1, 耗时 0.0000 秒
2017-11-30 19:43:47,133 [7] INFO  App - 2017-11-30 19:43:47:082 请求 http://localhost:5625/res/icon/page.png, IP地址 ::1, 耗时 0.0000 秒
2017-11-30 19:43:47,259 [5] INFO  App - 2017-11-30 19:43:46:461 请求 http://localhost:5625/extjs/res/ext-theme-neptune/images/util/splitter/mini-left.png, IP地址 ::1, 耗时 0.0000 秒
2017-11-30 19:43:47,296 [7] INFO  App - 2017-11-30 19:43:47:140 请求 http://localhost:5625/extjs/res/ext-theme-neptune/images/tree/arrows.png, IP地址 ::1, 耗时 0.0000 秒
2017-11-30 19:43:47,372 [5] INFO  App - 2017-11-30 19:43:47:297 请求 http://localhost:5625/res/icon/folder.png, IP地址 ::1, 耗时 0.0000 秒
2017-11-30 19:43:48,786 [7] INFO  App - 2017-11-30 19:43:48:758 请求 http://localhost:5625/__browserLink/requestData/4ab78e67fa974198a4fd81fb90fc22e2?version=2, IP地址 ::1, 耗时 0.0630 秒
2017-11-30 19:43:50,606 [8] INFO  App - 2017-11-30 19:43:50:580 请求 http://localhost:5625/admins/Welcome.aspx, IP地址 ::1, 耗时 4.1830 秒
2017-11-30 19:43:51,090 [7] INFO  App - 2017-11-30 19:43:51:062 请求 http://localhost:5625/res/js/echarts.min.js, IP地址 ::1, 耗时 0.0000 秒
2017-11-30 19:43:53,367 [8] INFO  App - 2017-11-30 19:43:53:340 请求 http://localhost:5625/__browserLink/requestData/6b1a7d8d16fb45bfa531ff377d9c275a?version=2, IP地址 ::1, 耗时 0.0010 秒
2017-11-30 19:44:16,622 [8] INFO  App - 2017-11-30 19:44:16:595 请求 http://localhost:5625/Admins/Main.aspx, IP地址 ::1, 耗时 0.0350 秒
2017-11-30 19:45:16,753 [8] INFO  App - 2017-11-30 19:45:16:721 请求 http://localhost:5625/WeiXin/LowFit/Me.aspx, IP地址 ::1, 耗时 26.1470 秒
2017-11-30 19:45:17,350 [7] INFO  App - 2017-11-30 19:45:17:307 请求 http://localhost:5625/Res/css/jquery-weui.min.css, IP地址 ::1, 耗时 0.0000 秒
2017-11-30 19:45:17,405 [8] INFO  App - 2017-11-30 19:45:17:310 请求 http://localhost:5625/Res/css/weui.min.css, IP地址 ::1, 耗时 0.0000 秒
2017-11-30 19:45:17,438 [7] INFO  App - 2017-11-30 19:45:17:383 请求 http://localhost:5625/Res/js/jquery.min.js, IP地址 ::1, 耗时 0.0000 秒
2017-11-30 19:45:17,507 [8] INFO  App - 2017-11-30 19:45:17:442 请求 http://localhost:5625/Res/js/jquery-weui.min.js, IP地址 ::1, 耗时 0.0000 秒
2017-11-30 19:45:17,542 [9] INFO  App - 2017-11-30 19:45:17:491 请求 http://localhost:5625/Res/Images/defaultUser.png, IP地址 ::1, 耗时 0.0000 秒
2017-11-30 19:45:17,573 [11] INFO  App - 2017-11-30 19:45:17:525 请求 http://localhost:5625/Res/WeiXin/image/myClass.png, IP地址 ::1, 耗时 0.0000 秒
2017-11-30 19:45:17,611 [9] INFO  App - 2017-11-30 19:45:17:569 请求 http://localhost:5625/Res/WeiXin/image/icon022.png, IP地址 ::1, 耗时 0.0000 秒
2017-11-30 19:45:17,645 [12] INFO  App - 2017-11-30 19:45:17:565 请求 http://localhost:5625/Res/WeiXin/image/icon024.png, IP地址 ::1, 耗时 0.0000 秒
2017-11-30 19:45:17,679 [16] INFO  App - 2017-11-30 19:45:17:624 请求 http://localhost:5625/Res/WeiXin/image/icon005.png, IP地址 ::1, 耗时 0.0000 秒
2017-11-30 19:45:17,726 [13] INFO  App - 2017-11-30 19:45:17:560 请求 http://localhost:5625/Res/WeiXin/image/icon017.png, IP地址 ::1, 耗时 0.0000 秒
2017-11-30 19:45:17,767 [11] INFO  App - 2017-11-30 19:45:17:678 请求 http://localhost:5625/Res/WeiXin/image/QRScan02.png, IP地址 ::1, 耗时 0.0000 秒
2017-11-30 19:45:17,798 [16] INFO  App - 2017-11-30 19:45:17:729 请求 http://localhost:5625/Res/WeiXin/image/icon007.png, IP地址 ::1, 耗时 0.0000 秒
2017-11-30 19:45:17,839 [7] INFO  App - 2017-11-30 19:45:17:506 请求 http://localhost:5625/Res/js/jquery.custom.js, IP地址 ::1, 耗时 0.0000 秒
2017-11-30 19:45:17,870 [9] INFO  App - 2017-11-30 19:45:17:800 请求 http://localhost:5625/Res/WeiXin/image/icon012.png, IP地址 ::1, 耗时 0.0000 秒
2017-11-30 19:45:17,905 [8] INFO  App - 2017-11-30 19:45:17:569 请求 http://localhost:5625/Res/WeiXin/image/wxScan.png, IP地址 ::1, 耗时 0.0000 秒
2017-11-30 19:45:17,958 [8] INFO  App - 2017-11-30 19:45:17:922 请求 http://localhost:5625/Res/WeiXin/image/me_Bg.png, IP地址 ::1, 耗时 0.0000 秒
2017-11-30 19:45:18,482 [13] INFO  App - 2017-11-30 19:45:18:389 请求 http://localhost:5625/__browserLink/requestData/886e5fd66624484e8504dc77ac8ab681?version=2, IP地址 ::1, 耗时 0.0050 秒
2017-11-30 19:45:36,904 [7] INFO  App - 2017-11-30 19:45:36:862 请求 http://localhost:5625/WeiXin/LowFit/index.aspx?type=Index, IP地址 ::1, 耗时 10.4640 秒
2017-11-30 19:45:38,266 [13] INFO  App - 2017-11-30 19:45:38:187 请求 http://localhost:5625/Res/WeiXin/css/style.css, IP地址 ::1, 耗时 0.0000 秒
2017-11-30 19:45:38,312 [7] INFO  App - 2017-11-30 19:45:38:267 请求 http://localhost:5625/Files/AppBanners/201711090001168617064-banner1.png, IP地址 ::1, 耗时 0.0000 秒
2017-11-30 19:45:38,397 [11] INFO  App - 2017-11-30 19:45:38:231 请求 http://localhost:5625/Files/AppBanners/201711090001284731567-banner-weibofit.png, IP地址 ::1, 耗时 0.0000 秒
2017-11-30 19:45:38,442 [12] INFO  App - 2017-11-30 19:45:38:231 请求 http://localhost:5625/Files/AppBanners/201711090001071027026-banner2.png, IP地址 ::1, 耗时 0.0000 秒
2017-11-30 19:45:38,499 [13] INFO  App - 2017-11-30 19:45:38:320 请求 http://localhost:5625/Files/Users/636396201176205158_cat.jpg, IP地址 ::1, 耗时 0.0000 秒
2017-11-30 19:45:38,559 [9] INFO  App - 2017-11-30 19:45:38:225 请求 http://localhost:5625/Res/js/swiper.min.js, IP地址 ::1, 耗时 0.0000 秒
2017-11-30 19:45:38,612 [8] INFO  App - 2017-11-30 19:45:38:265 请求 http://localhost:5625/Res/WeiXin/css/quick_layout.css, IP地址 ::1, 耗时 0.0000 秒
2017-11-30 19:45:38,645 [7] INFO  App - 2017-11-30 19:45:38:435 请求 http://localhost:5625/Res/WeiXin/image/icon002.png, IP地址 ::1, 耗时 0.0000 秒
2017-11-30 19:45:38,930 [11] INFO  App - 2017-11-30 19:45:38:452 请求 http://localhost:5625/Files/Users/636432292167317403_manage_r.gif, IP地址 ::1, 耗时 0.0000 秒
2017-11-30 19:45:39,306 [12] INFO  App - 2017-11-30 19:45:38:552 请求 http://localhost:5625/Files/Users/201711081019121372757-banner3.png, IP地址 ::1, 耗时 0.0000 秒
2017-11-30 19:45:39,359 [7] INFO  App - 2017-11-30 19:45:38:818 请求 http://localhost:5625/Files/Stores/201710270933362613158-defaultClass.png, IP地址 ::1, 耗时 0.0000 秒
2017-11-30 19:45:39,449 [11] INFO  App - 2017-11-30 19:45:39:256 请求 http://localhost:5625/Res/WeiXin/image/icon004.png, IP地址 ::1, 耗时 0.0000 秒
2017-11-30 19:45:39,570 [12] INFO  App - 2017-11-30 19:45:39:344 请求 http://localhost:5625/Files/Stores/201710261529243755778-TB2iEE1wl8lpuFjy0FnXXcZyXXa_!!0-rate.jpg_400x400.jpg, IP地址 ::1, 耗时 0.0000 秒
2017-11-30 19:45:39,617 [11] INFO  App - 2017-11-30 19:45:39:531 请求 http://localhost:5625/Res/WeiXin/image/icon008.png, IP地址 ::1, 耗时 0.0000 秒
2017-11-30 19:45:39,647 [7] INFO  App - 2017-11-30 19:45:39:440 请求 http://localhost:5625/Res/WeiXin/image/icon009.png, IP地址 ::1, 耗时 0.0000 秒
2017-11-30 19:45:40,131 [12] INFO  App - 2017-11-30 19:45:40:082 请求 http://localhost:5625/__browserLink/requestData/612d86a1a3404201a6b0890eb360dce4?version=2, IP地址 ::1, 耗时 0.0030 秒
2017-11-30 19:45:48,928 [11] INFO  App - 2017-11-30 19:45:48:901 请求 http://localhost:5625/WeiXin/LowFit/FitCards.aspx?type=FitCards, IP地址 ::1, 耗时 0.3910 秒
2017-11-30 19:45:49,378 [12] INFO  App - 2017-11-30 19:45:49:334 请求 http://localhost:5625/Files/Products/201710251535290181851-TB2XWLhtMxlpuFjSszbXXcSVpXa_!!0-rate.jpg_400x400.jpg, IP地址 ::1, 耗时 0.0000 秒
2017-11-30 19:45:49,452 [11] INFO  App - 2017-11-30 19:45:49:386 请求 http://localhost:5625/Files/Products/201710261601386837759-TB2pgcPaVT.F1JjSZFEXXc1TVXa_!!0-rate.jpg_400x400.jpg, IP地址 ::1, 耗时 0.0000 秒
2017-11-30 19:45:49,532 [12] INFO  App - 2017-11-30 19:45:49:451 请求 http://localhost:5625/Files/Products/201711062130449580779-defaultCard.png, IP地址 ::1, 耗时 0.0000 秒
2017-11-30 19:45:49,641 [11] INFO  App - 2017-11-30 19:45:49:531 请求 http://localhost:5625/Res/WeiXin/image/icon011.png, IP地址 ::1, 耗时 0.0000 秒
2017-11-30 19:45:49,877 [12] INFO  App - 2017-11-30 19:45:49:841 请求 http://localhost:5625/__browserLink/requestData/34cacf7f11334bd2b4e63683ee2f02de?version=2, IP地址 ::1, 耗时 0.0020 秒
2017-11-30 19:45:53,333 [12] INFO  App - 2017-11-30 19:45:53:306 请求 http://localhost:5625/WeiXin/LowFit/Me.aspx?type=Me, IP地址 ::1, 耗时 0.3310 秒
2017-11-30 19:45:54,047 [11] INFO  App - 2017-11-30 19:45:54:020 请求 http://localhost:5625/__browserLink/requestData/2ead1bf4d1bd42879130716131414ea1?version=2, IP地址 ::1, 耗时 0.0020 秒
2017-11-30 19:46:00,495 [11] INFO  App - 2017-11-30 19:46:00:467 请求 http://localhost:5625/WeiXin/LowFit/index.aspx?type=Index, IP地址 ::1, 耗时 1.2130 秒
2017-11-30 19:46:01,579 [7] INFO  App - 2017-11-30 19:46:01:550 请求 http://localhost:5625/__browserLink/requestData/ae760c75a87a45e582709a6c7ba3e74e?version=2, IP地址 ::1, 耗时 0.0060 秒
2017-11-30 19:46:02,426 [14] INFO  App - 2017-11-30 19:46:02:398 请求 http://localhost:5625/WeiXin/LowFit/FitCards.aspx?type=FitCards, IP地址 ::1, 耗时 0.3190 秒
2017-11-30 19:46:03,210 [11] INFO  App - 2017-11-30 19:46:03:183 请求 http://localhost:5625/__browserLink/requestData/af497cde44d5414a9612f22de92d8c5b?version=2, IP地址 ::1, 耗时 0.0020 秒
2017-11-30 19:46:12,364 [7] ERROR App - Application_Error: System.EventArgs
