2017-11-18 09:46:02,829 [1] INFO  App - Start
2017-11-18 09:46:02,842 [1] INFO  App - ==== Application_Start ====
2017-11-18 09:46:15,202 [5] INFO  App - 2017-11-18 09:46:15:172 请求 http://localhost:5625/Default.aspx, IP地址 ::1, 耗时 8.0610 秒
2017-11-18 09:46:16,661 [6] INFO  App - 2017-11-18 09:46:16:596 请求 http://localhost:5625/res/css/login.css, IP地址 ::1, 耗时 0.0020 秒
2017-11-18 09:46:16,868 [10] INFO  App - 2017-11-18 09:46:16:744 请求 http://localhost:5625/Handlers/VerifyCode.ashx, IP地址 ::1, 耗时 0.0840 秒
2017-11-18 09:46:16,941 [5] INFO  App - 2017-11-18 09:46:16:888 请求 http://localhost:5625/res/images/bg.jpg, IP地址 ::1, 耗时 0.0000 秒
2017-11-18 09:46:18,539 [5] INFO  App - 2017-11-18 09:46:18:501 请求 http://localhost:5625/__browserLink/requestData/9ce5bc03976b42f0bd4e790b3a94837b?version=2, IP地址 ::1, 耗时 0.0870 秒
2017-11-18 09:46:26,181 [5] INFO  App - 保存数据，ID=1, Type=App.DAL.User, Data={"InUsed":true,....
2017-11-18 09:46:27,209 [5] INFO  App - 登录成功
2017-11-18 09:46:27,746 [5] INFO  App - 2017-11-18 09:46:27:718 请求 http://localhost:5625/WebCall.App.DAL.DbUser.axd/Login?userName=admin&password=admin&verifyCode=xyha, IP地址 ::1, 耗时 2.9310 秒
2017-11-18 09:46:32,547 [6] INFO  App - 2017-11-18 09:46:32:520 请求 http://localhost:5625/admins/main.aspx, IP地址 ::1, 耗时 1.3290 秒
2017-11-18 09:46:35,977 [5] INFO  App - 2017-11-18 09:46:35:914 请求 http://localhost:5625/__browserLink/requestData/31e39f603acb46a6a9d55e1059bac201?version=2, IP地址 ::1, 耗时 0.0040 秒
2017-11-18 09:46:36,474 [6] INFO  App - 2017-11-18 09:46:36:447 请求 http://localhost:5625/admins/Welcome.aspx, IP地址 ::1, 耗时 1.8460 秒
2017-11-18 09:46:39,831 [5] INFO  App - 2017-11-18 09:46:39:802 请求 http://localhost:5625/__browserLink/requestData/93c7e3074f23471e8c38b1c8f2436a1a?version=2, IP地址 ::1, 耗时 0.0080 秒
2017-11-18 09:47:00,446 [10] INFO  App - 2017-11-18 09:47:00:417 请求 http://localhost:5625/Fits/Users.aspx?roleGroup=customer, IP地址 ::1, 耗时 14.3060 秒
2017-11-18 09:47:02,784 [5] INFO  App - 2017-11-18 09:47:02:738 请求 http://localhost:5625/Files/Users/201711082301338185514-banner2.png, IP地址 ::1, 耗时 0.0000 秒
2017-11-18 09:47:02,813 [10] INFO  App - 2017-11-18 09:47:02:783 请求 http://localhost:5625/Files/Users/201711080927158465985-banner2.png, IP地址 ::1, 耗时 0.0000 秒
2017-11-18 09:47:02,853 [10] INFO  App - 2017-11-18 09:47:02:818 请求 http://localhost:5625/Files/Users/201711051628110901360-TB2iEE1wl8lpuFjy0FnXXcZyXXa_!!0-rate.jpg_400x400.jpg, IP地址 ::1, 耗时 0.0000 秒
2017-11-18 09:47:02,916 [5] INFO  App - 2017-11-18 09:47:02:853 请求 http://localhost:5625/Files/Users/201711050106186009983-TB2NHZuriC9MuFjSZFoXXbUzFXa_!!0-rate.jpg_400x400.jpg, IP地址 ::1, 耗时 0.0000 秒
2017-11-18 09:47:03,003 [10] INFO  App - 2017-11-18 09:47:02:927 请求 http://localhost:5625/Files/Users/201711050057323840037-TB24txGabMlyKJjSZFAXXbkLXXa_!!0-rate.jpg_400x400.jpg, IP地址 ::1, 耗时 0.0000 秒
2017-11-18 09:47:03,080 [10] INFO  App - 2017-11-18 09:47:03:009 请求 http://localhost:5625/Files/Users/201711050121395787709-TB24txGabMlyKJjSZFAXXbkLXXa_!!0-rate.jpg_400x400.jpg, IP地址 ::1, 耗时 0.0000 秒
2017-11-18 09:47:03,134 [8] INFO  App - 2017-11-18 09:47:03:029 请求 http://localhost:5625/Files/Users/201711050056508939930-TB2iEE1wl8lpuFjy0FnXXcZyXXa_!!0-rate.jpg_400x400.jpg, IP地址 ::1, 耗时 0.0000 秒
2017-11-18 09:47:03,189 [10] INFO  App - 2017-11-18 09:47:03:094 请求 http://localhost:5625/Files/Users/201710271501565026094-defaultUser.png, IP地址 ::1, 耗时 0.0000 秒
2017-11-18 09:47:03,241 [5] INFO  App - 2017-11-18 09:47:02:962 请求 http://localhost:5625/Files/Users/201711050112257968980-TB2RoOwX1IPyuJjSspcXXXiApXa_!!0-rate.jpg_400x400.jpg, IP地址 ::1, 耗时 0.0000 秒
2017-11-18 09:47:03,867 [5] INFO  App - 2017-11-18 09:47:03:840 请求 http://localhost:5625/__browserLink/requestData/a984d7d43fa547d597f2c08db56b02b1?version=2, IP地址 ::1, 耗时 0.0020 秒
2017-11-18 09:47:05,211 [5] INFO  App - 2017-11-18 09:47:05:182 请求 http://localhost:5625/admins/main.aspx, IP地址 ::1, 耗时 0.1520 秒
2017-11-18 09:47:23,444 [5] INFO  App - 2017-11-18 09:47:23:418 请求 http://localhost:5625/Fits/UserCards.aspx?userId=20, IP地址 ::1, 耗时 1.3610 秒
2017-11-18 09:47:25,871 [5] INFO  App - 2017-11-18 09:47:25:840 请求 http://localhost:5625/__browserLink/requestData/04c0b9dd33b2403c89dd684cb83a956b?version=2, IP地址 ::1, 耗时 0.0020 秒
2017-11-18 09:49:40,128 [8] ERROR App - Application_Error: System.EventArgs
2017-11-18 09:49:51,168 [12] INFO  App - 2017-11-18 09:49:51:135 请求 http://localhost:5625/Fits/UserCards.aspx?userId=20, IP地址 ::1, 耗时 0.0230 秒
2017-11-18 09:49:52,594 [8] INFO  App - 2017-11-18 09:49:52:567 请求 http://localhost:5625/Fits/UserCardForm.aspx?mode=new&userid=20, IP地址 ::1, 耗时 0.9970 秒
2017-11-18 09:49:55,009 [13] INFO  App - 2017-11-18 09:49:54:980 请求 http://localhost:5625/__browserLink/requestData/eba8676ffcc0442faceb1cedfac473ae?version=2, IP地址 ::1, 耗时 0.0020 秒
2017-11-18 09:49:59,105 [14] INFO  App - 2017-11-18 09:49:59:078 请求 http://localhost:5625/Fits/UserCardForm.aspx?mode=new&userid=20, IP地址 ::1, 耗时 0.2840 秒
2017-11-18 09:49:59,640 [15] INFO  App - 2017-11-18 09:49:59:606 请求 http://localhost:5625/Fits/UserCardForm.aspx?mode=new&userid=20, IP地址 ::1, 耗时 0.0340 秒
2017-11-18 09:51:14,892 [12] INFO  App - 新增数据，ID=47, Type=App.DAL.Order, Data={"Sts":"New",....
2017-11-18 09:51:15,989 [12] INFO  App - 新增数据，ID=46, Type=App.DAL.OrderItem, Data={"OrderID....
2017-11-18 09:51:17,127 [12] INFO  App - 保存数据，ID=47, Type=App.DAL.Order, Data={"Sts":"New",....
2017-11-18 09:53:10,656 [1] INFO  App - Start
2017-11-18 09:53:10,673 [1] INFO  App - ==== Application_Start ====
2017-11-18 09:53:48,279 [6] INFO  App - 2017-11-18 09:53:48:237 请求 http://localhost:5625/Admins/Main.aspx, IP地址 ::1, 耗时 7.9960 秒
2017-11-18 09:54:06,651 [5] INFO  App - 2017-11-18 09:54:06:434 请求 http://localhost:5625/admins/Welcome.aspx, IP地址 ::1, 耗时 8.9400 秒
2017-11-18 09:54:26,733 [5] INFO  App - 2017-11-18 09:54:26:681 请求 http://localhost:5625/__browserLink/requestData/21ab92ffb3ba4ad7a8fc284ef0a75745?version=2, IP地址 ::1, 耗时 0.7310 秒
2017-11-18 09:54:28,044 [8] INFO  App - 2017-11-18 09:54:27:949 请求 http://localhost:5625/__browserLink/requestData/72babf2c8a994a4890610dae78beccab?version=2, IP地址 ::1, 耗时 0.0080 秒
2017-11-18 09:54:29,382 [5] INFO  App - 2017-11-18 09:54:29:299 请求 http://localhost:5625/Admins/Main.aspx, IP地址 ::1, 耗时 0.3010 秒
2017-11-18 09:55:40,655 [8] INFO  App - 2017-11-18 09:55:40:628 请求 http://localhost:5625/Fits/Users.aspx?roleGroup=customer, IP地址 ::1, 耗时 2.4820 秒
2017-11-18 09:55:43,339 [8] INFO  App - 2017-11-18 09:55:43:306 请求 http://localhost:5625/__browserLink/requestData/98c67503efb64aa3a117fb7f115df9f2?version=2, IP地址 ::1, 耗时 0.0010 秒
2017-11-18 09:55:48,204 [8] INFO  App - 2017-11-18 09:55:48:173 请求 http://localhost:5625/Fits/UserCards.aspx?userId=20, IP地址 ::1, 耗时 1.3940 秒
2017-11-18 09:55:50,204 [8] INFO  App - 2017-11-18 09:55:50:177 请求 http://localhost:5625/__browserLink/requestData/7e49d8e1d1a44da7a89e2831c220f1cc?version=2, IP地址 ::1, 耗时 0.0010 秒
2017-11-18 09:55:52,253 [6] INFO  App - 2017-11-18 09:55:52:225 请求 http://localhost:5625/Fits/UserCards.aspx?userId=20, IP地址 ::1, 耗时 0.0370 秒
2017-11-18 09:55:53,672 [9] INFO  App - 2017-11-18 09:55:53:645 请求 http://localhost:5625/Fits/UserCardForm.aspx?mode=new&userid=20, IP地址 ::1, 耗时 0.8000 秒
2017-11-18 09:55:55,925 [8] INFO  App - 2017-11-18 09:55:55:898 请求 http://localhost:5625/__browserLink/requestData/b5656fbd89664d8c8f55f9252ca9d6e6?version=2, IP地址 ::1, 耗时 0.0030 秒
2017-11-18 09:55:59,344 [8] INFO  App - 2017-11-18 09:55:59:309 请求 http://localhost:5625/Fits/UserCardForm.aspx?mode=new&userid=20, IP地址 ::1, 耗时 0.3100 秒
2017-11-18 09:55:59,795 [5] INFO  App - 2017-11-18 09:55:59:768 请求 http://localhost:5625/Fits/UserCardForm.aspx?mode=new&userid=20, IP地址 ::1, 耗时 0.0070 秒
2017-11-18 09:57:10,259 [9] INFO  App - 新增数据，ID=48, Type=App.DAL.Order, Data={"Sts":"New",....
2017-11-18 09:57:15,609 [9] INFO  App - 新增数据，ID=47, Type=App.DAL.OrderItem, Data={"OrderID....
2017-11-18 09:57:16,475 [9] INFO  App - 保存数据，ID=48, Type=App.DAL.Order, Data={"Sts":"New",....
2017-11-18 09:57:45,728 [9] INFO  App - 保存数据，ID=48, Type=App.DAL.Order, Data={"Sts":"Pay",....
2017-11-18 09:57:47,057 [9] INFO  App - 保存数据，ID=48, Type=App.DAL.Order, Data={"Sts":"Compl....
2017-11-18 10:03:36,626 [1] INFO  App - Start
2017-11-18 10:03:36,637 [1] INFO  App - ==== Application_Start ====
2017-11-18 10:03:49,423 [8] INFO  App - 2017-11-18 10:03:49:395 请求 http://localhost:5625/Admins/Main.aspx, IP地址 ::1, 耗时 1.5900 秒
2017-11-18 10:03:52,201 [5] INFO  App - 2017-11-18 10:03:52:172 请求 http://localhost:5625/admins/Welcome.aspx, IP地址 ::1, 耗时 1.5080 秒
2017-11-18 10:03:55,445 [5] INFO  App - 2017-11-18 10:03:55:379 请求 http://localhost:5625/__browserLink/requestData/cc02f5e476fb46939f582b28c2c1f97e?version=2, IP地址 ::1, 耗时 0.1030 秒
2017-11-18 10:03:55,512 [8] INFO  App - 2017-11-18 10:03:55:482 请求 http://localhost:5625/__browserLink/requestData/8a13ad5c8e0a47cfa51dcab90dc46037?version=2, IP地址 ::1, 耗时 0.0060 秒
2017-11-18 10:04:03,045 [7] INFO  App - 2017-11-18 10:04:03:014 请求 http://localhost:5625/Fits/Users.aspx?roleGroup=customer, IP地址 ::1, 耗时 2.5080 秒
2017-11-18 10:04:05,382 [5] INFO  App - 2017-11-18 10:04:05:353 请求 http://localhost:5625/__browserLink/requestData/d76cfeb6ff0b411ead0a4ebc430ce213?version=2, IP地址 ::1, 耗时 0.0040 秒
2017-11-18 10:04:09,345 [5] INFO  App - 2017-11-18 10:04:09:318 请求 http://localhost:5625/Fits/UserCards.aspx?userId=20, IP地址 ::1, 耗时 1.3030 秒
2017-11-18 10:04:11,737 [5] INFO  App - 2017-11-18 10:04:11:708 请求 http://localhost:5625/__browserLink/requestData/8ac734b1404c47e59dc73728ffbbc411?version=2, IP地址 ::1, 耗时 0.0020 秒
2017-11-18 10:04:13,734 [5] INFO  App - 2017-11-18 10:04:13:707 请求 http://localhost:5625/Fits/UserCards.aspx?userId=20, IP地址 ::1, 耗时 0.0780 秒
2017-11-18 10:04:14,989 [7] INFO  App - 2017-11-18 10:04:14:928 请求 http://localhost:5625/Fits/UserCardForm.aspx?mode=new&userid=20, IP地址 ::1, 耗时 0.7700 秒
2017-11-18 10:04:16,953 [5] INFO  App - 2017-11-18 10:04:16:908 请求 http://localhost:5625/__browserLink/requestData/6e64bb6331cf4342b4af14ba56f7fb79?version=2, IP地址 ::1, 耗时 0.0020 秒
2017-11-18 10:04:20,048 [7] INFO  App - 2017-11-18 10:04:20:020 请求 http://localhost:5625/Fits/UserCardForm.aspx?mode=new&userid=20, IP地址 ::1, 耗时 0.2610 秒
2017-11-18 10:04:20,459 [7] INFO  App - 2017-11-18 10:04:20:410 请求 http://localhost:5625/Fits/UserCardForm.aspx?mode=new&userid=20, IP地址 ::1, 耗时 0.0210 秒
2017-11-18 10:04:20,888 [7] INFO  App - 2017-11-18 10:04:20:861 请求 http://localhost:5625/Admins/Main.aspx, IP地址 ::1, 耗时 0.0270 秒
2017-11-18 10:04:30,632 [7] INFO  App - 新增数据，ID=49, Type=App.DAL.Order, Data={"Sts":"New",....
2017-11-18 10:04:31,570 [7] INFO  App - 新增数据，ID=48, Type=App.DAL.OrderItem, Data={"OrderID....
2017-11-18 10:04:32,510 [7] INFO  App - 保存数据，ID=49, Type=App.DAL.Order, Data={"Sts":"New",....
2017-11-18 10:04:42,179 [7] INFO  App - 保存数据，ID=49, Type=App.DAL.Order, Data={"Sts":"Pay",....
2017-11-18 10:04:43,728 [7] INFO  App - 保存数据，ID=49, Type=App.DAL.Order, Data={"Sts":"Compl....
2017-11-18 10:05:52,683 [7] INFO  App - 新增数据，ID=34, Type=App.DAL.FitUserCard, Data={"Name"....
2017-11-18 10:08:10,029 [1] INFO  App - Start
2017-11-18 10:08:10,149 [1] INFO  App - ==== Application_Start ====
2017-11-18 10:09:40,880 [8] INFO  App - 2017-11-18 10:09:40:748 请求 http://localhost:5625/Admins/Main.aspx, IP地址 ::1, 耗时 7.4540 秒
2017-11-18 10:09:57,231 [5] INFO  App - 2017-11-18 10:09:57:152 请求 http://localhost:5625/admins/Welcome.aspx, IP地址 ::1, 耗时 6.9090 秒
2017-11-18 10:10:00,690 [5] INFO  App - 2017-11-18 10:10:00:660 请求 http://localhost:5625/__browserLink/requestData/4ad592976d354f12b9ff723aec06d7ea?version=2, IP地址 ::1, 耗时 0.0910 秒
2017-11-18 10:10:05,328 [9] INFO  App - 2017-11-18 10:10:05:280 请求 http://localhost:5625/Fits/Users.aspx?roleGroup=customer, IP地址 ::1, 耗时 2.6450 秒
2017-11-18 10:10:08,054 [8] INFO  App - 2017-11-18 10:10:08:014 请求 http://localhost:5625/__browserLink/requestData/aee4f79015a84893a9c3c3ebe1aa230f?version=2, IP地址 ::1, 耗时 0.0020 秒
2017-11-18 10:10:08,350 [8] INFO  App - 2017-11-18 10:10:08:323 请求 http://localhost:5625/__browserLink/requestData/cb6f4bad09594862b424c266c1e75afe?version=2, IP地址 ::1, 耗时 0.0050 秒
2017-11-18 10:10:11,893 [9] INFO  App - 2017-11-18 10:10:11:863 请求 http://localhost:5625/Fits/UserCards.aspx?userId=20, IP地址 ::1, 耗时 1.3720 秒
2017-11-18 10:10:14,206 [9] INFO  App - 2017-11-18 10:10:14:179 请求 http://localhost:5625/__browserLink/requestData/d0376318b8414ccf8f3bcbbbd8424052?version=2, IP地址 ::1, 耗时 0.0020 秒
2017-11-18 10:10:15,389 [8] INFO  App - 2017-11-18 10:10:15:358 请求 http://localhost:5625/Fits/UserCards.aspx?userId=20, IP地址 ::1, 耗时 0.0850 秒
2017-11-18 10:10:16,704 [8] INFO  App - 2017-11-18 10:10:16:675 请求 http://localhost:5625/Fits/UserCardForm.aspx?mode=new&userid=20, IP地址 ::1, 耗时 0.8660 秒
2017-11-18 10:10:18,398 [8] INFO  App - 2017-11-18 10:10:18:371 请求 http://localhost:5625/__browserLink/requestData/32ee0f58cb9a4951816af5d7a9ca18d6?version=2, IP地址 ::1, 耗时 0.0010 秒
2017-11-18 10:10:21,691 [5] INFO  App - 2017-11-18 10:10:21:663 请求 http://localhost:5625/Fits/UserCardForm.aspx?mode=new&userid=20, IP地址 ::1, 耗时 0.2580 秒
2017-11-18 10:10:22,226 [8] INFO  App - 2017-11-18 10:10:22:190 请求 http://localhost:5625/Fits/UserCardForm.aspx?mode=new&userid=20, IP地址 ::1, 耗时 0.0080 秒
2017-11-18 10:10:22,462 [9] INFO  App - 2017-11-18 10:10:22:396 请求 http://localhost:5625/Admins/Main.aspx, IP地址 ::1, 耗时 0.0880 秒
2017-11-18 10:38:09,619 [1] INFO  App - Start
2017-11-18 10:38:09,632 [1] INFO  App - ==== Application_Start ====
2017-11-18 10:38:23,306 [6] INFO  App - 2017-11-18 10:38:23:278 请求 http://localhost:5625/Admins/Main.aspx, IP地址 ::1, 耗时 1.4510 秒
2017-11-18 10:38:27,092 [5] INFO  App - 2017-11-18 10:38:27:065 请求 http://localhost:5625/admins/Welcome.aspx, IP地址 ::1, 耗时 1.9540 秒
2017-11-18 10:38:35,798 [5] INFO  App - 2017-11-18 10:38:35:633 请求 http://localhost:5625/__browserLink/requestData/28c7a9c32ae942a2a0a0ed8a4687056f?version=2, IP地址 ::1, 耗时 0.6830 秒
2017-11-18 10:38:35,930 [6] INFO  App - 2017-11-18 10:38:35:689 请求 http://localhost:5625/__browserLink/requestData/c0c2ab7e44a9468d99365b5e2288b624?version=2, IP地址 ::1, 耗时 0.1530 秒
2017-11-18 10:38:57,551 [5] INFO  App - 2017-11-18 10:38:57:441 请求 http://localhost:5625/Admins/Main.aspx, IP地址 ::1, 耗时 0.8080 秒
2017-11-18 10:39:25,333 [6] INFO  App - 2017-11-18 10:39:25:306 请求 http://localhost:5625/Fits/Users.aspx?roleGroup=customer, IP地址 ::1, 耗时 2.4630 秒
2017-11-18 10:39:28,027 [6] INFO  App - 2017-11-18 10:39:28:000 请求 http://localhost:5625/__browserLink/requestData/51bc99625bf0403091112c365452e062?version=2, IP地址 ::1, 耗时 0.0040 秒
2017-11-18 10:39:31,335 [6] INFO  App - 2017-11-18 10:39:31:293 请求 http://localhost:5625/Fits/UserCards.aspx?userId=20, IP地址 ::1, 耗时 1.2280 秒
2017-11-18 10:39:33,307 [6] INFO  App - 2017-11-18 10:39:33:276 请求 http://localhost:5625/__browserLink/requestData/5a2f87258fde46889f9308d4062fb9b4?version=2, IP地址 ::1, 耗时 0.0010 秒
2017-11-18 10:39:34,741 [6] INFO  App - 2017-11-18 10:39:34:707 请求 http://localhost:5625/Fits/UserCards.aspx?userId=20, IP地址 ::1, 耗时 0.0330 秒
2017-11-18 10:39:35,962 [9] INFO  App - 2017-11-18 10:39:35:935 请求 http://localhost:5625/Fits/UserCardForm.aspx?mode=new&userid=20, IP地址 ::1, 耗时 0.8410 秒
2017-11-18 10:39:38,206 [6] INFO  App - 2017-11-18 10:39:38:179 请求 http://localhost:5625/__browserLink/requestData/60767d1b63dd47fa968333e3e5bf6914?version=2, IP地址 ::1, 耗时 0.0010 秒
2017-11-18 10:40:10,040 [9] INFO  App - 2017-11-18 10:40:10:009 请求 http://localhost:5625/Fits/UserCardForm.aspx?mode=new&userid=20, IP地址 ::1, 耗时 28.7000 秒
2017-11-18 10:40:10,412 [9] INFO  App - 2017-11-18 10:40:10:384 请求 http://localhost:5625/Fits/UserCardForm.aspx?mode=new&userid=20, IP地址 ::1, 耗时 0.0080 秒
2017-11-18 10:41:04,706 [6] INFO  App - 新增数据，ID=50, Type=App.DAL.Order, Data={"Sts":"New",....
2017-11-18 10:41:06,562 [6] INFO  App - 新增数据，ID=49, Type=App.DAL.OrderItem, Data={"OrderID....
2017-11-18 10:41:08,071 [6] INFO  App - 保存数据，ID=50, Type=App.DAL.Order, Data={"Sts":"New",....
2017-11-18 10:41:12,198 [6] INFO  App - 保存数据，ID=50, Type=App.DAL.Order, Data={"Sts":"Pay",....
2017-11-18 10:41:13,827 [6] INFO  App - 保存数据，ID=50, Type=App.DAL.Order, Data={"Sts":"Compl....
2017-11-18 10:42:00,416 [6] INFO  App - 新增数据，ID=35, Type=App.DAL.FitUserCard, Data={"Name"....
2017-11-18 11:01:59,889 [1] INFO  App - Start
2017-11-18 11:01:59,911 [1] INFO  App - ==== Application_Start ====
2017-11-18 11:02:14,658 [7] INFO  App - 2017-11-18 11:02:14:629 请求 http://localhost:5625/Admins/Main.aspx, IP地址 ::1, 耗时 1.7080 秒
2017-11-18 11:02:18,148 [5] INFO  App - 2017-11-18 11:02:18:122 请求 http://localhost:5625/admins/Welcome.aspx, IP地址 ::1, 耗时 1.8150 秒
2017-11-18 11:02:22,136 [5] INFO  App - 2017-11-18 11:02:22:105 请求 http://localhost:5625/__browserLink/requestData/4402d0e04d8f4036bd0e6f758b710323?version=2, IP地址 ::1, 耗时 0.1040 秒
2017-11-18 11:02:22,218 [5] INFO  App - 2017-11-18 11:02:22:174 请求 http://localhost:5625/__browserLink/requestData/1831e7fb4e9847678fb4fd6d1791ad6e?version=2, IP地址 ::1, 耗时 0.0040 秒
2017-11-18 11:02:46,927 [8] INFO  App - 2017-11-18 11:02:46:895 请求 http://localhost:5625/Admins/Main.aspx, IP地址 ::1, 耗时 0.1630 秒
2017-11-18 11:03:14,880 [7] INFO  App - 2017-11-18 11:03:14:843 请求 http://localhost:5625/Fits/Users.aspx?roleGroup=customer, IP地址 ::1, 耗时 2.8280 秒
2017-11-18 11:03:18,611 [7] INFO  App - 2017-11-18 11:03:18:580 请求 http://localhost:5625/__browserLink/requestData/809b40f7e80149e895086f6f1d0a9f65?version=2, IP地址 ::1, 耗时 0.0020 秒
2017-11-18 11:03:36,603 [7] INFO  App - 2017-11-18 11:03:36:527 请求 http://localhost:5625/Fits/Users.aspx?roleGroup=customer, IP地址 ::1, 耗时 0.0570 秒
2017-11-18 11:03:38,108 [5] INFO  App - 2017-11-18 11:03:38:075 请求 http://localhost:5625/Fits/UserForm.aspx?mode=new&roleGroup=customer, IP地址 ::1, 耗时 1.0550 秒
2017-11-18 11:03:40,676 [8] INFO  App - 2017-11-18 11:03:40:649 请求 http://localhost:5625/__browserLink/requestData/9154d4d8f7f841188709579f3f103747?version=2, IP地址 ::1, 耗时 0.0010 秒
2017-11-18 11:04:14,418 [5] INFO  App - 新增数据，ID=22, Type=App.DAL.User, Data={"InUsed":true....
2017-11-18 11:04:15,059 [5] INFO  App - 2017-11-18 11:04:15:031 请求 http://localhost:5625/Fits/UserForm.aspx?mode=new&roleGroup=customer&_dc=1510974241014, IP地址 ::1, 耗时 13.9370 秒
2017-11-18 11:04:19,028 [7] INFO  App - 2017-11-18 11:04:18:999 请求 http://localhost:5625/Fits/Users.aspx?roleGroup=customer, IP地址 ::1, 耗时 1.0660 秒
2017-11-18 11:04:31,398 [7] INFO  App - 2017-11-18 11:04:31:369 请求 http://localhost:5625/Fits/UserCards.aspx?userId=20, IP地址 ::1, 耗时 1.2630 秒
2017-11-18 11:04:33,448 [9] INFO  App - 2017-11-18 11:04:33:418 请求 http://localhost:5625/__browserLink/requestData/cb786e5287c846499004878a5940f14a?version=2, IP地址 ::1, 耗时 0.0010 秒
2017-11-18 11:04:34,912 [7] INFO  App - 2017-11-18 11:04:34:885 请求 http://localhost:5625/Fits/UserCards.aspx?userId=20, IP地址 ::1, 耗时 0.0120 秒
2017-11-18 11:04:36,107 [9] INFO  App - 2017-11-18 11:04:36:080 请求 http://localhost:5625/Fits/UserCardForm.aspx?mode=new&userid=20, IP地址 ::1, 耗时 0.8310 秒
2017-11-18 11:04:38,619 [7] INFO  App - 2017-11-18 11:04:38:588 请求 http://localhost:5625/__browserLink/requestData/8854b9fef36b442db3c18b69f48c6aee?version=2, IP地址 ::1, 耗时 0.0010 秒
2017-11-18 11:04:54,956 [9] INFO  App - 2017-11-18 11:04:54:925 请求 http://localhost:5625/Fits/UserCardForm.aspx?mode=new&userid=20, IP地址 ::1, 耗时 14.0280 秒
2017-11-18 11:04:55,599 [5] INFO  App - 2017-11-18 11:04:55:573 请求 http://localhost:5625/Fits/UserCardForm.aspx?mode=new&userid=20, IP地址 ::1, 耗时 0.0090 秒
2017-11-18 11:05:36,590 [5] INFO  App - 新增数据，ID=51, Type=App.DAL.Order, Data={"Sts":"New",....
2017-11-18 11:05:37,592 [5] INFO  App - 新增数据，ID=50, Type=App.DAL.OrderItem, Data={"OrderID....
2017-11-18 11:05:38,791 [5] INFO  App - 保存数据，ID=51, Type=App.DAL.Order, Data={"Sts":"New",....
2017-11-18 11:05:43,494 [5] INFO  App - 保存数据，ID=51, Type=App.DAL.Order, Data={"Sts":"Pay",....
2017-11-18 11:05:44,979 [5] INFO  App - 保存数据，ID=51, Type=App.DAL.Order, Data={"Sts":"Compl....
2017-11-18 11:06:04,070 [5] INFO  App - 新增数据，ID=36, Type=App.DAL.FitUserCard, Data={"Name"....
2017-11-18 11:06:37,916 [5] INFO  App - 保存数据，ID=36, Type=App.DAL.FitUserCard, Data={"Name"....
2017-11-18 11:08:46,865 [1] INFO  App - Start
2017-11-18 11:08:46,883 [1] INFO  App - ==== Application_Start ====
2017-11-18 11:09:04,346 [6] INFO  App - 2017-11-18 11:09:04:317 请求 http://localhost:5625/Admins/Main.aspx, IP地址 ::1, 耗时 1.8930 秒
2017-11-18 11:09:08,995 [5] INFO  App - 2017-11-18 11:09:08:964 请求 http://localhost:5625/admins/Welcome.aspx, IP地址 ::1, 耗时 2.4120 秒
2017-11-18 11:09:14,814 [5] INFO  App - 2017-11-18 11:09:14:785 请求 http://localhost:5625/__browserLink/requestData/6c46b8ef15a24939849ec5364b3966cd?version=2, IP地址 ::1, 耗时 0.1000 秒
2017-11-18 11:09:14,872 [6] INFO  App - 2017-11-18 11:09:14:834 请求 http://localhost:5625/__browserLink/requestData/85b0a8d1935c4e56b6c336711111c6da?version=2, IP地址 ::1, 耗时 0.0050 秒
2017-11-18 11:09:37,167 [8] INFO  App - 2017-11-18 11:09:37:134 请求 http://localhost:5625/Admins/Main.aspx, IP地址 ::1, 耗时 0.0960 秒
2017-11-18 11:18:07,980 [1] INFO  App - Start
2017-11-18 11:18:08,093 [1] INFO  App - ==== Application_Start ====
2017-11-18 11:19:12,746 [6] INFO  App - 2017-11-18 11:19:12:716 请求 http://localhost:5625/Admins/Main.aspx, IP地址 ::1, 耗时 1.7160 秒
2017-11-18 11:19:16,280 [5] INFO  App - 2017-11-18 11:19:16:253 请求 http://localhost:5625/admins/Welcome.aspx, IP地址 ::1, 耗时 1.7510 秒
2017-11-18 11:19:20,280 [9] INFO  App - 2017-11-18 11:19:20:252 请求 http://localhost:5625/__browserLink/requestData/b02958b900f740d8b257e8ba80839400?version=2, IP地址 ::1, 耗时 0.0860 秒
2017-11-18 11:19:20,309 [5] INFO  App - 2017-11-18 11:19:20:253 请求 http://localhost:5625/__browserLink/requestData/7c0421be29c7480ba5c8b8087e434216?version=2, IP地址 ::1, 耗时 0.0510 秒
2017-11-18 11:19:25,914 [6] INFO  App - 2017-11-18 11:19:25:879 请求 http://localhost:5625/Fits/Users.aspx?roleGroup=customer, IP地址 ::1, 耗时 2.4020 秒
2017-11-18 11:19:28,673 [5] INFO  App - 2017-11-18 11:19:28:645 请求 http://localhost:5625/__browserLink/requestData/9079f76eebd84c77b131209c8112ba85?version=2, IP地址 ::1, 耗时 0.0020 秒
2017-11-18 11:19:31,889 [9] INFO  App - 2017-11-18 11:19:31:855 请求 http://localhost:5625/Fits/UserCards.aspx?userId=20, IP地址 ::1, 耗时 1.3730 秒
2017-11-18 11:19:34,183 [5] INFO  App - 2017-11-18 11:19:34:153 请求 http://localhost:5625/__browserLink/requestData/9def49f4b4f74413b6f1f795c31b8ea4?version=2, IP地址 ::1, 耗时 0.0020 秒
2017-11-18 11:19:35,513 [5] INFO  App - 2017-11-18 11:19:35:486 请求 http://localhost:5625/Fits/UserCards.aspx?userId=20, IP地址 ::1, 耗时 0.0920 秒
2017-11-18 11:19:36,766 [9] INFO  App - 2017-11-18 11:19:36:736 请求 http://localhost:5625/Fits/UserCardForm.aspx?mode=new&userid=20, IP地址 ::1, 耗时 0.8100 秒
2017-11-18 11:19:38,580 [5] INFO  App - 2017-11-18 11:19:38:547 请求 http://localhost:5625/__browserLink/requestData/93535fee29b348fe936b0a05dc579afe?version=2, IP地址 ::1, 耗时 0.0020 秒
2017-11-18 11:19:47,544 [5] INFO  App - 2017-11-18 11:19:47:512 请求 http://localhost:5625/Fits/UserCardForm.aspx?mode=new&userid=20, IP地址 ::1, 耗时 5.5900 秒
2017-11-18 11:19:47,641 [9] INFO  App - 2017-11-18 11:19:47:594 请求 http://localhost:5625/Admins/Main.aspx, IP地址 ::1, 耗时 0.0470 秒
2017-11-18 11:19:48,051 [5] INFO  App - 2017-11-18 11:19:48:021 请求 http://localhost:5625/Fits/UserCardForm.aspx?mode=new&userid=20, IP地址 ::1, 耗时 0.0130 秒
2017-11-18 11:23:33,723 [1] INFO  App - Start
2017-11-18 11:23:33,744 [1] INFO  App - ==== Application_Start ====
2017-11-18 11:23:49,452 [5] INFO  App - 2017-11-18 11:23:49:421 请求 http://localhost:5625/Admins/Main.aspx, IP地址 ::1, 耗时 1.9060 秒
2017-11-18 11:23:53,594 [5] INFO  App - 2017-11-18 11:23:53:556 请求 http://localhost:5625/admins/Welcome.aspx, IP地址 ::1, 耗时 1.9920 秒
2017-11-18 11:23:57,841 [5] INFO  App - 2017-11-18 11:23:57:774 请求 http://localhost:5625/__browserLink/requestData/6faca3f03a0b456e8bcd5db0d8c51929?version=2, IP地址 ::1, 耗时 0.1240 秒
2017-11-18 11:23:57,934 [7] INFO  App - 2017-11-18 11:23:57:898 请求 http://localhost:5625/__browserLink/requestData/7588de9c1ef44f62b4dee0a2d3e5b94c?version=2, IP地址 ::1, 耗时 0.0050 秒
2017-11-18 11:24:06,975 [8] INFO  App - 2017-11-18 11:24:06:931 请求 http://localhost:5625/Fits/Users.aspx?roleGroup=customer, IP地址 ::1, 耗时 2.4790 秒
2017-11-18 11:24:10,709 [5] INFO  App - 2017-11-18 11:24:10:674 请求 http://localhost:5625/__browserLink/requestData/0b63d6a4f6344e8a93128ba57d048685?version=2, IP地址 ::1, 耗时 0.0020 秒
2017-11-18 11:24:22,217 [5] INFO  App - 2017-11-18 11:24:22:178 请求 http://localhost:5625/Admins/Main.aspx, IP地址 ::1, 耗时 0.0900 秒
2017-11-18 11:24:53,134 [5] INFO  App - 2017-11-18 11:24:53:107 请求 http://localhost:5625/Fits/UserCards.aspx?userId=20, IP地址 ::1, 耗时 1.3010 秒
2017-11-18 11:24:55,159 [5] INFO  App - 2017-11-18 11:24:55:060 请求 http://localhost:5625/__browserLink/requestData/84c0a8caa9fa4580bff42fa656565f7c?version=2, IP地址 ::1, 耗时 0.0020 秒
2017-11-18 11:24:56,857 [8] INFO  App - 2017-11-18 11:24:56:825 请求 http://localhost:5625/Fits/UserCards.aspx?userId=20, IP地址 ::1, 耗时 0.0330 秒
2017-11-18 11:24:57,967 [5] INFO  App - 2017-11-18 11:24:57:940 请求 http://localhost:5625/Fits/UserCardForm.aspx?mode=new&userid=20, IP地址 ::1, 耗时 0.7280 秒
2017-11-18 11:25:00,298 [9] INFO  App - 2017-11-18 11:25:00:271 请求 http://localhost:5625/__browserLink/requestData/40ac0c78fa2843138f0eb403e7bed631?version=2, IP地址 ::1, 耗时 0.0030 秒
2017-11-18 11:25:32,646 [5] INFO  App - 2017-11-18 11:25:32:615 请求 http://localhost:5625/Fits/UserCardForm.aspx?mode=new&userid=20, IP地址 ::1, 耗时 15.3930 秒
2017-11-18 11:25:33,172 [5] INFO  App - 2017-11-18 11:25:33:145 请求 http://localhost:5625/Fits/UserCardForm.aspx?mode=new&userid=20, IP地址 ::1, 耗时 0.0050 秒
2017-11-18 11:25:49,648 [8] INFO  App - 2017-11-18 11:25:49:572 请求 http://localhost:5625/Fits/UserCardForm.aspx?mode=new&userid=20, IP地址 ::1, 耗时 3.7290 秒
2017-11-18 11:25:56,303 [5] INFO  App - 2017-11-18 11:25:56:276 请求 http://localhost:5625/Fits/UserCardForm.aspx?mode=new&userid=20, IP地址 ::1, 耗时 0.2290 秒
2017-11-18 11:26:27,793 [10] INFO  App - 新增数据，ID=52, Type=App.DAL.Order, Data={"Sts":"New",....
2017-11-18 11:26:28,793 [10] INFO  App - 新增数据，ID=51, Type=App.DAL.OrderItem, Data={"OrderID....
2017-11-18 11:26:29,930 [10] INFO  App - 保存数据，ID=52, Type=App.DAL.Order, Data={"Sts":"New",....
2017-11-18 11:26:33,037 [10] INFO  App - 保存数据，ID=52, Type=App.DAL.Order, Data={"Sts":"Pay",....
2017-11-18 11:26:34,322 [10] INFO  App - 保存数据，ID=52, Type=App.DAL.Order, Data={"Sts":"Compl....
2017-11-18 11:26:36,271 [10] INFO  App - 新增数据，ID=37, Type=App.DAL.FitUserCard, Data={"Name"....
2017-11-18 11:26:55,959 [10] INFO  App - 保存数据，ID=37, Type=App.DAL.FitUserCard, Data={"Name"....
2017-11-18 11:27:08,523 [10] INFO  App - 2017-11-18 11:27:08:480 请求 http://localhost:5625/Fits/UserCardForm.aspx?mode=new&userid=20, IP地址 ::1, 耗时 57.9380 秒
2017-11-18 11:27:10,840 [10] INFO  App - 2017-11-18 11:27:10:793 请求 http://localhost:5625/Fits/OrderForm.aspx?id=52&mode=view, IP地址 ::1, 耗时 1.8310 秒
2017-11-18 11:27:13,115 [10] INFO  App - 2017-11-18 11:27:13:088 请求 http://localhost:5625/__browserLink/requestData/0f97f45597b54c3594da92cf458587a9?version=2, IP地址 ::1, 耗时 0.0010 秒
2017-11-18 11:27:22,017 [10] INFO  App - 2017-11-18 11:27:21:977 请求 http://localhost:5625/Fits/UserCardForm.aspx?mode=new&userid=20, IP地址 ::1, 耗时 0.0300 秒
2017-11-18 11:27:28,078 [11] INFO  App - 2017-11-18 11:27:28:049 请求 http://localhost:5625/Fits/UserCards.aspx?userId=20, IP地址 ::1, 耗时 0.8480 秒
2017-11-18 11:27:36,814 [10] INFO  App - 2017-11-18 11:27:36:787 请求 http://localhost:5625/Fits/Users.aspx?roleGroup=customer, IP地址 ::1, 耗时 0.9390 秒
2017-11-18 11:27:41,033 [8] INFO  App - 2017-11-18 11:27:41:000 请求 http://localhost:5625/Fits/UserCardForm.aspx?id=37&mode=view, IP地址 ::1, 耗时 0.9190 秒
2017-11-18 11:27:43,362 [8] INFO  App - 2017-11-18 11:27:43:331 请求 http://localhost:5625/__browserLink/requestData/1e60d17b91be490fa2b811f7169a4e66?version=2, IP地址 ::1, 耗时 0.0020 秒
2017-11-18 11:27:48,816 [8] INFO  App - 2017-11-18 11:27:48:789 请求 http://localhost:5625/Fits/Users.aspx?roleGroup=customer, IP地址 ::1, 耗时 1.0440 秒
2017-11-18 11:31:25,550 [1] INFO  App - Start
2017-11-18 11:31:25,681 [1] INFO  App - ==== Application_Start ====
2017-11-18 11:32:16,988 [7] INFO  App - 2017-11-18 11:32:16:881 请求 http://localhost:5625/Admins/Main.aspx, IP地址 ::1, 耗时 8.4860 秒
2017-11-18 11:32:44,383 [5] INFO  App - 2017-11-18 11:32:44:049 请求 http://localhost:5625/admins/Welcome.aspx, IP地址 ::1, 耗时 14.6530 秒
2017-11-18 11:33:00,535 [8] INFO  App - 2017-11-18 11:33:00:341 请求 http://localhost:5625/Admins/Main.aspx, IP地址 ::1, 耗时 0.6050 秒
2017-11-18 11:33:08,429 [8] INFO  App - 2017-11-18 11:33:08:035 请求 http://localhost:5625/__browserLink/requestData/cfad7c5f9ca7491f8f69b41d591c2fb9?version=2, IP地址 ::1, 耗时 1.2980 秒
2017-11-18 11:33:11,043 [5] INFO  App - 2017-11-18 11:33:10:845 请求 http://localhost:5625/__browserLink/requestData/534c77acd90c481f9b3651278bbdc67d?version=2, IP地址 ::1, 耗时 0.0080 秒
2017-11-18 11:33:17,732 [5] INFO  App - 2017-11-18 11:33:17:704 请求 http://localhost:5625/Fits/Users.aspx?roleGroup=customer, IP地址 ::1, 耗时 3.9900 秒
2017-11-18 11:33:20,358 [8] INFO  App - 2017-11-18 11:33:20:349 请求 http://localhost:5625/__browserLink/requestData/f93f5e61fee1402ca0fb3d7a731bd0d1?version=2, IP地址 ::1, 耗时 0.0020 秒
2017-11-18 11:33:22,771 [8] INFO  App - 2017-11-18 11:33:22:745 请求 http://localhost:5625/Fits/UserCards.aspx?userId=20, IP地址 ::1, 耗时 1.3260 秒
2017-11-18 11:33:25,235 [8] INFO  App - 2017-11-18 11:33:25:200 请求 http://localhost:5625/__browserLink/requestData/9b301c6bb12947508c2886918e15bae6?version=2, IP地址 ::1, 耗时 0.0050 秒
2017-11-18 11:34:21,282 [9] ERROR App - Application_Error: System.EventArgs
2017-11-18 11:34:30,948 [9] ERROR App - Application_Error: System.EventArgs
2017-11-18 11:34:39,235 [9] ERROR App - Application_Error: System.EventArgs
