2017-11-22 10:57:44,456 [1] INFO  App - Start
2017-11-22 10:57:44,467 [1] INFO  App - ==== Application_Start ====
2017-11-22 10:57:55,582 [5] INFO  App - 2017-11-22 10:57:55:553 请求 http://localhost:5625/Default.aspx, IP地址 ::1, 耗时 6.6920 秒
2017-11-22 10:57:57,334 [5] INFO  App - 2017-11-22 10:57:57:294 请求 http://localhost:5625/Handlers/VerifyCode.ashx, IP地址 ::1, 耗时 0.2660 秒
2017-11-22 10:57:58,735 [5] INFO  App - 2017-11-22 10:57:58:708 请求 http://localhost:5625/__browserLink/requestData/f733e842023f44efa91629301d46bcb2?version=2, IP地址 ::1, 耗时 0.0780 秒
2017-11-22 11:00:29,097 [6] INFO  App - 保存数据，ID=1, Type=App.DAL.User, Data={"InUsed":true,....
2017-11-22 11:00:30,221 [6] INFO  App - 登录成功
2017-11-22 11:00:30,809 [6] INFO  App - 2017-11-22 11:00:30:782 请求 http://localhost:5625/WebCall.App.DAL.DbUser.axd/Login?userName=admin&password=admin&verifyCode=bp4p, IP地址 ::1, 耗时 2.9610 秒
2017-11-22 11:00:35,134 [12] INFO  App - 2017-11-22 11:00:35:107 请求 http://localhost:5625/admins/main.aspx, IP地址 ::1, 耗时 1.3180 秒
2017-11-22 11:00:39,050 [6] INFO  App - 2017-11-22 11:00:38:896 请求 http://localhost:5625/admins/Welcome.aspx, IP地址 ::1, 耗时 1.7150 秒
2017-11-22 11:00:39,166 [10] INFO  App - 2017-11-22 11:00:39:074 请求 http://localhost:5625/__browserLink/requestData/59159b22ee714a01ad02f51595a5601e?version=2, IP地址 ::1, 耗时 0.0170 秒
2017-11-22 11:00:42,762 [10] INFO  App - 2017-11-22 11:00:42:735 请求 http://localhost:5625/__browserLink/requestData/a4f93ea757cb4f979136a5c245da1dc3?version=2, IP地址 ::1, 耗时 0.0020 秒
2017-11-22 11:00:51,048 [10] INFO  App - 2017-11-22 11:00:51:021 请求 http://localhost:5625/Fits/ConfigApp.aspx, IP地址 ::1, 耗时 0.4430 秒
2017-11-22 11:00:52,628 [10] INFO  App - 2017-11-22 11:00:52:586 请求 http://localhost:5625/Files/AppBanners/201711090001168617064-banner1.png, IP地址 ::1, 耗时 0.0000 秒
2017-11-22 11:00:52,672 [6] INFO  App - 2017-11-22 11:00:52:588 请求 http://localhost:5625/Files/AppBanners/201711090001071027026-banner2.png, IP地址 ::1, 耗时 0.0050 秒
2017-11-22 11:00:52,733 [12] INFO  App - 2017-11-22 11:00:52:593 请求 http://localhost:5625/Files/AppBanners/201711090001284731567-banner-weibofit.png, IP地址 ::1, 耗时 0.0000 秒
2017-11-22 11:00:53,608 [6] INFO  App - 2017-11-22 11:00:53:580 请求 http://localhost:5625/__browserLink/requestData/c5414af95cea416dac7197eafade16e2?version=2, IP地址 ::1, 耗时 0.0010 秒
2017-11-22 11:01:07,721 [10] INFO  App - 2017-11-22 11:01:07:694 请求 http://localhost:5625/admins/main.aspx, IP地址 ::1, 耗时 0.0920 秒
2017-11-22 11:01:43,272 [10] INFO  App - 2017-11-22 11:01:43:243 请求 http://localhost:5625/Fits/ConfigApp.aspx, IP地址 ::1, 耗时 0.2790 秒
2017-11-22 11:01:43,805 [6] INFO  App - 2017-11-22 11:01:43:767 请求 http://localhost:5625/extjs/res/ext-theme-neptune/theme-neptune-all_1.css?v6.0.3, IP地址 ::1, 耗时 0.0000 秒
2017-11-22 11:01:43,831 [9] INFO  App - 2017-11-22 11:01:43:807 请求 http://localhost:5625/extjs/res/theme-neptune.css?v6.0.3, IP地址 ::1, 耗时 0.0000 秒
2017-11-22 11:01:43,924 [12] INFO  App - 2017-11-22 11:01:43:810 请求 http://localhost:5625/extjs/ext-all.js?v6.0.3, IP地址 ::1, 耗时 0.0000 秒
2017-11-22 11:01:43,990 [6] INFO  App - 2017-11-22 11:01:43:906 请求 http://localhost:5625/extjs/lang/zh_CN.js?v6.0.3, IP地址 ::1, 耗时 0.0000 秒
2017-11-22 11:01:44,028 [14] INFO  App - 2017-11-22 11:01:43:858 请求 http://localhost:5625/extjs/ext-fineui.js?v6.0.3, IP地址 ::1, 耗时 0.0000 秒
2017-11-22 11:01:44,062 [9] INFO  App - 2017-11-22 11:01:43:876 请求 http://localhost:5625/extjs/res/ext-theme-neptune/theme-neptune.js?v6.0.3, IP地址 ::1, 耗时 0.0100 秒
2017-11-22 11:01:44,104 [10] INFO  App - 2017-11-22 11:01:43:774 请求 http://localhost:5625/extjs/res/ext-theme-neptune/theme-neptune-all_2.css?v6.0.3, IP地址 ::1, 耗时 0.0000 秒
2017-11-22 11:01:44,137 [12] INFO  App - 2017-11-22 11:01:43:976 请求 http://localhost:5625/res/loading/_3/ffffff_444444.gif, IP地址 ::1, 耗时 0.0000 秒
2017-11-22 11:01:44,659 [15] INFO  App - 2017-11-22 11:01:44:630 请求 http://localhost:5625/extjs/ext-fineui.js?v6.0.3, IP地址 ::1, 耗时 0.0000 秒
2017-11-22 11:01:44,740 [6] INFO  App - 2017-11-22 11:01:44:698 请求 http://localhost:5625/extjs/res/ext-theme-neptune/theme-neptune.js?v6.0.3, IP地址 ::1, 耗时 0.0000 秒
2017-11-22 11:01:44,798 [10] INFO  App - 2017-11-22 11:01:44:770 请求 http://localhost:5625/extjs/lang/zh_CN.js?v6.0.3, IP地址 ::1, 耗时 0.0000 秒
2017-11-22 11:01:46,109 [6] INFO  App - 2017-11-22 11:01:46:076 请求 http://localhost:5625/__browserLink/requestData/4a9deadbb3c544f194bf1ac033f7c76c?version=2, IP地址 ::1, 耗时 0.0020 秒
2017-11-22 11:04:53,487 [1] INFO  App - Start
2017-11-22 11:04:53,499 [1] INFO  App - ==== Application_Start ====
2017-11-22 11:05:09,250 [6] INFO  App - 2017-11-22 11:05:09:220 请求 http://localhost:5625/Admins/Main.aspx, IP地址 ::1, 耗时 2.2090 秒
2017-11-22 11:05:12,916 [5] INFO  App - 2017-11-22 11:05:12:890 请求 http://localhost:5625/admins/Welcome.aspx, IP地址 ::1, 耗时 2.0730 秒
2017-11-22 11:05:17,180 [5] INFO  App - 2017-11-22 11:05:17:144 请求 http://localhost:5625/__browserLink/requestData/d06a223de72e437b8c57074383d6b110?version=2, IP地址 ::1, 耗时 0.0880 秒
2017-11-22 11:05:17,250 [8] INFO  App - 2017-11-22 11:05:17:219 请求 http://localhost:5625/__browserLink/requestData/6dd5c11e2b7c4b928557289f13e5111e?version=2, IP地址 ::1, 耗时 0.0040 秒
2017-11-22 11:05:41,390 [6] INFO  App - 2017-11-22 11:05:41:333 请求 http://localhost:5625/Admins/Main.aspx, IP地址 ::1, 耗时 0.0770 秒
2017-11-22 11:05:44,542 [5] ERROR App - Application_Error: System.EventArgs
2017-11-22 11:07:58,571 [1] INFO  App - Start
2017-11-22 11:07:58,592 [1] INFO  App - ==== Application_Start ====
2017-11-22 11:08:13,756 [6] INFO  App - 2017-11-22 11:08:13:729 请求 http://localhost:5625/Admins/Main.aspx, IP地址 ::1, 耗时 1.6300 秒
2017-11-22 11:08:17,990 [5] INFO  App - 2017-11-22 11:08:17:922 请求 http://localhost:5625/admins/Welcome.aspx, IP地址 ::1, 耗时 1.9910 秒
2017-11-22 11:08:21,468 [5] INFO  App - 2017-11-22 11:08:21:423 请求 http://localhost:5625/__browserLink/requestData/1e2597001179420487b2842de8c5d183?version=2, IP地址 ::1, 耗时 0.1220 秒
2017-11-22 11:08:21,551 [8] INFO  App - 2017-11-22 11:08:21:511 请求 http://localhost:5625/__browserLink/requestData/2d81cdf8306b4ad7b4341b372c879580?version=2, IP地址 ::1, 耗时 0.0070 秒
2017-11-22 11:08:46,375 [8] INFO  App - 2017-11-22 11:08:46:336 请求 http://localhost:5625/Admins/Main.aspx, IP地址 ::1, 耗时 0.0940 秒
2017-11-22 11:12:39,673 [9] INFO  App - 2017-11-22 11:12:39:645 请求 http://localhost:5625/Fits/ConfigApp.aspx, IP地址 ::1, 耗时 0.4090 秒
2017-11-22 11:12:43,951 [11] INFO  App - 2017-11-22 11:12:43:922 请求 http://localhost:5625/__browserLink/requestData/4c350c32e4814acda70b2677d6909860?version=2, IP地址 ::1, 耗时 0.0010 秒
2017-11-22 11:13:43,340 [11] INFO  App - 保存数据，ID=23014, Type=App.DAL.Config, Data={"Categor....
2017-11-22 11:13:44,479 [11] INFO  App - 保存数据，ID=2, Type=App.DAL.Config, Data={"Category":"....
2017-11-22 11:13:45,664 [11] INFO  App - 保存数据，ID=5, Type=App.DAL.Config, Data={"Category":"....
2017-11-22 11:13:46,852 [11] INFO  App - 保存数据，ID=3, Type=App.DAL.Config, Data={"Category":"....
2017-11-22 11:13:48,171 [11] INFO  App - 保存数据，ID=4, Type=App.DAL.Config, Data={"Category":"....
2017-11-22 11:13:49,415 [11] INFO  App - 保存数据，ID=6, Type=App.DAL.Config, Data={"Category":"....
2017-11-22 11:13:50,535 [11] INFO  App - 新增数据，ID=25870, Type=App.DAL.Config, Data={"Categor....
2017-11-22 11:13:56,685 [11] INFO  App - 2017-11-22 11:13:56:655 请求 http://localhost:5625/Fits/ConfigApp.aspx?_dc=1511320411752, IP地址 ::1, 耗时 24.7600 秒
2017-11-22 11:13:57,393 [11] INFO  App - 2017-11-22 11:13:57:365 请求 http://localhost:5625/Files/App/201711221113379134454-defaultAppBg.png, IP地址 ::1, 耗时 0.0020 秒
2017-11-22 11:14:30,820 [11] INFO  App - 2017-11-22 11:14:30:793 请求 http://localhost:5625/admins/API.aspx, IP地址 ::1, 耗时 0.0270 秒
2017-11-22 11:14:34,466 [11] INFO  App - 2017-11-22 11:14:34:426 请求 http://localhost:5625/__browserLink/requestData/665d0e903e204b36935ebff36fc781c6?version=2, IP地址 ::1, 耗时 0.0040 秒
2017-11-22 11:14:40,138 [11] INFO  App - 2017-11-22 11:14:40:096 请求 http://localhost:5625/WebCall.App.DAL.DbFit.axd/api, IP地址 ::1, 耗时 0.0210 秒
2017-11-22 11:14:53,736 [11] INFO  App - 2017-11-22 11:14:53:642 请求 http://localhost:5625/WebCall.App.DAL.DbFit.axd/GetAppBackground, IP地址 ::1, 耗时 0.0600 秒
2017-11-22 11:18:52,883 [1] INFO  App - Start
2017-11-22 11:18:52,898 [1] INFO  App - ==== Application_Start ====
2017-11-22 11:19:11,008 [7] INFO  App - 2017-11-22 11:19:10:979 请求 http://localhost:5625/Admins/Main.aspx, IP地址 ::1, 耗时 1.8520 秒
2017-11-22 11:19:14,862 [8] INFO  App - 2017-11-22 11:19:14:720 请求 http://localhost:5625/__browserLink/requestData/847a2d910ab1462ca93c5668be69082c?version=2, IP地址 ::1, 耗时 0.0950 秒
2017-11-22 11:19:15,656 [7] INFO  App - 2017-11-22 11:19:15:627 请求 http://localhost:5625/admins/Welcome.aspx, IP地址 ::1, 耗时 2.3130 秒
2017-11-22 11:19:19,232 [5] INFO  App - 2017-11-22 11:19:19:198 请求 http://localhost:5625/__browserLink/requestData/5e0e33c41f5f49d8930910115098160d?version=2, IP地址 ::1, 耗时 0.0050 秒
2017-11-22 11:19:48,722 [5] INFO  App - 2017-11-22 11:19:48:693 请求 http://localhost:5625/Fits/ConfigApp.aspx, IP地址 ::1, 耗时 14.2240 秒
2017-11-22 11:19:48,942 [5] INFO  App - 2017-11-22 11:19:48:891 请求 http://localhost:5625/Admins/Main.aspx, IP地址 ::1, 耗时 0.0580 秒
2017-11-22 11:19:50,725 [5] INFO  App - 2017-11-22 11:19:50:627 请求 http://localhost:5625/Files/App/201711221113379134454-defaultAppBg.png, IP地址 ::1, 耗时 0.0010 秒
2017-11-22 11:19:51,907 [7] INFO  App - 2017-11-22 11:19:51:879 请求 http://localhost:5625/__browserLink/requestData/cd60b5044522494da591398e7288843a?version=2, IP地址 ::1, 耗时 0.0020 秒
2017-11-22 11:20:14,932 [5] INFO  App - 2017-11-22 11:20:14:868 请求 http://localhost:5625/WebCall.App.DAL.DbFit.axd/GetAppBackground, IP地址 ::1, 耗时 14.3160 秒
2017-11-22 11:36:40,556 [1] INFO  App - Start
2017-11-22 11:36:40,575 [1] INFO  App - ==== Application_Start ====
2017-11-22 11:36:55,995 [8] INFO  App - 2017-11-22 11:36:55:964 请求 http://localhost:5625/Admins/Main.aspx, IP地址 ::1, 耗时 1.6350 秒
2017-11-22 11:36:59,487 [6] INFO  App - 2017-11-22 11:36:59:444 请求 http://localhost:5625/__browserLink/requestData/60898e4333204fb4ac7556777743bb7a?version=2, IP地址 ::1, 耗时 0.1100 秒
2017-11-22 11:37:00,313 [5] INFO  App - 2017-11-22 11:37:00:263 请求 http://localhost:5625/admins/Welcome.aspx, IP地址 ::1, 耗时 2.0770 秒
2017-11-22 11:37:04,366 [5] INFO  App - 2017-11-22 11:37:04:335 请求 http://localhost:5625/__browserLink/requestData/15fe63af47624690b69d7dcd67f07887?version=2, IP地址 ::1, 耗时 0.0050 秒
2017-11-22 11:37:16,057 [5] INFO  App - 2017-11-22 11:37:16:030 请求 http://localhost:5625/Admins/Main.aspx, IP地址 ::1, 耗时 0.0620 秒
2017-11-22 11:37:16,379 [6] INFO  App - 2017-11-22 11:37:16:350 请求 http://localhost:5625/Default.aspx?ReturnUrl=%2fAdmins%2fMain.aspx, IP地址 ::1, 耗时 0.2550 秒
2017-11-22 11:37:33,093 [8] INFO  App - 2017-11-22 11:37:33:065 请求 http://localhost:5625/Handlers/VerifyCode.ashx, IP地址 ::1, 耗时 15.7710 秒
2017-11-22 11:37:33,542 [8] INFO  App - 2017-11-22 11:37:33:510 请求 http://localhost:5625/__browserLink/requestData/7ce277c9217f4f3eb914747fc7e6d42e?version=2, IP地址 ::1, 耗时 0.0020 秒
2017-11-22 11:39:45,033 [1] INFO  App - Start
2017-11-22 11:39:45,046 [1] INFO  App - ==== Application_Start ====
2017-11-22 11:39:54,394 [5] INFO  App - 2017-11-22 11:39:54:365 请求 http://localhost:5625/Default.aspx, IP地址 ::1, 耗时 6.4650 秒
2017-11-22 11:40:11,667 [6] INFO  App - 2017-11-22 11:40:11:615 请求 http://localhost:5625/Handlers/VerifyCode.ashx, IP地址 ::1, 耗时 16.4870 秒
2017-11-22 11:40:12,238 [5] INFO  App - 2017-11-22 11:40:12:211 请求 http://localhost:5625/__browserLink/requestData/5df6dda460a44e2ca7d43836ee2c4c51?version=2, IP地址 ::1, 耗时 0.1060 秒
2017-11-22 11:42:51,894 [1] INFO  App - Start
2017-11-22 11:42:51,910 [1] INFO  App - ==== Application_Start ====
2017-11-22 11:43:04,034 [5] INFO  App - 2017-11-22 11:43:03:946 请求 http://localhost:5625/Default.aspx, IP地址 ::1, 耗时 8.6060 秒
2017-11-22 11:43:06,051 [5] INFO  App - 2017-11-22 11:43:06:005 请求 http://localhost:5625/Handlers/VerifyCode.ashx, IP地址 ::1, 耗时 0.4020 秒
2017-11-22 11:43:06,957 [5] INFO  App - 2017-11-22 11:43:06:931 请求 http://localhost:5625/__browserLink/requestData/66ddea1b8c1147eaab2039ed48351dfa?version=2, IP地址 ::1, 耗时 0.1370 秒
2017-11-22 11:44:00,395 [5] INFO  App - 2017-11-22 11:44:00:366 请求 http://localhost:5625/Handlers/VerifyCode.ashx?0.6343013809528202, IP地址 ::1, 耗时 0.0200 秒
2017-11-22 11:44:01,634 [5] INFO  App - 2017-11-22 11:44:01:608 请求 http://localhost:5625/Handlers/VerifyCode.ashx?0.38428354472853243, IP地址 ::1, 耗时 0.0150 秒
2017-11-22 11:44:03,181 [5] INFO  App - 2017-11-22 11:44:03:138 请求 http://localhost:5625/Handlers/VerifyCode.ashx?0.5479325514752418, IP地址 ::1, 耗时 0.0160 秒
2017-11-22 11:44:04,836 [5] INFO  App - 2017-11-22 11:44:04:792 请求 http://localhost:5625/Handlers/VerifyCode.ashx?0.7534810120705515, IP地址 ::1, 耗时 0.0120 秒
2017-11-22 11:44:06,855 [5] INFO  App - 2017-11-22 11:44:06:825 请求 http://localhost:5625/Handlers/VerifyCode.ashx?0.09726632433012128, IP地址 ::1, 耗时 0.0150 秒
2017-11-22 11:44:09,827 [5] INFO  App - 2017-11-22 11:44:09:798 请求 http://localhost:5625/Handlers/VerifyCode.ashx?0.22423453675583005, IP地址 ::1, 耗时 0.0120 秒
2017-11-22 11:44:12,237 [7] INFO  App - 2017-11-22 11:44:12:211 请求 http://localhost:5625/Handlers/VerifyCode.ashx?0.7860261471942067, IP地址 ::1, 耗时 0.0130 秒
2017-11-22 11:44:16,211 [5] INFO  App - 2017-11-22 11:44:16:178 请求 http://localhost:5625/Handlers/VerifyCode.ashx?0.5291938984300941, IP地址 ::1, 耗时 0.0130 秒
2017-11-22 11:44:20,015 [5] INFO  App - 2017-11-22 11:44:19:988 请求 http://localhost:5625/Handlers/VerifyCode.ashx?0.7727330366615206, IP地址 ::1, 耗时 0.0130 秒
2017-11-22 11:44:24,671 [5] INFO  App - 2017-11-22 11:44:24:643 请求 http://localhost:5625/Handlers/VerifyCode.ashx?0.9677732209675014, IP地址 ::1, 耗时 0.0130 秒
2017-11-22 11:44:26,461 [7] INFO  App - 2017-11-22 11:44:26:427 请求 http://localhost:5625/Handlers/VerifyCode.ashx?0.543891348876059, IP地址 ::1, 耗时 0.0150 秒
2017-11-22 19:57:27,833 [1] INFO  App - Start
2017-11-22 19:57:28,575 [1] INFO  App - ==== Application_Start ====
2017-11-22 20:00:20,500 [1] INFO  App - Start
2017-11-22 20:00:20,513 [1] INFO  App - ==== Application_Start ====
2017-11-22 20:02:31,611 [1] INFO  App - Start
2017-11-22 20:02:31,622 [1] INFO  App - ==== Application_Start ====
2017-11-22 20:04:56,899 [5] ERROR App - Application_Error: System.EventArgs
2017-11-22 20:08:21,269 [1] INFO  App - Start
2017-11-22 20:08:21,281 [1] INFO  App - ==== Application_Start ====
2017-11-22 20:10:48,444 [5] INFO  App - 2017-11-22 20:10:48:404 请求 http://localhost:5625/Default.aspx, IP地址 ::1, 耗时 144.2310 秒
2017-11-22 20:10:50,363 [10] INFO  App - 2017-11-22 20:10:50:168 请求 http://localhost:5625/Handlers/VerifyCode.ashx, IP地址 ::1, 耗时 0.3120 秒
2017-11-22 20:10:51,702 [5] INFO  App - 2017-11-22 20:10:51:664 请求 http://localhost:5625/__browserLink/requestData/72235459904a4f70b26ac8dcd4c4c148?version=2, IP地址 ::1, 耗时 0.0590 秒
2017-11-22 20:11:24,340 [9] INFO  App - 保存数据，ID=1, Type=App.DAL.User, Data={"InUsed":true,....
2017-11-22 20:11:25,378 [9] INFO  App - 登录成功
2017-11-22 20:11:26,141 [9] INFO  App - 2017-11-22 20:11:26:081 请求 http://localhost:5625/WebCall.App.DAL.DbUser.axd/Login?userName=admin&password=admin&verifyCode=bxed, IP地址 ::1, 耗时 3.1290 秒
2017-11-22 20:11:31,919 [10] INFO  App - 2017-11-22 20:11:31:887 请求 http://localhost:5625/admins/main.aspx, IP地址 ::1, 耗时 1.4510 秒
2017-11-22 20:11:36,051 [9] INFO  App - 2017-11-22 20:11:36:010 请求 http://localhost:5625/admins/Welcome.aspx, IP地址 ::1, 耗时 1.9180 秒
2017-11-22 20:12:18,428 [11] INFO  App - 2017-11-22 20:12:18:391 请求 http://localhost:5625/admins/main.aspx, IP地址 ::1, 耗时 0.0600 秒
2017-11-22 20:13:17,778 [10] INFO  App - 2017-11-22 20:13:17:712 请求 http://localhost:5625/__browserLink/requestData/4758673e75164d4b897dde396ae1d970?version=2, IP地址 ::1, 耗时 0.0070 秒
2017-11-22 20:19:12,518 [18] INFO  App - 2017-11-22 20:19:12:489 请求 http://localhost:5625/Fits/ConfigApp.aspx, IP地址 ::1, 耗时 1.2010 秒
2017-11-22 20:19:13,549 [19] INFO  App - 2017-11-22 20:19:13:516 请求 http://localhost:5625/Files/App/201711221113379134454-defaultAppBg.png, IP地址 ::1, 耗时 0.0020 秒
2017-11-22 20:19:14,215 [19] INFO  App - 2017-11-22 20:19:14:187 请求 http://localhost:5625/__browserLink/requestData/c7544f4c34774e14b84f92408aa5414f?version=2, IP地址 ::1, 耗时 0.0020 秒
2017-11-22 20:20:38,317 [18] INFO  App - 2017-11-22 20:20:38:177 请求 http://localhost:5625/Fits/Users.aspx?roleGroup=customer, IP地址 ::1, 耗时 3.1870 秒
2017-11-22 20:20:40,850 [18] INFO  App - 2017-11-22 20:20:40:804 请求 http://localhost:5625/Files/Users/201711050056508939930-TB2iEE1wl8lpuFjy0FnXXcZyXXa_!!0-rate.jpg_400x400.jpg, IP地址 ::1, 耗时 0.0000 秒
2017-11-22 20:20:40,890 [25] INFO  App - 2017-11-22 20:20:40:817 请求 http://localhost:5625/Files/Users/201711051628110901360-TB2iEE1wl8lpuFjy0FnXXcZyXXa_!!0-rate.jpg_400x400.jpg, IP地址 ::1, 耗时 0.0000 秒
2017-11-22 20:20:40,992 [22] INFO  App - 2017-11-22 20:20:40:869 请求 http://localhost:5625/Files/Users/201711050106186009983-TB2NHZuriC9MuFjSZFoXXbUzFXa_!!0-rate.jpg_400x400.jpg, IP地址 ::1, 耗时 0.0000 秒
2017-11-22 20:20:41,115 [18] INFO  App - 2017-11-22 20:20:40:921 请求 http://localhost:5625/Files/Users/201711050121395787709-TB24txGabMlyKJjSZFAXXbkLXXa_!!0-rate.jpg_400x400.jpg, IP地址 ::1, 耗时 0.0000 秒
2017-11-22 20:20:41,203 [25] INFO  App - 2017-11-22 20:20:40:900 请求 http://localhost:5625/Files/Users/201711050057323840037-TB24txGabMlyKJjSZFAXXbkLXXa_!!0-rate.jpg_400x400.jpg, IP地址 ::1, 耗时 0.0000 秒
2017-11-22 20:20:41,365 [21] INFO  App - 2017-11-22 20:20:40:849 请求 http://localhost:5625/Files/Users/201711050112257968980-TB2RoOwX1IPyuJjSspcXXXiApXa_!!0-rate.jpg_400x400.jpg, IP地址 ::1, 耗时 0.0000 秒
2017-11-22 20:20:42,043 [18] INFO  App - 2017-11-22 20:20:41:963 请求 http://localhost:5625/__browserLink/requestData/f19adaaa9baa4ac2bc3f1a5088da9a0e?version=2, IP地址 ::1, 耗时 0.0030 秒
2017-11-22 20:29:38,886 [25] INFO  App - 2017-11-22 20:29:38:851 请求 http://localhost:5625/Fits/Users.aspx?roleGroup=customer, IP地址 ::1, 耗时 2.2340 秒
2017-11-22 20:29:39,466 [16] INFO  App - 2017-11-22 20:29:39:433 请求 http://localhost:5625/extjs/res/ext-theme-neptune/theme-neptune-all_1.css?v6.0.3, IP地址 ::1, 耗时 0.0000 秒
2017-11-22 20:29:39,501 [15] INFO  App - 2017-11-22 20:29:39:466 请求 http://localhost:5625/extjs/ext-all.js?v6.0.3, IP地址 ::1, 耗时 0.0000 秒
2017-11-22 20:29:39,543 [16] INFO  App - 2017-11-22 20:29:39:503 请求 http://localhost:5625/res/js/jquery-1.10.2.min.js, IP地址 ::1, 耗时 0.0000 秒
2017-11-22 20:29:39,583 [15] INFO  App - 2017-11-22 20:29:39:543 请求 http://localhost:5625/extjs/res/theme-neptune.css?v6.0.3, IP地址 ::1, 耗时 0.0000 秒
2017-11-22 20:29:39,621 [25] INFO  App - 2017-11-22 20:29:39:463 请求 http://localhost:5625/extjs/res/ext-theme-neptune/theme-neptune-all_2.css?v6.0.3, IP地址 ::1, 耗时 0.0000 秒
2017-11-22 20:29:39,747 [16] INFO  App - 2017-11-22 20:29:39:594 请求 http://localhost:5625/extjs/ext-fineui.js?v6.0.3, IP地址 ::1, 耗时 0.0000 秒
2017-11-22 20:29:39,806 [15] INFO  App - 2017-11-22 20:29:39:723 请求 http://localhost:5625/extjs/lang/zh_CN.js?v6.0.3, IP地址 ::1, 耗时 0.0000 秒
2017-11-22 20:29:39,945 [25] INFO  App - 2017-11-22 20:29:39:656 请求 http://localhost:5625/extjs/res/ext-theme-neptune/theme-neptune.js?v6.0.3, IP地址 ::1, 耗时 0.0000 秒
2017-11-22 20:29:40,103 [15] INFO  App - 2017-11-22 20:29:39:826 请求 http://localhost:5625/res/loading/_3/ffffff_444444.gif, IP地址 ::1, 耗时 0.0000 秒
2017-11-22 20:29:40,967 [25] INFO  App - 2017-11-22 20:29:40:933 请求 http://localhost:5625/res/icon/add.png, IP地址 ::1, 耗时 0.0000 秒
2017-11-22 20:29:41,002 [15] INFO  App - 2017-11-22 20:29:40:966 请求 http://localhost:5625/res/icon/delete.png, IP地址 ::1, 耗时 0.0000 秒
2017-11-22 20:29:41,237 [25] INFO  App - 2017-11-22 20:29:41:197 请求 http://localhost:5625/res/icon/user.png, IP地址 ::1, 耗时 0.0000 秒
2017-11-22 20:29:41,307 [15] INFO  App - 2017-11-22 20:29:41:202 请求 http://localhost:5625/res/icon/chart_line.png, IP地址 ::1, 耗时 0.0000 秒
2017-11-22 20:29:41,381 [25] INFO  App - 2017-11-22 20:29:41:243 请求 http://localhost:5625/res/icon/cart.png, IP地址 ::1, 耗时 0.0000 秒
2017-11-22 20:29:41,424 [15] INFO  App - 2017-11-22 20:29:41:315 请求 http://localhost:5625/res/icon/key.png, IP地址 ::1, 耗时 0.0000 秒
2017-11-22 20:29:41,467 [25] INFO  App - 2017-11-22 20:29:41:388 请求 http://localhost:5625/res/icon/calendar.png, IP地址 ::1, 耗时 0.0000 秒
2017-11-22 20:29:41,521 [25] INFO  App - 2017-11-22 20:29:41:473 请求 http://localhost:5625/extjs/res/s.gif, IP地址 ::1, 耗时 0.0000 秒
2017-11-22 20:29:41,580 [15] INFO  App - 2017-11-22 20:29:41:430 请求 http://localhost:5625/res/icon/vcard.png, IP地址 ::1, 耗时 0.0000 秒
2017-11-22 20:29:41,630 [25] INFO  App - 2017-11-22 20:29:41:566 请求 http://localhost:5625/Files/Users/201711082301338185514-banner2.png, IP地址 ::1, 耗时 0.0000 秒
2017-11-22 20:29:41,697 [15] INFO  App - 2017-11-22 20:29:41:603 请求 http://localhost:5625/Res/Images/defaultUser.png, IP地址 ::1, 耗时 0.0000 秒
2017-11-22 20:29:41,858 [25] INFO  App - 2017-11-22 20:29:41:696 请求 http://localhost:5625/Files/Users/201711080927158465985-banner2.png, IP地址 ::1, 耗时 0.0000 秒
2017-11-22 20:29:41,900 [15] INFO  App - 2017-11-22 20:29:41:763 请求 http://localhost:5625/Files/Users/201711051628110901360-TB2iEE1wl8lpuFjy0FnXXcZyXXa_!!0-rate.jpg_400x400.jpg, IP地址 ::1, 耗时 0.0000 秒
2017-11-22 20:29:42,030 [25] INFO  App - 2017-11-22 20:29:41:899 请求 http://localhost:5625/Files/Users/201711050056508939930-TB2iEE1wl8lpuFjy0FnXXcZyXXa_!!0-rate.jpg_400x400.jpg, IP地址 ::1, 耗时 0.0000 秒
2017-11-22 20:29:42,099 [25] INFO  App - 2017-11-22 20:29:42:051 请求 http://localhost:5625/Files/Users/201711050106186009983-TB2NHZuriC9MuFjSZFoXXbUzFXa_!!0-rate.jpg_400x400.jpg, IP地址 ::1, 耗时 0.0000 秒
2017-11-22 20:29:42,130 [15] INFO  App - 2017-11-22 20:29:41:909 请求 http://localhost:5625/Files/Users/201711050057323840037-TB24txGabMlyKJjSZFAXXbkLXXa_!!0-rate.jpg_400x400.jpg, IP地址 ::1, 耗时 0.0000 秒
2017-11-22 20:29:42,166 [25] INFO  App - 2017-11-22 20:29:42:134 请求 http://localhost:5625/Files/Users/201711050112257968980-TB2RoOwX1IPyuJjSspcXXXiApXa_!!0-rate.jpg_400x400.jpg, IP地址 ::1, 耗时 0.0000 秒
2017-11-22 20:29:42,201 [15] INFO  App - 2017-11-22 20:29:42:168 请求 http://localhost:5625/Files/Users/201711050121395787709-TB24txGabMlyKJjSZFAXXbkLXXa_!!0-rate.jpg_400x400.jpg, IP地址 ::1, 耗时 0.0000 秒
2017-11-22 20:29:42,229 [25] INFO  App - 2017-11-22 20:29:42:173 请求 http://localhost:5625/Files/Users/201710271501565026094-defaultUser.png, IP地址 ::1, 耗时 0.0000 秒
2017-11-22 20:29:42,651 [15] INFO  App - 2017-11-22 20:29:42:603 请求 http://localhost:5625/__browserLink/requestData/2bedbe2fb9b7493fbb03a8b6e553e9ce?version=2, IP地址 ::1, 耗时 0.0030 秒
2017-11-22 20:30:07,657 [25] INFO  App - 2017-11-22 20:30:07:628 请求 http://localhost:5625/Fits/Users.aspx?roleGroup=customer, IP地址 ::1, 耗时 1.3950 秒
2017-11-22 20:30:08,288 [16] INFO  App - 2017-11-22 20:30:08:240 请求 http://localhost:5625/extjs/res/ext-theme-neptune/theme-neptune-all_1.css?v6.0.3, IP地址 ::1, 耗时 0.0000 秒
2017-11-22 20:30:08,366 [25] INFO  App - 2017-11-22 20:30:08:286 请求 http://localhost:5625/extjs/res/ext-theme-neptune/theme-neptune-all_2.css?v6.0.3, IP地址 ::1, 耗时 0.0000 秒
2017-11-22 20:30:08,395 [16] INFO  App - 2017-11-22 20:30:08:341 请求 http://localhost:5625/res/js/jquery-1.10.2.min.js, IP地址 ::1, 耗时 0.0000 秒
2017-11-22 20:30:08,433 [15] INFO  App - 2017-11-22 20:30:08:287 请求 http://localhost:5625/extjs/res/theme-neptune.css?v6.0.3, IP地址 ::1, 耗时 0.0000 秒
2017-11-22 20:30:08,466 [25] INFO  App - 2017-11-22 20:30:08:406 请求 http://localhost:5625/res/loading/_3/ffffff_444444.gif, IP地址 ::1, 耗时 0.0000 秒
2017-11-22 20:30:08,500 [15] INFO  App - 2017-11-22 20:30:08:437 请求 http://localhost:5625/extjs/ext-fineui.js?v6.0.3, IP地址 ::1, 耗时 0.0000 秒
2017-11-22 20:30:08,568 [25] INFO  App - 2017-11-22 20:30:08:499 请求 http://localhost:5625/extjs/res/ext-theme-neptune/theme-neptune.js?v6.0.3, IP地址 ::1, 耗时 0.0000 秒
2017-11-22 20:30:08,604 [15] INFO  App - 2017-11-22 20:30:08:541 请求 http://localhost:5625/extjs/lang/zh_CN.js?v6.0.3, IP地址 ::1, 耗时 0.0000 秒
2017-11-22 20:30:08,633 [16] INFO  App - 2017-11-22 20:30:08:431 请求 http://localhost:5625/extjs/ext-all.js?v6.0.3, IP地址 ::1, 耗时 0.0000 秒
2017-11-22 20:30:09,123 [15] INFO  App - 2017-11-22 20:30:09:096 请求 http://localhost:5625/extjs/ext-fineui.js?v6.0.3, IP地址 ::1, 耗时 0.0000 秒
2017-11-22 20:30:09,196 [16] INFO  App - 2017-11-22 20:30:09:170 请求 http://localhost:5625/extjs/res/ext-theme-neptune/theme-neptune.js?v6.0.3, IP地址 ::1, 耗时 0.0000 秒
2017-11-22 20:30:09,239 [15] INFO  App - 2017-11-22 20:30:09:212 请求 http://localhost:5625/extjs/lang/zh_CN.js?v6.0.3, IP地址 ::1, 耗时 0.0000 秒
2017-11-22 20:30:10,689 [16] INFO  App - 2017-11-22 20:30:10:657 请求 http://localhost:5625/__browserLink/requestData/f787214fd3544cbb9c2f85bb4e5af6ce?version=2, IP地址 ::1, 耗时 0.0020 秒
2017-11-22 20:31:38,630 [25] INFO  App - 2017-11-22 20:31:38:602 请求 http://localhost:5625/Fits/ConfigApp.aspx, IP地址 ::1, 耗时 0.3210 秒
2017-11-22 20:31:39,113 [15] INFO  App - 2017-11-22 20:31:39:077 请求 http://localhost:5625/extjs/res/ext-theme-neptune/theme-neptune-all_1.css?v6.0.3, IP地址 ::1, 耗时 0.0000 秒
2017-11-22 20:31:39,186 [25] INFO  App - 2017-11-22 20:31:39:080 请求 http://localhost:5625/res/loading/_3/ffffff_444444.gif, IP地址 ::1, 耗时 0.0000 秒
2017-11-22 20:31:39,228 [15] INFO  App - 2017-11-22 20:31:39:183 请求 http://localhost:5625/extjs/res/ext-theme-neptune/theme-neptune-all_2.css?v6.0.3, IP地址 ::1, 耗时 0.0000 秒
2017-11-22 20:31:39,256 [25] INFO  App - 2017-11-22 20:31:39:202 请求 http://localhost:5625/extjs/ext-all.js?v6.0.3, IP地址 ::1, 耗时 0.0000 秒
2017-11-22 20:31:39,303 [15] INFO  App - 2017-11-22 20:31:39:262 请求 http://localhost:5625/extjs/res/theme-neptune.css?v6.0.3, IP地址 ::1, 耗时 0.0000 秒
2017-11-22 20:31:39,360 [25] INFO  App - 2017-11-22 20:31:39:280 请求 http://localhost:5625/extjs/ext-fineui.js?v6.0.3, IP地址 ::1, 耗时 0.0000 秒
2017-11-22 20:31:39,447 [13] INFO  App - 2017-11-22 20:31:39:348 请求 http://localhost:5625/extjs/res/ext-theme-neptune/theme-neptune.js?v6.0.3, IP地址 ::1, 耗时 0.0000 秒
2017-11-22 20:31:39,487 [15] INFO  App - 2017-11-22 20:31:39:350 请求 http://localhost:5625/extjs/lang/zh_CN.js?v6.0.3, IP地址 ::1, 耗时 0.0000 秒
2017-11-22 20:31:40,634 [15] INFO  App - 2017-11-22 20:31:40:606 请求 http://localhost:5625/__browserLink/requestData/e247b6a21e774d57825c45fa65d080d9?version=2, IP地址 ::1, 耗时 0.0010 秒
2017-11-22 20:32:13,142 [25] INFO  App - 2017-11-22 20:32:13:094 请求 http://localhost:5625/Fits/ConfigApp.aspx, IP地址 ::1, 耗时 0.3370 秒
2017-11-22 20:32:13,613 [15] INFO  App - 2017-11-22 20:32:13:572 请求 http://localhost:5625/extjs/res/ext-theme-neptune/theme-neptune-all_2.css?v6.0.3, IP地址 ::1, 耗时 0.0000 秒
2017-11-22 20:32:13,676 [25] INFO  App - 2017-11-22 20:32:13:609 请求 http://localhost:5625/extjs/res/ext-theme-neptune/theme-neptune-all_1.css?v6.0.3, IP地址 ::1, 耗时 0.0000 秒
2017-11-22 20:32:13,695 [20] INFO  App - 2017-11-22 20:32:13:621 请求 http://localhost:5625/res/loading/_3/ffffff_444444.gif, IP地址 ::1, 耗时 0.0000 秒
2017-11-22 20:32:13,736 [25] INFO  App - 2017-11-22 20:32:13:696 请求 http://localhost:5625/extjs/res/ext-theme-neptune/theme-neptune.js?v6.0.3, IP地址 ::1, 耗时 0.0000 秒
2017-11-22 20:32:13,771 [20] INFO  App - 2017-11-22 20:32:13:711 请求 http://localhost:5625/extjs/lang/zh_CN.js?v6.0.3, IP地址 ::1, 耗时 0.0000 秒
2017-11-22 20:32:13,806 [13] INFO  App - 2017-11-22 20:32:13:588 请求 http://localhost:5625/extjs/res/theme-neptune.css?v6.0.3, IP地址 ::1, 耗时 0.0000 秒
2017-11-22 20:32:13,838 [22] INFO  App - 2017-11-22 20:32:13:694 请求 http://localhost:5625/extjs/ext-all.js?v6.0.3, IP地址 ::1, 耗时 0.0000 秒
2017-11-22 20:32:13,872 [15] INFO  App - 2017-11-22 20:32:13:689 请求 http://localhost:5625/extjs/ext-fineui.js?v6.0.3, IP地址 ::1, 耗时 0.0000 秒
2017-11-22 20:32:15,464 [25] INFO  App - 2017-11-22 20:32:15:433 请求 http://localhost:5625/__browserLink/requestData/786b74397305420c804f41b5a666ea92?version=2, IP地址 ::1, 耗时 0.0010 秒
2017-11-22 20:32:26,771 [25] INFO  App - 2017-11-22 20:32:26:741 请求 http://localhost:5625/Fits/ConfigApp.aspx, IP地址 ::1, 耗时 0.2840 秒
2017-11-22 20:32:27,272 [13] INFO  App - 2017-11-22 20:32:27:232 请求 http://localhost:5625/extjs/res/ext-theme-neptune/theme-neptune-all_1.css?v6.0.3, IP地址 ::1, 耗时 0.0000 秒
2017-11-22 20:32:27,316 [25] INFO  App - 2017-11-22 20:32:27:237 请求 http://localhost:5625/extjs/res/ext-theme-neptune/theme-neptune-all_2.css?v6.0.3, IP地址 ::1, 耗时 0.0000 秒
2017-11-22 20:32:27,354 [13] INFO  App - 2017-11-22 20:32:27:291 请求 http://localhost:5625/extjs/res/theme-neptune.css?v6.0.3, IP地址 ::1, 耗时 0.0000 秒
2017-11-22 20:32:27,416 [20] INFO  App - 2017-11-22 20:32:27:347 请求 http://localhost:5625/res/loading/_3/ffffff_444444.gif, IP地址 ::1, 耗时 0.0000 秒
2017-11-22 20:32:27,466 [13] INFO  App - 2017-11-22 20:32:27:383 请求 http://localhost:5625/extjs/lang/zh_CN.js?v6.0.3, IP地址 ::1, 耗时 0.0000 秒
2017-11-22 20:32:27,504 [22] INFO  App - 2017-11-22 20:32:27:351 请求 http://localhost:5625/extjs/res/ext-theme-neptune/theme-neptune.js?v6.0.3, IP地址 ::1, 耗时 0.0000 秒
2017-11-22 20:32:27,538 [15] INFO  App - 2017-11-22 20:32:27:350 请求 http://localhost:5625/extjs/ext-fineui.js?v6.0.3, IP地址 ::1, 耗时 0.0000 秒
2017-11-22 20:32:27,567 [25] INFO  App - 2017-11-22 20:32:27:349 请求 http://localhost:5625/extjs/ext-all.js?v6.0.3, IP地址 ::1, 耗时 0.0000 秒
2017-11-22 20:32:28,896 [25] INFO  App - 2017-11-22 20:32:28:866 请求 http://localhost:5625/__browserLink/requestData/76a73158b0264601ab77d6ff981d8c94?version=2, IP地址 ::1, 耗时 0.0020 秒
2017-11-22 20:33:12,498 [13] INFO  App - 2017-11-22 20:33:12:406 请求 http://localhost:5625/Fits/ConfigApp.aspx, IP地址 ::1, 耗时 0.3320 秒
2017-11-22 20:33:13,285 [22] INFO  App - 2017-11-22 20:33:13:192 请求 http://localhost:5625/extjs/res/ext-theme-neptune/theme-neptune-all_1.css?v6.0.3, IP地址 ::1, 耗时 0.0000 秒
2017-11-22 20:33:13,362 [13] INFO  App - 2017-11-22 20:33:13:253 请求 http://localhost:5625/extjs/res/ext-theme-neptune/theme-neptune-all_2.css?v6.0.3, IP地址 ::1, 耗时 0.0000 秒
2017-11-22 20:33:13,420 [22] INFO  App - 2017-11-22 20:33:13:293 请求 http://localhost:5625/extjs/res/theme-neptune.css?v6.0.3, IP地址 ::1, 耗时 0.0000 秒
2017-11-22 20:33:13,512 [13] INFO  App - 2017-11-22 20:33:13:375 请求 http://localhost:5625/res/loading/_3/ffffff_444444.gif, IP地址 ::1, 耗时 0.0000 秒
2017-11-22 20:33:13,619 [13] INFO  App - 2017-11-22 20:33:13:528 请求 http://localhost:5625/extjs/ext-all.js?v6.0.3, IP地址 ::1, 耗时 0.0000 秒
2017-11-22 20:33:13,827 [22] INFO  App - 2017-11-22 20:33:13:459 请求 http://localhost:5625/extjs/ext-fineui.js?v6.0.3, IP地址 ::1, 耗时 0.0000 秒
2017-11-22 20:33:14,253 [13] INFO  App - 2017-11-22 20:33:13:680 请求 http://localhost:5625/extjs/res/ext-theme-neptune/theme-neptune.js?v6.0.3, IP地址 ::1, 耗时 0.0000 秒
2017-11-22 20:33:14,462 [22] INFO  App - 2017-11-22 20:33:14:214 请求 http://localhost:5625/extjs/lang/zh_CN.js?v6.0.3, IP地址 ::1, 耗时 0.0000 秒
2017-11-22 20:33:16,275 [13] INFO  App - 2017-11-22 20:33:16:188 请求 http://localhost:5625/__browserLink/requestData/f75d7fa377d843cda20617c27a810c85?version=2, IP地址 ::1, 耗时 0.0010 秒
2017-11-22 20:33:58,840 [13] INFO  App - 2017-11-22 20:33:58:807 请求 http://localhost:5625/Fits/ConfigApp.aspx, IP地址 ::1, 耗时 0.3310 秒
2017-11-22 20:33:59,377 [22] INFO  App - 2017-11-22 20:33:59:340 请求 http://localhost:5625/extjs/res/ext-theme-neptune/theme-neptune-all_1.css?v6.0.3, IP地址 ::1, 耗时 0.0000 秒
2017-11-22 20:33:59,410 [13] INFO  App - 2017-11-22 20:33:59:342 请求 http://localhost:5625/extjs/res/ext-theme-neptune/theme-neptune-all_2.css?v6.0.3, IP地址 ::1, 耗时 0.0000 秒
2017-11-22 20:33:59,442 [22] INFO  App - 2017-11-22 20:33:59:411 请求 http://localhost:5625/res/loading/_3/ffffff_444444.gif, IP地址 ::1, 耗时 0.0000 秒
2017-11-22 20:33:59,479 [11] INFO  App - 2017-11-22 20:33:59:346 请求 http://localhost:5625/extjs/res/theme-neptune.css?v6.0.3, IP地址 ::1, 耗时 0.0000 秒
2017-11-22 20:33:59,515 [22] INFO  App - 2017-11-22 20:33:59:454 请求 http://localhost:5625/extjs/ext-all.js?v6.0.3, IP地址 ::1, 耗时 0.0000 秒
2017-11-22 20:33:59,568 [13] INFO  App - 2017-11-22 20:33:59:449 请求 http://localhost:5625/extjs/ext-fineui.js?v6.0.3, IP地址 ::1, 耗时 0.0000 秒
2017-11-22 20:33:59,654 [22] INFO  App - 2017-11-22 20:33:59:543 请求 http://localhost:5625/extjs/lang/zh_CN.js?v6.0.3, IP地址 ::1, 耗时 0.0000 秒
2017-11-22 20:33:59,704 [11] INFO  App - 2017-11-22 20:33:59:512 请求 http://localhost:5625/extjs/res/ext-theme-neptune/theme-neptune.js?v6.0.3, IP地址 ::1, 耗时 0.0000 秒
2017-11-22 20:34:01,862 [11] INFO  App - 2017-11-22 20:34:01:828 请求 http://localhost:5625/__browserLink/requestData/4b9f3fd1c58c4a74915204dca5d4fe01?version=2, IP地址 ::1, 耗时 0.0020 秒
2017-11-22 20:35:01,820 [22] INFO  App - 2017-11-22 20:35:01:790 请求 http://localhost:5625/Fits/ConfigApp.aspx, IP地址 ::1, 耗时 0.3390 秒
2017-11-22 20:35:02,624 [22] INFO  App - 2017-11-22 20:35:02:429 请求 http://localhost:5625/extjs/res/ext-theme-neptune/theme-neptune-all_1.css?v6.0.3, IP地址 ::1, 耗时 0.0000 秒
2017-11-22 20:35:02,862 [11] INFO  App - 2017-11-22 20:35:02:642 请求 http://localhost:5625/extjs/res/ext-theme-neptune/theme-neptune-all_2.css?v6.0.3, IP地址 ::1, 耗时 0.0000 秒
2017-11-22 20:35:02,921 [22] INFO  App - 2017-11-22 20:35:02:855 请求 http://localhost:5625/extjs/res/theme-neptune.css?v6.0.3, IP地址 ::1, 耗时 0.0000 秒
2017-11-22 20:35:02,952 [11] INFO  App - 2017-11-22 20:35:02:897 请求 http://localhost:5625/res/loading/_3/ffffff_444444.gif, IP地址 ::1, 耗时 0.0000 秒
2017-11-22 20:35:03,033 [22] INFO  App - 2017-11-22 20:35:02:956 请求 http://localhost:5625/extjs/ext-fineui.js?v6.0.3, IP地址 ::1, 耗时 0.0000 秒
2017-11-22 20:35:03,079 [11] INFO  App - 2017-11-22 20:35:02:988 请求 http://localhost:5625/extjs/ext-all.js?v6.0.3, IP地址 ::1, 耗时 0.0000 秒
2017-11-22 20:35:03,185 [22] INFO  App - 2017-11-22 20:35:03:039 请求 http://localhost:5625/extjs/res/ext-theme-neptune/theme-neptune.js?v6.0.3, IP地址 ::1, 耗时 0.0000 秒
2017-11-22 20:35:03,560 [11] INFO  App - 2017-11-22 20:35:03:185 请求 http://localhost:5625/extjs/lang/zh_CN.js?v6.0.3, IP地址 ::1, 耗时 0.0000 秒
2017-11-22 20:35:05,157 [22] INFO  App - 2017-11-22 20:35:04:955 请求 http://localhost:5625/__browserLink/requestData/c7ebcf8ce55b43869258e7277c38a4b4?version=2, IP地址 ::1, 耗时 0.0010 秒
2017-11-22 20:35:42,463 [22] INFO  App - 2017-11-22 20:35:42:434 请求 http://localhost:5625/Fits/ConfigApp.aspx, IP地址 ::1, 耗时 0.2800 秒
2017-11-22 20:35:42,979 [17] INFO  App - 2017-11-22 20:35:42:937 请求 http://localhost:5625/extjs/res/ext-theme-neptune/theme-neptune-all_1.css?v6.0.3, IP地址 ::1, 耗时 0.0000 秒
2017-11-22 20:35:43,021 [19] INFO  App - 2017-11-22 20:35:42:949 请求 http://localhost:5625/extjs/res/ext-theme-neptune/theme-neptune-all_2.css?v6.0.3, IP地址 ::1, 耗时 0.0000 秒
2017-11-22 20:35:43,061 [17] INFO  App - 2017-11-22 20:35:42:992 请求 http://localhost:5625/extjs/ext-fineui.js?v6.0.3, IP地址 ::1, 耗时 0.0000 秒
2017-11-22 20:35:43,099 [5] INFO  App - 2017-11-22 20:35:42:977 请求 http://localhost:5625/res/loading/_3/ffffff_444444.gif, IP地址 ::1, 耗时 0.0000 秒
2017-11-22 20:35:43,154 [11] INFO  App - 2017-11-22 20:35:42:980 请求 http://localhost:5625/extjs/ext-all.js?v6.0.3, IP地址 ::1, 耗时 0.0000 秒
2017-11-22 20:35:43,297 [5] INFO  App - 2017-11-22 20:35:43:104 请求 http://localhost:5625/extjs/res/ext-theme-neptune/theme-neptune.js?v6.0.3, IP地址 ::1, 耗时 0.0000 秒
2017-11-22 20:35:43,342 [22] INFO  App - 2017-11-22 20:35:42:975 请求 http://localhost:5625/extjs/res/theme-neptune.css?v6.0.3, IP地址 ::1, 耗时 0.0000 秒
2017-11-22 20:35:43,372 [11] INFO  App - 2017-11-22 20:35:43:229 请求 http://localhost:5625/extjs/lang/zh_CN.js?v6.0.3, IP地址 ::1, 耗时 0.0000 秒
2017-11-22 20:35:44,555 [22] INFO  App - 2017-11-22 20:35:44:528 请求 http://localhost:5625/__browserLink/requestData/719d388f9cc540979e911e49f55447d4?version=2, IP地址 ::1, 耗时 0.0010 秒
2017-11-22 20:36:00,717 [22] INFO  App - 2017-11-22 20:36:00:689 请求 http://localhost:5625/Fits/ConfigApp.aspx, IP地址 ::1, 耗时 0.2880 秒
2017-11-22 20:36:01,247 [11] INFO  App - 2017-11-22 20:36:01:207 请求 http://localhost:5625/extjs/res/ext-theme-neptune/theme-neptune-all_2.css?v6.0.3, IP地址 ::1, 耗时 0.0000 秒
2017-11-22 20:36:01,286 [22] INFO  App - 2017-11-22 20:36:01:247 请求 http://localhost:5625/extjs/res/ext-theme-neptune/theme-neptune-all_1.css?v6.0.3, IP地址 ::1, 耗时 0.0000 秒
2017-11-22 20:36:01,324 [11] INFO  App - 2017-11-22 20:36:01:286 请求 http://localhost:5625/res/loading/_3/ffffff_444444.gif, IP地址 ::1, 耗时 0.0000 秒
2017-11-22 20:36:01,370 [22] INFO  App - 2017-11-22 20:36:01:323 请求 http://localhost:5625/extjs/ext-fineui.js?v6.0.3, IP地址 ::1, 耗时 0.0000 秒
2017-11-22 20:36:01,399 [11] INFO  App - 2017-11-22 20:36:01:345 请求 http://localhost:5625/extjs/ext-all.js?v6.0.3, IP地址 ::1, 耗时 0.0000 秒
2017-11-22 20:36:01,455 [22] INFO  App - 2017-11-22 20:36:01:402 请求 http://localhost:5625/extjs/res/theme-neptune.css?v6.0.3, IP地址 ::1, 耗时 0.0000 秒
2017-11-22 20:36:01,491 [11] INFO  App - 2017-11-22 20:36:01:408 请求 http://localhost:5625/extjs/res/ext-theme-neptune/theme-neptune.js?v6.0.3, IP地址 ::1, 耗时 0.0000 秒
2017-11-22 20:36:01,529 [22] INFO  App - 2017-11-22 20:36:01:461 请求 http://localhost:5625/extjs/lang/zh_CN.js?v6.0.3, IP地址 ::1, 耗时 0.0000 秒
2017-11-22 20:36:03,133 [22] INFO  App - 2017-11-22 20:36:03:104 请求 http://localhost:5625/__browserLink/requestData/85bf95e0b228493d94dd6825656222db?version=2, IP地址 ::1, 耗时 0.0010 秒
2017-11-22 20:36:18,064 [5] INFO  App - 2017-11-22 20:36:17:944 请求 http://localhost:5625/Fits/ConfigApp.aspx, IP地址 ::1, 耗时 0.4310 秒
2017-11-22 20:36:19,100 [22] INFO  App - 2017-11-22 20:36:19:006 请求 http://localhost:5625/extjs/res/ext-theme-neptune/theme-neptune-all_1.css?v6.0.3, IP地址 ::1, 耗时 0.0000 秒
2017-11-22 20:36:19,203 [5] INFO  App - 2017-11-22 20:36:19:090 请求 http://localhost:5625/extjs/res/theme-neptune.css?v6.0.3, IP地址 ::1, 耗时 0.0000 秒
2017-11-22 20:36:19,390 [22] INFO  App - 2017-11-22 20:36:19:167 请求 http://localhost:5625/res/loading/_3/ffffff_444444.gif, IP地址 ::1, 耗时 0.0000 秒
2017-11-22 20:36:19,628 [5] INFO  App - 2017-11-22 20:36:19:231 请求 http://localhost:5625/extjs/ext-fineui.js?v6.0.3, IP地址 ::1, 耗时 0.0000 秒
2017-11-22 20:36:19,682 [11] INFO  App - 2017-11-22 20:36:19:091 请求 http://localhost:5625/extjs/res/ext-theme-neptune/theme-neptune-all_2.css?v6.0.3, IP地址 ::1, 耗时 0.0000 秒
2017-11-22 20:36:19,758 [5] INFO  App - 2017-11-22 20:36:19:633 请求 http://localhost:5625/extjs/res/ext-theme-neptune/theme-neptune.js?v6.0.3, IP地址 ::1, 耗时 0.0000 秒
2017-11-22 20:36:19,868 [11] INFO  App - 2017-11-22 20:36:19:725 请求 http://localhost:5625/extjs/lang/zh_CN.js?v6.0.3, IP地址 ::1, 耗时 0.0000 秒
2017-11-22 20:36:19,939 [22] INFO  App - 2017-11-22 20:36:19:626 请求 http://localhost:5625/extjs/ext-all.js?v6.0.3, IP地址 ::1, 耗时 0.0000 秒
2017-11-22 20:36:21,616 [5] INFO  App - 2017-11-22 20:36:21:536 请求 http://localhost:5625/__browserLink/requestData/d09b7ccc732c409aa07bedec7c9735c6?version=2, IP地址 ::1, 耗时 0.0020 秒
2017-11-22 20:37:31,953 [16] INFO  App - 2017-11-22 20:37:31:925 请求 http://localhost:5625/Fits/ConfigApp.aspx, IP地址 ::1, 耗时 0.2650 秒
2017-11-22 20:37:32,859 [5] INFO  App - 2017-11-22 20:37:32:757 请求 http://localhost:5625/extjs/res/ext-theme-neptune/theme-neptune-all_1.css?v6.0.3, IP地址 ::1, 耗时 0.0000 秒
2017-11-22 20:37:32,992 [15] INFO  App - 2017-11-22 20:37:32:772 请求 http://localhost:5625/extjs/res/ext-theme-neptune/theme-neptune-all_2.css?v6.0.3, IP地址 ::1, 耗时 0.0000 秒
2017-11-22 20:37:33,025 [5] INFO  App - 2017-11-22 20:37:32:980 请求 http://localhost:5625/res/loading/_3/ffffff_444444.gif, IP地址 ::1, 耗时 0.0000 秒
2017-11-22 20:37:33,061 [16] INFO  App - 2017-11-22 20:37:32:789 请求 http://localhost:5625/extjs/res/theme-neptune.css?v6.0.3, IP地址 ::1, 耗时 0.0000 秒
2017-11-22 20:37:33,093 [15] INFO  App - 2017-11-22 20:37:33:037 请求 http://localhost:5625/extjs/ext-all.js?v6.0.3, IP地址 ::1, 耗时 0.0000 秒
2017-11-22 20:37:33,128 [5] INFO  App - 2017-11-22 20:37:33:031 请求 http://localhost:5625/extjs/ext-fineui.js?v6.0.3, IP地址 ::1, 耗时 0.0000 秒
2017-11-22 20:37:33,168 [16] INFO  App - 2017-11-22 20:37:33:104 请求 http://localhost:5625/extjs/res/ext-theme-neptune/theme-neptune.js?v6.0.3, IP地址 ::1, 耗时 0.0000 秒
2017-11-22 20:37:33,288 [15] INFO  App - 2017-11-22 20:37:33:133 请求 http://localhost:5625/extjs/lang/zh_CN.js?v6.0.3, IP地址 ::1, 耗时 0.0000 秒
2017-11-22 20:37:35,691 [5] INFO  App - 2017-11-22 20:37:35:652 请求 http://localhost:5625/__browserLink/requestData/860c2cf888164c2fa275a9984284df69?version=2, IP地址 ::1, 耗时 0.0010 秒
2017-11-22 20:37:57,121 [16] INFO  App - 2017-11-22 20:37:57:094 请求 http://localhost:5625/admins/Configs.aspx, IP地址 ::1, 耗时 0.0530 秒
2017-11-22 20:37:59,654 [16] INFO  App - 2017-11-22 20:37:59:628 请求 http://localhost:5625/__browserLink/requestData/dda00e7b1c384eabbe329a259ec5e22b?version=2, IP地址 ::1, 耗时 0.0010 秒
2017-11-22 20:41:21,506 [17] INFO  App - 2017-11-22 20:41:21:478 请求 http://localhost:5625/Fits/ConfigApp.aspx, IP地址 ::1, 耗时 1.6060 秒
2017-11-22 20:41:21,983 [14] INFO  App - 2017-11-22 20:41:21:949 请求 http://localhost:5625/extjs/res/ext-theme-neptune/theme-neptune-all_1.css?v6.0.3, IP地址 ::1, 耗时 0.0000 秒
2017-11-22 20:41:22,023 [17] INFO  App - 2017-11-22 20:41:21:986 请求 http://localhost:5625/extjs/res/ext-theme-neptune/theme-neptune-all_2.css?v6.0.3, IP地址 ::1, 耗时 0.0000 秒
2017-11-22 20:41:22,103 [14] INFO  App - 2017-11-22 20:41:22:008 请求 http://localhost:5625/extjs/res/ext-theme-neptune/theme-neptune.js?v6.0.3, IP地址 ::1, 耗时 0.0000 秒
2017-11-22 20:41:22,132 [23] INFO  App - 2017-11-22 20:41:22:084 请求 http://localhost:5625/extjs/ext-all.js?v6.0.3, IP地址 ::1, 耗时 0.0000 秒
2017-11-22 20:41:22,176 [17] INFO  App - 2017-11-22 20:41:22:085 请求 http://localhost:5625/extjs/res/theme-neptune.css?v6.0.3, IP地址 ::1, 耗时 0.0000 秒
2017-11-22 20:41:22,211 [14] INFO  App - 2017-11-22 20:41:22:149 请求 http://localhost:5625/extjs/lang/zh_CN.js?v6.0.3, IP地址 ::1, 耗时 0.0000 秒
2017-11-22 20:41:22,271 [17] INFO  App - 2017-11-22 20:41:22:209 请求 http://localhost:5625/res/loading/_3/ffffff_444444.gif, IP地址 ::1, 耗时 0.0000 秒
2017-11-22 20:41:22,313 [23] INFO  App - 2017-11-22 20:41:22:140 请求 http://localhost:5625/extjs/ext-fineui.js?v6.0.3, IP地址 ::1, 耗时 0.0000 秒
2017-11-22 20:41:23,703 [17] INFO  App - 2017-11-22 20:41:23:674 请求 http://localhost:5625/__browserLink/requestData/25c7767fad5d4dcc95516abc818e0cd3?version=2, IP地址 ::1, 耗时 0.0020 秒
2017-11-22 20:41:44,158 [23] INFO  App - Application_End
2017-11-22 20:41:54,911 [8] INFO  App - Start
2017-11-22 20:41:54,923 [8] INFO  App - ==== Application_Start ====
2017-11-22 20:42:15,605 [17] INFO  App - 2017-11-22 20:42:15:575 请求 http://localhost:5625/Fits/ConfigApp.aspx, IP地址 ::1, 耗时 11.6850 秒
2017-11-22 20:42:16,389 [23] INFO  App - 2017-11-22 20:42:16:366 请求 http://localhost:5625/extjs/res/ext-theme-neptune/theme-neptune-all_1.css?v6.0.3, IP地址 ::1, 耗时 0.0020 秒
2017-11-22 20:42:16,429 [17] INFO  App - 2017-11-22 20:42:16:366 请求 http://localhost:5625/extjs/res/theme-neptune.css?v6.0.3, IP地址 ::1, 耗时 0.0000 秒
2017-11-22 20:42:16,470 [21] INFO  App - 2017-11-22 20:42:16:403 请求 http://localhost:5625/res/loading/_3/ffffff_444444.gif, IP地址 ::1, 耗时 0.0000 秒
2017-11-22 20:42:16,505 [23] INFO  App - 2017-11-22 20:42:16:439 请求 http://localhost:5625/extjs/ext-fineui.js?v6.0.3, IP地址 ::1, 耗时 0.0000 秒
2017-11-22 20:42:16,541 [18] INFO  App - 2017-11-22 20:42:16:372 请求 http://localhost:5625/extjs/res/ext-theme-neptune/theme-neptune-all_2.css?v6.0.3, IP地址 ::1, 耗时 0.0000 秒
2017-11-22 20:42:16,576 [21] INFO  App - 2017-11-22 20:42:16:543 请求 http://localhost:5625/extjs/lang/zh_CN.js?v6.0.3, IP地址 ::1, 耗时 0.0000 秒
2017-11-22 20:42:16,609 [23] INFO  App - 2017-11-22 20:42:16:545 请求 http://localhost:5625/extjs/res/ext-theme-neptune/theme-neptune.js?v6.0.3, IP地址 ::1, 耗时 0.0030 秒
2017-11-22 20:42:16,637 [17] INFO  App - 2017-11-22 20:42:16:472 请求 http://localhost:5625/extjs/ext-all.js?v6.0.3, IP地址 ::1, 耗时 0.0000 秒
2017-11-22 20:42:17,914 [17] INFO  App - 2017-11-22 20:42:17:887 请求 http://localhost:5625/__browserLink/requestData/9b3fce18a09d4a9b96d993894d7ae7b3?version=2, IP地址 ::1, 耗时 0.0750 秒
2017-11-22 20:43:24,357 [17] INFO  App - 2017-11-22 20:43:24:328 请求 http://localhost:5625/Fits/ConfigApp.aspx, IP地址 ::1, 耗时 0.2590 秒
2017-11-22 20:43:24,948 [23] INFO  App - 2017-11-22 20:43:24:927 请求 http://localhost:5625/extjs/res/ext-theme-neptune/theme-neptune-all_1.css?v6.0.3, IP地址 ::1, 耗时 0.0000 秒
2017-11-22 20:43:24,988 [21] INFO  App - 2017-11-22 20:43:24:937 请求 http://localhost:5625/extjs/res/theme-neptune.css?v6.0.3, IP地址 ::1, 耗时 0.0000 秒
2017-11-22 20:43:25,036 [23] INFO  App - 2017-11-22 20:43:24:986 请求 http://localhost:5625/extjs/ext-all.js?v6.0.3, IP地址 ::1, 耗时 0.0000 秒
2017-11-22 20:43:25,078 [15] INFO  App - 2017-11-22 20:43:25:005 请求 http://localhost:5625/extjs/ext-fineui.js?v6.0.3, IP地址 ::1, 耗时 0.0000 秒
2017-11-22 20:43:25,126 [23] INFO  App - 2017-11-22 20:43:25:055 请求 http://localhost:5625/extjs/lang/zh_CN.js?v6.0.3, IP地址 ::1, 耗时 0.0000 秒
2017-11-22 20:43:25,157 [16] INFO  App - 2017-11-22 20:43:24:983 请求 http://localhost:5625/res/loading/_3/ffffff_444444.gif, IP地址 ::1, 耗时 0.0000 秒
2017-11-22 20:43:25,191 [21] INFO  App - 2017-11-22 20:43:25:001 请求 http://localhost:5625/extjs/res/ext-theme-neptune/theme-neptune.js?v6.0.3, IP地址 ::1, 耗时 0.0000 秒
2017-11-22 20:43:25,218 [17] INFO  App - 2017-11-22 20:43:24:930 请求 http://localhost:5625/extjs/res/ext-theme-neptune/theme-neptune-all_2.css?v6.0.3, IP地址 ::1, 耗时 0.0000 秒
2017-11-22 20:43:26,951 [17] INFO  App - 2017-11-22 20:43:26:922 请求 http://localhost:5625/__browserLink/requestData/e11f6826a86b4412bd11f2b9da326878?version=2, IP地址 ::1, 耗时 0.0020 秒
2017-11-22 20:43:54,576 [17] INFO  App - 新增数据，ID=25871, Type=App.DAL.Config, Data={"Categor....
2017-11-22 20:43:57,405 [17] INFO  App - 2017-11-22 20:43:57:378 请求 http://localhost:5625/Fits/ConfigApp.aspx?_dc=1511354632155, IP地址 ::1, 耗时 5.1840 秒
2017-11-22 20:43:58,252 [23] INFO  App - 2017-11-22 20:43:58:119 请求 http://localhost:5625/Files/App/201711222043525201929-banner2.png, IP地址 ::1, 耗时 0.0000 秒
2017-11-22 20:44:13,643 [23] INFO  App - 保存数据，ID=23014, Type=App.DAL.Config, Data={"Categor....
2017-11-22 20:44:14,861 [23] INFO  App - 保存数据，ID=2, Type=App.DAL.Config, Data={"Category":"....
2017-11-22 20:44:17,280 [23] INFO  App - 保存数据，ID=5, Type=App.DAL.Config, Data={"Category":"....
2017-11-22 20:44:18,402 [23] INFO  App - 保存数据，ID=3, Type=App.DAL.Config, Data={"Category":"....
2017-11-22 20:44:19,496 [23] INFO  App - 保存数据，ID=4, Type=App.DAL.Config, Data={"Category":"....
2017-11-22 20:44:20,649 [23] INFO  App - 保存数据，ID=6, Type=App.DAL.Config, Data={"Category":"....
2017-11-22 20:44:21,894 [23] INFO  App - 保存数据，ID=25870, Type=App.DAL.Config, Data={"Categor....
2017-11-22 20:44:22,456 [23] INFO  App - 2017-11-22 20:44:22:426 请求 http://localhost:5625/Fits/ConfigApp.aspx?_dc=1511354647454, IP地址 ::1, 耗时 14.9090 秒
2017-11-22 20:44:23,120 [23] INFO  App - 2017-11-22 20:44:23:092 请求 http://localhost:5625/Files/App/201711222044124491948-defaultAppBg.png, IP地址 ::1, 耗时 0.0000 秒
2017-11-22 20:56:40,138 [1] INFO  App - Start
2017-11-22 20:56:40,201 [1] INFO  App - ==== Application_Start ====
2017-11-22 20:57:01,268 [6] INFO  App - 2017-11-22 20:57:01:238 请求 http://localhost:5625/Admins/Main.aspx, IP地址 ::1, 耗时 3.0390 秒
2017-11-22 20:57:11,013 [5] INFO  App - 2017-11-22 20:57:10:959 请求 http://localhost:5625/admins/Welcome.aspx, IP地址 ::1, 耗时 4.3730 秒
2017-11-22 20:58:13,056 [8] INFO  App - 2017-11-22 20:58:13:001 请求 http://localhost:5625/Admins/Main.aspx, IP地址 ::1, 耗时 0.1080 秒
2017-11-22 20:59:01,336 [9] INFO  App - 2017-11-22 20:59:01:248 请求 http://localhost:5625/__browserLink/requestData/32f48666663b4defa8362aeebc4f95ec?version=2, IP地址 ::1, 耗时 0.1600 秒
2017-11-22 21:00:54,807 [10] INFO  App - 2017-11-22 21:00:54:779 请求 http://localhost:5625/Fits/Users.aspx?roleGroup=customer, IP地址 ::1, 耗时 3.0080 秒
2017-11-22 21:00:58,514 [11] INFO  App - 2017-11-22 21:00:58:450 请求 http://localhost:5625/__browserLink/requestData/3fca8b5839b44e818782ee95993af7a8?version=2, IP地址 ::1, 耗时 0.0020 秒
2017-11-22 21:01:05,777 [11] INFO  App - 2017-11-22 21:01:05:747 请求 http://localhost:5625/Fits/Users.aspx?roleGroup=employee, IP地址 ::1, 耗时 1.8330 秒
2017-11-22 21:01:07,901 [11] INFO  App - 2017-11-22 21:01:07:873 请求 http://localhost:5625/Files/Users/201711081019121372757-banner3.png, IP地址 ::1, 耗时 0.0020 秒
2017-11-22 21:01:09,206 [11] INFO  App - 2017-11-22 21:01:09:147 请求 http://localhost:5625/__browserLink/requestData/30859f7af33a4404ae31d25be1336e45?version=2, IP地址 ::1, 耗时 0.0030 秒
2017-11-22 21:01:16,787 [12] INFO  App - 2017-11-22 21:01:16:725 请求 http://localhost:5625/Fits/ConfigApp.aspx, IP地址 ::1, 耗时 0.3040 秒
2017-11-22 21:01:19,060 [11] INFO  App - 2017-11-22 21:01:18:999 请求 http://localhost:5625/Files/App/201711222044124491948-defaultAppBg.png, IP地址 ::1, 耗时 0.0000 秒
2017-11-22 21:01:19,150 [11] INFO  App - 2017-11-22 21:01:19:082 请求 http://localhost:5625/Files/App/201711222043525201929-banner2.png, IP地址 ::1, 耗时 0.0000 秒
2017-11-22 21:01:19,806 [12] INFO  App - 2017-11-22 21:01:19:776 请求 http://localhost:5625/__browserLink/requestData/46271d748fad4c15908fc2386a22b90e?version=2, IP地址 ::1, 耗时 0.0010 秒
2017-11-22 21:01:43,614 [11] INFO  App - 保存数据，ID=23014, Type=App.DAL.Config, Data={"Categor....
2017-11-22 21:01:46,096 [11] INFO  App - 保存数据，ID=2, Type=App.DAL.Config, Data={"Category":"....
2017-11-22 21:01:47,202 [11] INFO  App - 保存数据，ID=5, Type=App.DAL.Config, Data={"Category":"....
2017-11-22 21:01:48,382 [11] INFO  App - 保存数据，ID=3, Type=App.DAL.Config, Data={"Category":"....
2017-11-22 21:01:49,489 [11] INFO  App - 保存数据，ID=4, Type=App.DAL.Config, Data={"Category":"....
2017-11-22 21:01:51,065 [11] INFO  App - 保存数据，ID=6, Type=App.DAL.Config, Data={"Category":"....
2017-11-22 21:01:52,261 [11] INFO  App - 保存数据，ID=25870, Type=App.DAL.Config, Data={"Categor....
2017-11-22 21:01:52,870 [11] INFO  App - 2017-11-22 21:01:52:755 请求 http://localhost:5625/Fits/ConfigApp.aspx?_dc=1511355699280, IP地址 ::1, 耗时 13.1710 秒
2017-11-22 21:01:55,328 [11] INFO  App - 2017-11-22 21:01:54:888 请求 http://localhost:5625/Files/App/201711222101398767798-defaultAppBg.png, IP地址 ::1, 耗时 0.0000 秒
2017-11-22 21:02:02,027 [9] INFO  App - 2017-11-22 21:02:02:000 请求 http://localhost:5625/Fits/ConfigApp.aspx?_dc=1511355721184, IP地址 ::1, 耗时 0.7510 秒
2017-11-22 21:02:57,004 [12] INFO  App - 2017-11-22 21:02:56:927 请求 http://localhost:5625/Fits/ConfigApp.aspx, IP地址 ::1, 耗时 0.7830 秒
2017-11-22 21:02:57,652 [9] INFO  App - 2017-11-22 21:02:57:580 请求 http://localhost:5625/extjs/res/ext-theme-neptune/theme-neptune-all_1.css?v6.0.3, IP地址 ::1, 耗时 0.0000 秒
2017-11-22 21:02:57,757 [12] INFO  App - 2017-11-22 21:02:57:589 请求 http://localhost:5625/extjs/res/ext-theme-neptune/theme-neptune-all_2.css?v6.0.3, IP地址 ::1, 耗时 0.0000 秒
2017-11-22 21:02:57,797 [9] INFO  App - 2017-11-22 21:02:57:750 请求 http://localhost:5625/extjs/res/theme-neptune.css?v6.0.3, IP地址 ::1, 耗时 0.0000 秒
2017-11-22 21:02:57,878 [12] INFO  App - 2017-11-22 21:02:57:800 请求 http://localhost:5625/extjs/ext-all.js?v6.0.3, IP地址 ::1, 耗时 0.0000 秒
2017-11-22 21:02:57,955 [9] INFO  App - 2017-11-22 21:02:57:876 请求 http://localhost:5625/extjs/res/ext-theme-neptune/theme-neptune.js?v6.0.3, IP地址 ::1, 耗时 0.0000 秒
2017-11-22 21:02:58,255 [12] INFO  App - 2017-11-22 21:02:57:897 请求 http://localhost:5625/extjs/ext-fineui.js?v6.0.3, IP地址 ::1, 耗时 0.0000 秒
2017-11-22 21:02:58,479 [9] INFO  App - 2017-11-22 21:02:58:109 请求 http://localhost:5625/extjs/lang/zh_CN.js?v6.0.3, IP地址 ::1, 耗时 0.0000 秒
2017-11-22 21:02:58,536 [12] INFO  App - 2017-11-22 21:02:58:389 请求 http://localhost:5625/res/loading/_3/ffffff_444444.gif, IP地址 ::1, 耗时 0.0000 秒
2017-11-22 21:02:59,003 [9] INFO  App - 2017-11-22 21:02:58:928 请求 http://localhost:5625/Files/App/201711222101398767798-defaultAppBg.png, IP地址 ::1, 耗时 0.0000 秒
2017-11-22 21:03:00,242 [12] INFO  App - 2017-11-22 21:03:00:238 请求 http://localhost:5625/__browserLink/requestData/4937af51b5a44964a0df5d28b63dddb2?version=2, IP地址 ::1, 耗时 0.0010 秒
2017-11-22 21:04:29,611 [12] INFO  App - 2017-11-22 21:04:29:580 请求 http://localhost:5625/Fits/ConfigApp.aspx?_dc=1511355783349, IP地址 ::1, 耗时 85.8050 秒
2017-11-22 21:04:30,716 [12] INFO  App - 2017-11-22 21:04:30:624 请求 http://localhost:5625/Files/App/201711222043525201929-banner2.png, IP地址 ::1, 耗时 0.0000 秒
2017-11-22 21:07:28,363 [1] INFO  App - Start
2017-11-22 21:07:28,381 [1] INFO  App - ==== Application_Start ====
2017-11-22 21:08:02,604 [6] INFO  App - 2017-11-22 21:08:02:564 请求 http://localhost:5625/Admins/Main.aspx, IP地址 ::1, 耗时 4.0890 秒
2017-11-22 21:08:10,276 [5] INFO  App - 2017-11-22 21:08:10:244 请求 http://localhost:5625/admins/Welcome.aspx, IP地址 ::1, 耗时 3.8630 秒
2017-11-22 21:09:37,543 [9] INFO  App - 2017-11-22 21:09:37:470 请求 http://localhost:5625/Admins/Main.aspx, IP地址 ::1, 耗时 0.0660 秒
2017-11-22 21:10:41,104 [10] INFO  App - 2017-11-22 21:10:40:996 请求 http://localhost:5625/Default.aspx?ReturnUrl=%2fadmins%2fmain.aspx, IP地址 ::1, 耗时 0.4510 秒
2017-11-22 21:10:42,133 [8] INFO  App - 2017-11-22 21:10:41:815 请求 http://localhost:5625/Handlers/VerifyCode.ashx, IP地址 ::1, 耗时 0.1660 秒
2017-11-22 21:10:43,130 [8] INFO  App - 2017-11-22 21:10:43:023 请求 http://localhost:5625/__browserLink/requestData/024ae4e6c9914f8299536ace248981d7?version=2, IP地址 ::1, 耗时 0.2420 秒
2017-11-22 21:10:51,200 [8] INFO  App - 保存数据，ID=1, Type=App.DAL.User, Data={"InUsed":true,....
2017-11-22 21:10:52,357 [8] INFO  App - 登录成功
2017-11-22 21:10:53,097 [8] INFO  App - 2017-11-22 21:10:53:066 请求 http://localhost:5625/WebCall.App.DAL.DbUser.axd/Login?userName=admin&password=admin&verifyCode=s4dd, IP地址 ::1, 耗时 2.9710 秒
2017-11-22 21:10:53,596 [13] INFO  App - 2017-11-22 21:10:53:567 请求 http://localhost:5625/admins/main.aspx, IP地址 ::1, 耗时 0.4290 秒
2017-11-22 21:11:00,589 [12] INFO  App - 2017-11-22 21:11:00:492 请求 http://localhost:5625/admins/Welcome.aspx, IP地址 ::1, 耗时 4.2050 秒
2017-11-22 21:11:05,636 [8] INFO  App - 2017-11-22 21:11:05:589 请求 http://localhost:5625/__browserLink/requestData/84db3eb7cb634da6a8de08f860535956?version=2, IP地址 ::1, 耗时 0.0020 秒
2017-11-22 21:11:10,086 [13] INFO  App - 2017-11-22 21:11:10:059 请求 http://localhost:5625/Fits/ConfigApp.aspx, IP地址 ::1, 耗时 0.5300 秒
2017-11-22 21:11:11,971 [8] INFO  App - 2017-11-22 21:11:11:704 请求 http://localhost:5625/Files/App/201711222101398767798-defaultAppBg.png, IP地址 ::1, 耗时 0.0020 秒
2017-11-22 21:11:12,202 [12] INFO  App - 2017-11-22 21:11:11:963 请求 http://localhost:5625/Files/AppBanners/201711090001168617064-banner1.png, IP地址 ::1, 耗时 0.0000 秒
2017-11-22 21:11:12,379 [8] INFO  App - 2017-11-22 21:11:12:200 请求 http://localhost:5625/Files/App/201711222043525201929-banner2.png, IP地址 ::1, 耗时 0.0000 秒
2017-11-22 21:11:12,467 [12] INFO  App - 2017-11-22 21:11:12:294 请求 http://localhost:5625/Files/AppBanners/201711090001071027026-banner2.png, IP地址 ::1, 耗时 0.0000 秒
2017-11-22 21:11:12,715 [13] INFO  App - 2017-11-22 21:11:11:965 请求 http://localhost:5625/Files/AppBanners/201711090001284731567-banner-weibofit.png, IP地址 ::1, 耗时 0.0000 秒
2017-11-22 21:11:14,288 [12] INFO  App - 2017-11-22 21:11:14:027 请求 http://localhost:5625/__browserLink/requestData/8a48b7f4ca214757926cbdfc913c5a20?version=2, IP地址 ::1, 耗时 0.0020 秒
2017-11-22 21:11:14,851 [13] INFO  App - 2017-11-22 21:11:14:671 请求 http://localhost:5625/__browserLink/requestData/7f4ec11ab2264fea96214037247f0dbb?version=2, IP地址 ::1, 耗时 0.0140 秒
2017-11-22 21:11:16,037 [12] INFO  App - 2017-11-22 21:11:15:972 请求 http://localhost:5625/extjs/res/ext-theme-neptune/images/shared/icon-warning.png, IP地址 ::1, 耗时 0.0000 秒
2017-11-22 21:11:56,059 [13] INFO  App - 删除数据，ID=25871, Type=App.DAL.Config, Data={"Categor....
2017-11-22 21:12:02,514 [13] INFO  App - 2017-11-22 21:12:02:483 请求 http://localhost:5625/Fits/ConfigApp.aspx?_dc=1511356277653, IP地址 ::1, 耗时 44.7660 秒
2017-11-22 21:12:02,876 [12] INFO  App - 2017-11-22 21:12:02:798 请求 http://localhost:5625/admins/main.aspx, IP地址 ::1, 耗时 0.0420 秒
2017-11-22 21:12:03,848 [13] INFO  App - 2017-11-22 21:12:03:550 请求 http://localhost:5625/admins/main.aspx, IP地址 ::1, 耗时 0.0280 秒
2017-11-22 21:13:15,801 [15] INFO  App - 新增数据，ID=25872, Type=App.DAL.Config, Data={"Categor....
2017-11-22 21:13:19,702 [15] INFO  App - 2017-11-22 21:13:19:663 请求 http://localhost:5625/Fits/ConfigApp.aspx?_dc=1511356391679, IP地址 ::1, 耗时 7.9240 秒
2017-11-22 21:13:19,952 [13] INFO  App - 2017-11-22 21:13:19:897 请求 http://localhost:5625/Files/App/201711222113118904869-屏幕快照_2017-11-22_下午8.22.30.png, IP地址 ::1, 耗时 0.0000 秒
2017-11-22 21:13:35,264 [13] INFO  App - 删除数据，ID=25872, Type=App.DAL.Config, Data={"Categor....
2017-11-22 21:13:37,756 [13] INFO  App - 2017-11-22 21:13:37:726 请求 http://localhost:5625/Fits/ConfigApp.aspx?_dc=1511356404562, IP地址 ::1, 耗时 13.0800 秒
2017-11-22 21:14:05,366 [15] INFO  App - 保存数据，ID=23014, Type=App.DAL.Config, Data={"Categor....
2017-11-22 21:14:08,997 [15] INFO  App - 保存数据，ID=2, Type=App.DAL.Config, Data={"Category":"....
2017-11-22 21:14:10,213 [15] INFO  App - 保存数据，ID=5, Type=App.DAL.Config, Data={"Category":"....
2017-11-22 21:14:11,494 [15] INFO  App - 保存数据，ID=3, Type=App.DAL.Config, Data={"Category":"....
2017-11-22 21:14:12,717 [15] INFO  App - 保存数据，ID=4, Type=App.DAL.Config, Data={"Category":"....
2017-11-22 21:14:13,971 [15] INFO  App - 保存数据，ID=6, Type=App.DAL.Config, Data={"Category":"....
2017-11-22 21:14:15,827 [15] INFO  App - 保存数据，ID=25870, Type=App.DAL.Config, Data={"Categor....
2017-11-22 21:14:16,918 [15] INFO  App - 2017-11-22 21:14:16:856 请求 http://localhost:5625/Fits/ConfigApp.aspx?_dc=1511356441857, IP地址 ::1, 耗时 14.9110 秒
2017-11-22 21:14:17,890 [15] INFO  App - 2017-11-22 21:14:17:678 请求 http://localhost:5625/Files/App/201711222114020604772-屏幕快照_2017-11-22_下午8.14.19.png, IP地址 ::1, 耗时 0.0000 秒
2017-11-22 21:14:33,598 [15] INFO  App - 2017-11-22 21:14:33:571 请求 http://localhost:5625/Fits/ConfigApp.aspx, IP地址 ::1, 耗时 0.4810 秒
2017-11-22 21:14:35,625 [13] INFO  App - 2017-11-22 21:14:35:586 请求 http://localhost:5625/Files/App/201711222114020604772-屏幕快照_2017-11-22_下午8.14.19.png, IP地址 ::1, 耗时 0.0000 秒
2017-11-22 21:14:36,384 [13] INFO  App - 2017-11-22 21:14:36:334 请求 http://localhost:5625/__browserLink/requestData/9593565e767d414e8269867636a7132b?version=2, IP地址 ::1, 耗时 0.0020 秒
2017-11-22 21:15:05,324 [13] INFO  App - 保存数据，ID=23014, Type=App.DAL.Config, Data={"Categor....
2017-11-22 21:15:08,472 [13] INFO  App - 保存数据，ID=2, Type=App.DAL.Config, Data={"Category":"....
2017-11-22 21:15:10,675 [13] INFO  App - 保存数据，ID=5, Type=App.DAL.Config, Data={"Category":"....
2017-11-22 21:15:11,887 [13] INFO  App - 保存数据，ID=3, Type=App.DAL.Config, Data={"Category":"....
2017-11-22 21:15:13,140 [13] INFO  App - 保存数据，ID=4, Type=App.DAL.Config, Data={"Category":"....
2017-11-22 21:15:14,423 [13] INFO  App - 保存数据，ID=6, Type=App.DAL.Config, Data={"Category":"....
2017-11-22 21:15:15,660 [13] INFO  App - 保存数据，ID=25870, Type=App.DAL.Config, Data={"Categor....
2017-11-22 21:15:16,295 [13] INFO  App - 2017-11-22 21:15:16:266 请求 http://localhost:5625/Fits/ConfigApp.aspx?_dc=1511356500886, IP地址 ::1, 耗时 15.2960 秒
2017-11-22 21:15:16,573 [13] INFO  App - 2017-11-22 21:15:16:531 请求 http://localhost:5625/Files/App/201711222115011274802-defaultAppBg.png, IP地址 ::1, 耗时 0.0000 秒
