2017-11-24 11:58:53,112 [1] INFO  App - Start
2017-11-24 11:58:53,171 [1] INFO  App - ==== Application_Start ====
2017-11-24 11:59:03,912 [6] INFO  App - 2017-11-24 11:59:03:883 请求 http://localhost:5625/Default.aspx, IP地址 ::1, 耗时 6.3070 秒
2017-11-24 11:59:05,243 [5] INFO  App - 2017-11-24 11:59:05:213 请求 http://localhost:5625/Handlers/VerifyCode.ashx, IP地址 ::1, 耗时 0.1640 秒
2017-11-24 11:59:06,394 [5] INFO  App - 2017-11-24 11:59:06:367 请求 http://localhost:5625/__browserLink/requestData/7d50034ecae34f74bf2439a7130317a2?version=2, IP地址 ::1, 耗时 0.0510 秒
2017-11-24 11:59:33,018 [5] INFO  App - 保存数据，ID=1, Type=App.DAL.User, Data={"InUsed":true,....
2017-11-24 11:59:34,030 [5] INFO  App - 登录成功
2017-11-24 11:59:34,586 [5] INFO  App - 2017-11-24 11:59:34:559 请求 http://localhost:5625/WebCall.App.DAL.DbUser.axd/Login?userName=admin&password=admin&verifyCode=kdye, IP地址 ::1, 耗时 2.8700 秒
2017-11-24 11:59:38,967 [6] INFO  App - 2017-11-24 11:59:38:940 请求 http://localhost:5625/admins/main.aspx, IP地址 ::1, 耗时 1.2030 秒
2017-11-24 11:59:42,632 [6] INFO  App - 2017-11-24 11:59:42:552 请求 http://localhost:5625/__browserLink/requestData/6f1e7b42b5df46b3a5bd4b52fff1faf6?version=2, IP地址 ::1, 耗时 0.0050 秒
2017-11-24 12:00:02,670 [5] INFO  App - 2017-11-24 12:00:02:640 请求 http://localhost:5625/admins/Welcome.aspx, IP地址 ::1, 耗时 21.4050 秒
2017-11-24 12:00:06,332 [5] INFO  App - 2017-11-24 12:00:06:300 请求 http://localhost:5625/__browserLink/requestData/4979639e963f4e7da462472ddfa4f95d?version=2, IP地址 ::1, 耗时 0.0020 秒
2017-11-24 12:00:11,838 [11] INFO  App - 2017-11-24 12:00:11:809 请求 http://localhost:5625/admins/main.aspx, IP地址 ::1, 耗时 0.1370 秒
2017-11-24 12:01:26,011 [1] INFO  App - Start
2017-11-24 12:01:26,021 [1] INFO  App - ==== Application_Start ====
2017-11-24 12:01:37,434 [6] INFO  App - 2017-11-24 12:01:37:405 请求 http://localhost:5625/Admins/Main.aspx, IP地址 ::1, 耗时 1.3590 秒
2017-11-24 12:01:41,113 [5] INFO  App - 2017-11-24 12:01:41:086 请求 http://localhost:5625/admins/Welcome.aspx, IP地址 ::1, 耗时 2.4130 秒
2017-11-24 12:01:44,247 [5] INFO  App - 2017-11-24 12:01:44:124 请求 http://localhost:5625/__browserLink/requestData/e45aed8aac894d8cad1eec1fda055b01?version=2, IP地址 ::1, 耗时 0.0940 秒
2017-11-24 12:01:44,304 [5] INFO  App - 2017-11-24 12:01:44:276 请求 http://localhost:5625/__browserLink/requestData/c2803ac74a12460d8eba3a805a604ef2?version=2, IP地址 ::1, 耗时 0.0070 秒
2017-11-24 12:02:09,002 [6] INFO  App - 2017-11-24 12:02:08:972 请求 http://localhost:5625/Admins/Main.aspx, IP地址 ::1, 耗时 0.0760 秒
2017-11-24 12:02:55,581 [1] INFO  App - Start
2017-11-24 12:02:55,596 [1] INFO  App - ==== Application_Start ====
2017-11-24 12:03:05,595 [8] INFO  App - 2017-11-24 12:03:05:594 请求 http://localhost:5625/Admins/Main.aspx, IP地址 ::1, 耗时 0.8380 秒
2017-11-24 12:03:07,106 [6] INFO  App - 2017-11-24 12:03:07:105 请求 http://localhost:5625/__browserLink/requestData/c0c7d7d147ef4be0b60b8bedc6b5556c?version=2, IP地址 ::1, 耗时 0.0740 秒
2017-11-24 12:03:08,561 [6] INFO  App - 2017-11-24 12:03:08:561 请求 http://localhost:5625/admins/Welcome.aspx, IP地址 ::1, 耗时 0.4600 秒
2017-11-24 12:03:10,016 [6] INFO  App - 2017-11-24 12:03:10:016 请求 http://localhost:5625/__browserLink/requestData/ddeb55a22ff747599bb0ca327f72d15e?version=2, IP地址 ::1, 耗时 0.0020 秒
2017-11-24 12:03:39,948 [6] INFO  App - 2017-11-24 12:03:39:948 请求 http://localhost:5625/Admins/Main.aspx, IP地址 ::1, 耗时 0.0380 秒
2017-11-24 12:18:28,335 [22] INFO  App - Application_End
2017-11-24 12:21:14,882 [1] INFO  App - Start
2017-11-24 12:21:16,608 [1] INFO  App - ==== Application_Start ====
2017-11-24 12:21:42,667 [5] INFO  App - 2017-11-24 12:21:42:379 请求 http://localhost:5625/Admins/Main.aspx, IP地址 ::1, 耗时 1.9490 秒
2017-11-24 12:21:49,159 [6] INFO  App - 2017-11-24 12:21:49:130 请求 http://localhost:5625/admins/Welcome.aspx, IP地址 ::1, 耗时 2.9830 秒
2017-11-24 12:21:53,890 [6] INFO  App - 2017-11-24 12:21:53:854 请求 http://localhost:5625/__browserLink/requestData/46cdfe8478cf481097de43d91bca57fb?version=2, IP地址 ::1, 耗时 0.0850 秒
2017-11-24 12:21:53,938 [7] INFO  App - 2017-11-24 12:21:53:900 请求 http://localhost:5625/__browserLink/requestData/ee04fabba41a4cc59501804c499681d8?version=2, IP地址 ::1, 耗时 0.0040 秒
2017-11-24 12:22:16,360 [5] INFO  App - 2017-11-24 12:22:16:333 请求 http://localhost:5625/Admins/Main.aspx, IP地址 ::1, 耗时 0.0640 秒
2017-11-24 12:22:49,126 [7] INFO  App - 2017-11-24 12:22:49:098 请求 http://localhost:5625/admins/Welcome.aspx, IP地址 ::1, 耗时 2.1880 秒
2017-11-24 12:22:49,734 [5] INFO  App - 2017-11-24 12:22:49:700 请求 http://localhost:5625/extjs/res/ext-theme-neptune/theme-neptune-all_1.css?v6.0.3, IP地址 ::1, 耗时 0.0020 秒
2017-11-24 12:22:49,786 [7] INFO  App - 2017-11-24 12:22:49:735 请求 http://localhost:5625/extjs/res/ext-theme-neptune/theme-neptune-all_2.css?v6.0.3, IP地址 ::1, 耗时 0.0000 秒
2017-11-24 12:22:49,816 [9] INFO  App - 2017-11-24 12:22:49:738 请求 http://localhost:5625/extjs/res/theme-neptune.css?v6.0.3, IP地址 ::1, 耗时 0.0000 秒
2017-11-24 12:22:49,862 [5] INFO  App - 2017-11-24 12:22:49:792 请求 http://localhost:5625/res/js/echarts.min.js, IP地址 ::1, 耗时 0.0000 秒
2017-11-24 12:22:49,902 [7] INFO  App - 2017-11-24 12:22:49:820 请求 http://localhost:5625/extjs/ext-fineui.js?v6.0.3, IP地址 ::1, 耗时 0.0000 秒
2017-11-24 12:22:49,988 [9] INFO  App - 2017-11-24 12:22:49:848 请求 http://localhost:5625/extjs/ext-all.js?v6.0.3, IP地址 ::1, 耗时 0.0000 秒
2017-11-24 12:22:50,027 [5] INFO  App - 2017-11-24 12:22:49:899 请求 http://localhost:5625/extjs/res/ext-theme-neptune/theme-neptune.js?v6.0.3, IP地址 ::1, 耗时 0.0000 秒
2017-11-24 12:22:50,076 [9] INFO  App - 2017-11-24 12:22:50:022 请求 http://localhost:5625/extjs/lang/zh_CN.js?v6.0.3, IP地址 ::1, 耗时 0.0000 秒
2017-11-24 12:22:50,112 [5] INFO  App - 2017-11-24 12:22:50:037 请求 http://localhost:5625/res/loading/_3/ffffff_444444.gif, IP地址 ::1, 耗时 0.0000 秒
2017-11-24 12:22:52,026 [5] INFO  App - 2017-11-24 12:22:51:989 请求 http://localhost:5625/__browserLink/requestData/a6afa4b3c425408fac647c86b51d0ca7?version=2, IP地址 ::1, 耗时 0.0110 秒
2017-11-24 12:23:01,939 [5] INFO  App - 2017-11-24 12:23:01:912 请求 http://localhost:5625/admins/Welcome.aspx, IP地址 ::1, 耗时 2.7240 秒
2017-11-24 12:23:02,561 [9] INFO  App - 2017-11-24 12:23:02:527 请求 http://localhost:5625/extjs/res/ext-theme-neptune/theme-neptune-all_1.css?v6.0.3, IP地址 ::1, 耗时 0.0000 秒
2017-11-24 12:23:02,603 [5] INFO  App - 2017-11-24 12:23:02:559 请求 http://localhost:5625/extjs/res/ext-theme-neptune/theme-neptune-all_2.css?v6.0.3, IP地址 ::1, 耗时 0.0000 秒
2017-11-24 12:23:02,643 [9] INFO  App - 2017-11-24 12:23:02:601 请求 http://localhost:5625/extjs/res/theme-neptune.css?v6.0.3, IP地址 ::1, 耗时 0.0000 秒
2017-11-24 12:23:02,673 [7] INFO  App - 2017-11-24 12:23:02:643 请求 http://localhost:5625/extjs/ext-all.js?v6.0.3, IP地址 ::1, 耗时 0.0000 秒
2017-11-24 12:23:02,708 [5] INFO  App - 2017-11-24 12:23:02:641 请求 http://localhost:5625/res/loading/_3/ffffff_444444.gif, IP地址 ::1, 耗时 0.0000 秒
2017-11-24 12:23:02,755 [9] INFO  App - 2017-11-24 12:23:02:708 请求 http://localhost:5625/extjs/ext-fineui.js?v6.0.3, IP地址 ::1, 耗时 0.0000 秒
2017-11-24 12:23:02,786 [5] INFO  App - 2017-11-24 12:23:02:713 请求 http://localhost:5625/res/js/echarts.min.js, IP地址 ::1, 耗时 0.0000 秒
2017-11-24 12:23:02,820 [9] INFO  App - 2017-11-24 12:23:02:789 请求 http://localhost:5625/extjs/lang/zh_CN.js?v6.0.3, IP地址 ::1, 耗时 0.0000 秒
2017-11-24 12:23:02,855 [7] INFO  App - 2017-11-24 12:23:02:754 请求 http://localhost:5625/extjs/res/ext-theme-neptune/theme-neptune.js?v6.0.3, IP地址 ::1, 耗时 0.0000 秒
2017-11-24 12:23:04,620 [7] INFO  App - 2017-11-24 12:23:04:591 请求 http://localhost:5625/__browserLink/requestData/a5215e2bc8f341eb8982473765e016b5?version=2, IP地址 ::1, 耗时 0.0010 秒
2017-11-24 12:23:12,096 [5] INFO  App - 2017-11-24 12:23:12:068 请求 http://localhost:5625/admins/welcome.aspx, IP地址 ::1, 耗时 2.5530 秒
2017-11-24 12:23:14,602 [7] INFO  App - 2017-11-24 12:23:14:564 请求 http://localhost:5625/__browserLink/requestData/e092c6718fd345509b0895e27c6f47e1?version=2, IP地址 ::1, 耗时 0.0010 秒
2017-11-24 12:27:58,082 [1] INFO  App - Start
2017-11-24 12:27:58,097 [1] INFO  App - ==== Application_Start ====
2017-11-24 12:28:11,275 [7] INFO  App - 2017-11-24 12:28:11:247 请求 http://localhost:5625/Admins/Main.aspx, IP地址 ::1, 耗时 1.6070 秒
2017-11-24 12:28:14,498 [8] INFO  App - 2017-11-24 12:28:14:444 请求 http://localhost:5625/__browserLink/requestData/d41b99acfa39478a87f9722beb7a50ea?version=2, IP地址 ::1, 耗时 0.2950 秒
2017-11-24 12:28:15,923 [7] INFO  App - 2017-11-24 12:28:15:897 请求 http://localhost:5625/admins/Welcome.aspx, IP地址 ::1, 耗时 2.4840 秒
2017-11-24 12:28:18,835 [7] INFO  App - 2017-11-24 12:28:18:809 请求 http://localhost:5625/__browserLink/requestData/086fd122e04049a8808c2f22794cce03?version=2, IP地址 ::1, 耗时 0.0010 秒
2017-11-24 12:28:44,185 [7] INFO  App - 2017-11-24 12:28:44:031 请求 http://localhost:5625/Admins/Main.aspx, IP地址 ::1, 耗时 0.1320 秒
2017-11-24 12:31:17,224 [7] INFO  App - 2017-11-24 12:31:17:207 请求 http://localhost:5625/admins/Welcome.aspx, IP地址 ::1, 耗时 19.8850 秒
2017-11-24 12:31:18,103 [10] INFO  App - 2017-11-24 12:31:18:063 请求 http://localhost:5625/extjs/res/ext-theme-neptune/theme-neptune-all_1.css?v6.0.3, IP地址 ::1, 耗时 0.0030 秒
2017-11-24 12:31:18,140 [9] INFO  App - 2017-11-24 12:31:18:105 请求 http://localhost:5625/extjs/res/ext-theme-neptune/theme-neptune-all_2.css?v6.0.3, IP地址 ::1, 耗时 0.0000 秒
2017-11-24 12:31:18,398 [8] INFO  App - 2017-11-24 12:31:18:139 请求 http://localhost:5625/extjs/res/theme-neptune.css?v6.0.3, IP地址 ::1, 耗时 0.0000 秒
2017-11-24 12:31:18,537 [16] INFO  App - 2017-11-24 12:31:18:371 请求 http://localhost:5625/extjs/res/ext-theme-neptune/theme-neptune.js?v6.0.3, IP地址 ::1, 耗时 0.0000 秒
2017-11-24 12:31:18,587 [10] INFO  App - 2017-11-24 12:31:18:200 请求 http://localhost:5625/extjs/ext-all.js?v6.0.3, IP地址 ::1, 耗时 0.0000 秒
2017-11-24 12:31:18,629 [17] INFO  App - 2017-11-24 12:31:18:337 请求 http://localhost:5625/extjs/ext-fineui.js?v6.0.3, IP地址 ::1, 耗时 0.0000 秒
2017-11-24 12:31:18,671 [18] INFO  App - 2017-11-24 12:31:18:375 请求 http://localhost:5625/extjs/lang/zh_CN.js?v6.0.3, IP地址 ::1, 耗时 0.0000 秒
2017-11-24 12:31:18,714 [9] INFO  App - 2017-11-24 12:31:18:586 请求 http://localhost:5625/res/loading/_3/ffffff_444444.gif, IP地址 ::1, 耗时 0.0000 秒
2017-11-24 12:31:18,750 [7] INFO  App - 2017-11-24 12:31:18:139 请求 http://localhost:5625/res/js/echarts.min.js, IP地址 ::1, 耗时 0.0000 秒
2017-11-24 12:31:21,146 [7] INFO  App - 2017-11-24 12:31:21:111 请求 http://localhost:5625/__browserLink/requestData/ad39d316d3ba4214a135b88c989af3dc?version=2, IP地址 ::1, 耗时 0.0010 秒
2017-11-24 12:32:37,134 [7] INFO  App - 2017-11-24 12:32:37:099 请求 http://localhost:5625/Default.aspx?ReturnUrl=%2fAdmins%2fMain.aspx, IP地址 ::1, 耗时 0.2900 秒
2017-11-24 12:32:37,565 [9] INFO  App - 2017-11-24 12:32:37:496 请求 http://localhost:5625/Handlers/VerifyCode.ashx, IP地址 ::1, 耗时 0.1170 秒
2017-11-24 12:32:38,249 [9] INFO  App - 2017-11-24 12:32:38:191 请求 http://localhost:5625/__browserLink/requestData/d42431bb046145df98733fc62d52e0e6?version=2, IP地址 ::1, 耗时 0.0010 秒
2017-11-24 12:32:45,671 [7] INFO  App - 保存数据，ID=1, Type=App.DAL.User, Data={"InUsed":true,....
2017-11-24 12:32:46,694 [7] INFO  App - 登录成功
2017-11-24 12:32:47,189 [7] INFO  App - 2017-11-24 12:32:47:157 请求 http://localhost:5625/WebCall.App.DAL.DbUser.axd/Login?userName=admin&password=admin&verifyCode=arer, IP地址 ::1, 耗时 2.6480 秒
2017-11-24 12:32:47,529 [9] INFO  App - 2017-11-24 12:32:47:495 请求 http://localhost:5625/admins/main.aspx, IP地址 ::1, 耗时 0.2580 秒
2017-11-24 12:32:55,914 [7] INFO  App - 2017-11-24 12:32:55:876 请求 http://localhost:5625/admins/Welcome.aspx, IP地址 ::1, 耗时 6.6120 秒
2017-11-24 12:32:58,923 [7] INFO  App - 2017-11-24 12:32:58:750 请求 http://localhost:5625/__browserLink/requestData/52a197b73f2943d596644a830ef2a462?version=2, IP地址 ::1, 耗时 0.0010 秒
2017-11-24 12:32:59,057 [8] INFO  App - 2017-11-24 12:32:59:026 请求 http://localhost:5625/__browserLink/requestData/6ee53cb552f246ad82a5705077819813?version=2, IP地址 ::1, 耗时 0.0020 秒
2017-11-24 12:37:58,313 [1] INFO  App - Start
2017-11-24 12:37:58,350 [1] INFO  App - ==== Application_Start ====
2017-11-24 12:38:11,704 [7] INFO  App - 2017-11-24 12:38:11:670 请求 http://localhost:5625/Admins/Main.aspx, IP地址 ::1, 耗时 1.4870 秒
2017-11-24 12:38:16,067 [5] INFO  App - 2017-11-24 12:38:16:038 请求 http://localhost:5625/admins/Welcome.aspx, IP地址 ::1, 耗时 2.8350 秒
2017-11-24 12:38:18,879 [5] INFO  App - 2017-11-24 12:38:18:820 请求 http://localhost:5625/__browserLink/requestData/a7e569b5c0eb42578fe8cbdd573dc18a?version=2, IP地址 ::1, 耗时 0.0710 秒
2017-11-24 12:38:18,911 [7] INFO  App - 2017-11-24 12:38:18:878 请求 http://localhost:5625/__browserLink/requestData/a6b45aca2782444ea6b9474353498ca1?version=2, IP地址 ::1, 耗时 0.0050 秒
2017-11-24 12:38:22,802 [5] INFO  App - 2017-11-24 12:38:22:774 请求 http://localhost:5625/Default.aspx?ReturnUrl=%2fAdmins%2fMain.aspx, IP地址 ::1, 耗时 0.2930 秒
2017-11-24 12:38:23,063 [7] INFO  App - 2017-11-24 12:38:23:021 请求 http://localhost:5625/res/css/login.css, IP地址 ::1, 耗时 0.0010 秒
2017-11-24 12:38:23,212 [5] INFO  App - 2017-11-24 12:38:23:172 请求 http://localhost:5625/Handlers/VerifyCode.ashx, IP地址 ::1, 耗时 0.0900 秒
2017-11-24 12:38:23,568 [7] INFO  App - 2017-11-24 12:38:23:430 请求 http://localhost:5625/res/images/bg.jpg, IP地址 ::1, 耗时 0.0000 秒
2017-11-24 12:38:30,852 [7] INFO  App - 保存数据，ID=1, Type=App.DAL.User, Data={"InUsed":true,....
2017-11-24 12:38:31,841 [7] INFO  App - 登录成功
2017-11-24 12:38:32,323 [7] INFO  App - 2017-11-24 12:38:32:296 请求 http://localhost:5625/WebCall.App.DAL.DbUser.axd/Login?userName=admin&password=admin&verifyCode=kk2b, IP地址 ::1, 耗时 2.2960 秒
2017-11-24 12:38:32,647 [5] INFO  App - 2017-11-24 12:38:32:620 请求 http://localhost:5625/admins/main.aspx, IP地址 ::1, 耗时 0.2480 秒
2017-11-24 12:38:32,763 [5] INFO  App - 2017-11-24 12:38:32:689 请求 http://localhost:5625/extjs/res/ext-theme-neptune/theme-neptune-all_1.css?v6.0.3, IP地址 ::1, 耗时 0.0000 秒
2017-11-24 12:38:32,823 [8] INFO  App - 2017-11-24 12:38:32:692 请求 http://localhost:5625/extjs/res/ext-theme-neptune/theme-neptune-all_2.css?v6.0.3, IP地址 ::1, 耗时 0.0000 秒
2017-11-24 12:38:32,917 [5] INFO  App - 2017-11-24 12:38:32:821 请求 http://localhost:5625/extjs/res/theme-neptune.css?v6.0.3, IP地址 ::1, 耗时 0.0000 秒
2017-11-24 12:38:32,955 [7] INFO  App - 2017-11-24 12:38:32:756 请求 http://localhost:5625/res/css/main.css, IP地址 ::1, 耗时 0.0000 秒
2017-11-24 12:38:32,993 [5] INFO  App - 2017-11-24 12:38:32:925 请求 http://localhost:5625/extjs/ext-all.js?v6.0.3, IP地址 ::1, 耗时 0.0000 秒
2017-11-24 12:38:33,113 [7] INFO  App - 2017-11-24 12:38:32:991 请求 http://localhost:5625/extjs/lang/zh_CN.js?v6.0.3, IP地址 ::1, 耗时 0.0000 秒
2017-11-24 12:38:33,222 [5] INFO  App - 2017-11-24 12:38:33:039 请求 http://localhost:5625/extjs/res/ext-theme-neptune/theme-neptune.js?v6.0.3, IP地址 ::1, 耗时 0.0000 秒
2017-11-24 12:38:33,252 [7] INFO  App - 2017-11-24 12:38:33:198 请求 http://localhost:5625/extjs/ext-fineui.js?v6.0.3, IP地址 ::1, 耗时 0.0000 秒
2017-11-24 12:38:34,010 [5] INFO  App - 2017-11-24 12:38:33:983 请求 http://localhost:5625/__browserLink/requestData/be24fcc891af4d62adf6377deee0b3d9?version=2, IP地址 ::1, 耗时 0.0600 秒
2017-11-24 12:38:43,749 [5] INFO  App - 2017-11-24 12:38:43:575 请求 http://localhost:5625/admins/main.aspx, IP地址 ::1, 耗时 0.0170 秒
2017-11-24 12:38:47,310 [5] INFO  App - 2017-11-24 12:38:47:283 请求 http://localhost:5625/admins/Welcome.aspx, IP地址 ::1, 耗时 2.3510 秒
2017-11-24 12:38:49,609 [7] INFO  App - 2017-11-24 12:38:49:477 请求 http://localhost:5625/__browserLink/requestData/2f2350c9a32e4ad38ceb38dcdd072b7c?version=2, IP地址 ::1, 耗时 0.0010 秒
2017-11-24 12:38:49,711 [7] INFO  App - 2017-11-24 12:38:49:683 请求 http://localhost:5625/__browserLink/requestData/9c0c933d8b874a64ac89a3b9aec79fd6?version=2, IP地址 ::1, 耗时 0.0010 秒
2017-11-24 12:39:15,711 [10] INFO  App - 2017-11-24 12:39:15:476 请求 http://localhost:5625/admins/main.aspx, IP地址 ::1, 耗时 0.2230 秒
2017-11-24 12:39:16,102 [5] INFO  App - 2017-11-24 12:39:16:075 请求 http://localhost:5625/admins/main.aspx, IP地址 ::1, 耗时 1.3320 秒
2017-11-24 12:39:19,533 [10] INFO  App - 2017-11-24 12:39:19:380 请求 http://localhost:5625/__browserLink/requestData/f79e636cae084870877cd3ead02714b7?version=2, IP地址 ::1, 耗时 0.0030 秒
2017-11-24 12:39:21,667 [5] INFO  App - 2017-11-24 12:39:21:622 请求 http://localhost:5625/admins/Welcome.aspx, IP地址 ::1, 耗时 3.1030 秒
2017-11-24 12:39:23,851 [5] INFO  App - 2017-11-24 12:39:23:799 请求 http://localhost:5625/__browserLink/requestData/5c3a5aab8b10448299683eeacea31082?version=2, IP地址 ::1, 耗时 0.0020 秒
2017-11-24 12:39:49,050 [5] INFO  App - 2017-11-24 12:39:49:010 请求 http://localhost:5625/admins/main.aspx, IP地址 ::1, 耗时 0.0140 秒
2017-11-24 12:43:54,602 [1] INFO  App - Start
2017-11-24 12:43:54,620 [1] INFO  App - ==== Application_Start ====
2017-11-24 12:44:09,886 [5] INFO  App - 2017-11-24 12:44:09:884 请求 http://localhost:5625/Admins/Main.aspx, IP地址 ::1, 耗时 1.3620 秒
2017-11-24 12:44:12,470 [8] INFO  App - 2017-11-24 12:44:12:470 请求 http://localhost:5625/admins/Welcome.aspx, IP地址 ::1, 耗时 0.6530 秒
2017-11-24 12:44:14,827 [5] INFO  App - 2017-11-24 12:44:14:827 请求 http://localhost:5625/__browserLink/requestData/18551d1faeaf4b2cb027ecb69a31e86c?version=2, IP地址 ::1, 耗时 0.0770 秒
2017-11-24 12:44:14,827 [8] INFO  App - 2017-11-24 12:44:14:827 请求 http://localhost:5625/__browserLink/requestData/32b5c59b11af4a6cb259eddda2cde752?version=2, IP地址 ::1, 耗时 0.0050 秒
2017-11-24 12:44:38,691 [7] INFO  App - Application_End
2017-11-24 12:44:48,492 [11] INFO  App - Start
2017-11-24 12:44:48,507 [11] INFO  App - ==== Application_Start ====
2017-11-24 12:45:02,070 [5] INFO  App - 2017-11-24 12:45:02:068 请求 http://localhost:5625/Admins/Main.aspx, IP地址 ::1, 耗时 10.2150 秒
2017-11-24 12:45:02,825 [7] INFO  App - 2017-11-24 12:45:02:825 请求 http://localhost:5625/admins/Welcome.aspx, IP地址 ::1, 耗时 10.9720 秒
2017-11-24 12:45:04,966 [8] INFO  App - 2017-11-24 12:45:04:966 请求 http://localhost:5625/__browserLink/requestData/6441c63163e4410fb82daed7ae2cdfc2?version=2, IP地址 ::1, 耗时 0.0760 秒
2017-11-24 21:51:57,081 [1] INFO  App - Start
2017-11-24 21:51:57,095 [1] INFO  App - ==== Application_Start ====
2017-11-24 21:52:10,974 [7] INFO  App - 2017-11-24 21:52:10:946 请求 http://localhost:5625/Admins/Main.aspx, IP地址 ::1, 耗时 1.4630 秒
2017-11-24 21:52:15,862 [7] INFO  App - 2017-11-24 21:52:15:806 请求 http://localhost:5625/__browserLink/requestData/fbd5d88b7ab54e2d91b7fb9cc139f674?version=2, IP地址 ::1, 耗时 0.2010 秒
2017-11-24 21:52:16,928 [5] INFO  App - 2017-11-24 21:52:16:900 请求 http://localhost:5625/admins/Welcome.aspx, IP地址 ::1, 耗时 3.1510 秒
2017-11-24 21:52:20,027 [5] INFO  App - 2017-11-24 21:52:19:870 请求 http://localhost:5625/__browserLink/requestData/1aa0c39b65fa4fbcaa53e3ecbce4dce8?version=2, IP地址 ::1, 耗时 0.0010 秒
2017-11-24 21:52:44,211 [7] INFO  App - 2017-11-24 21:52:44:183 请求 http://localhost:5625/Admins/Main.aspx, IP地址 ::1, 耗时 0.0610 秒
2017-11-24 21:54:06,484 [8] INFO  App - 2017-11-24 21:54:06:449 请求 http://localhost:5625/Fits/Orders.aspx, IP地址 ::1, 耗时 13.2360 秒
2017-11-24 21:54:09,024 [8] INFO  App - 2017-11-24 21:54:08:995 请求 http://localhost:5625/__browserLink/requestData/00e7ef210f9347019c8e45e5d99fc09f?version=2, IP地址 ::1, 耗时 0.0010 秒
2017-11-24 21:54:23,744 [9] INFO  App - 2017-11-24 21:54:23:711 请求 http://localhost:5625/Fits/Orders.aspx, IP地址 ::1, 耗时 1.3740 秒
2017-11-24 21:55:35,451 [9] INFO  App - 保存数据，ID=11, Type=App.DAL.Order, Data={"Sts":"Cance....
2017-11-24 21:55:39,834 [9] INFO  App - 2017-11-24 21:55:39:803 请求 http://localhost:5625/Fits/Orders.aspx, IP地址 ::1, 耗时 44.8700 秒
2017-11-24 21:55:56,487 [9] INFO  App - 2017-11-24 21:55:56:459 请求 http://localhost:5625/Fits/Orders.aspx, IP地址 ::1, 耗时 1.0090 秒
2017-11-24 21:56:15,004 [5] INFO  App - 2017-11-24 21:56:14:973 请求 http://localhost:5625/admins/UserForm.aspx?id=3&mode=view, IP地址 ::1, 耗时 0.8430 秒
2017-11-24 21:56:16,170 [9] INFO  App - 2017-11-24 21:56:16:129 请求 http://localhost:5625/Files/Users/201711051628110901360-TB2iEE1wl8lpuFjy0FnXXcZyXXa_!!0-rate.jpg_400x400.jpg, IP地址 ::1, 耗时 0.0020 秒
2017-11-24 21:56:16,782 [5] INFO  App - 2017-11-24 21:56:16:755 请求 http://localhost:5625/__browserLink/requestData/9350e6c45eaf4507a3f83ca4551f5f4a?version=2, IP地址 ::1, 耗时 0.0010 秒
2017-11-24 21:56:25,848 [8] INFO  App - 2017-11-24 21:56:25:816 请求 http://localhost:5625/Fits/Orders.aspx, IP地址 ::1, 耗时 0.9060 秒
2017-11-24 21:56:59,473 [5] INFO  App - 2017-11-24 21:56:59:435 请求 http://localhost:5625/Fits/Orders.aspx, IP地址 ::1, 耗时 1.0570 秒
2017-11-24 21:57:00,223 [9] INFO  App - 2017-11-24 21:57:00:160 请求 http://localhost:5625/extjs/res/ext-theme-neptune/theme-neptune-all_1.css?v6.0.3, IP地址 ::1, 耗时 0.0000 秒
2017-11-24 21:57:00,298 [5] INFO  App - 2017-11-24 21:57:00:215 请求 http://localhost:5625/extjs/res/theme-neptune.css?v6.0.3, IP地址 ::1, 耗时 0.0000 秒
2017-11-24 21:57:00,386 [13] INFO  App - 2017-11-24 21:57:00:282 请求 http://localhost:5625/extjs/ext-fineui.js?v6.0.3, IP地址 ::1, 耗时 0.0000 秒
2017-11-24 21:57:00,426 [12] INFO  App - 2017-11-24 21:57:00:165 请求 http://localhost:5625/extjs/res/ext-theme-neptune/theme-neptune-all_2.css?v6.0.3, IP地址 ::1, 耗时 0.0000 秒
2017-11-24 21:57:00,536 [5] INFO  App - 2017-11-24 21:57:00:397 请求 http://localhost:5625/extjs/ext-all.js?v6.0.3, IP地址 ::1, 耗时 0.0000 秒
2017-11-24 21:57:00,654 [13] INFO  App - 2017-11-24 21:57:00:489 请求 http://localhost:5625/extjs/lang/zh_CN.js?v6.0.3, IP地址 ::1, 耗时 0.0000 秒
2017-11-24 21:57:00,746 [12] INFO  App - 2017-11-24 21:57:00:485 请求 http://localhost:5625/res/loading/_3/ffffff_444444.gif, IP地址 ::1, 耗时 0.0000 秒
2017-11-24 21:57:00,848 [9] INFO  App - 2017-11-24 21:57:00:331 请求 http://localhost:5625/extjs/res/ext-theme-neptune/theme-neptune.js?v6.0.3, IP地址 ::1, 耗时 0.0000 秒
2017-11-24 21:57:03,027 [9] INFO  App - 2017-11-24 21:57:02:977 请求 http://localhost:5625/__browserLink/requestData/8c74476e82c9478db49661ea216e2415?version=2, IP地址 ::1, 耗时 0.0030 秒
2017-11-24 21:57:07,097 [9] INFO  App - 2017-11-24 21:57:07:091 请求 http://localhost:5625/Fits/UserForm.aspx?id=3&mode=view, IP地址 ::1, 耗时 1.0550 秒
2017-11-24 21:57:08,611 [9] INFO  App - 2017-11-24 21:57:08:523 请求 http://localhost:5625/Files/Users/201711051628106851870-TB2iEE1wl8lpuFjy0FnXXcZyXXa_!!0-rate.jpg_400x400.jpg, IP地址 ::1, 耗时 0.0000 秒
2017-11-24 21:57:09,427 [13] INFO  App - 2017-11-24 21:57:09:401 请求 http://localhost:5625/__browserLink/requestData/55c942982a1d45a18d258a41ab03a597?version=2, IP地址 ::1, 耗时 0.0010 秒
2017-11-24 21:57:26,901 [9] INFO  App - 2017-11-24 21:57:26:874 请求 http://localhost:5625/Fits/Orders.aspx, IP地址 ::1, 耗时 0.8710 秒
2017-11-24 21:57:40,033 [9] INFO  App - 2017-11-24 21:57:39:999 请求 http://localhost:5625/Fits/Orders.aspx, IP地址 ::1, 耗时 0.0190 秒
2017-11-24 21:58:20,429 [9] INFO  App - 2017-11-24 21:58:20:423 请求 http://localhost:5625/Fits/OrderForm.aspx?mode=new, IP地址 ::1, 耗时 40.1320 秒
2017-11-24 21:58:22,407 [9] INFO  App - 2017-11-24 21:58:22:381 请求 http://localhost:5625/__browserLink/requestData/636c886206f4442888aa41948da490c8?version=2, IP地址 ::1, 耗时 0.0010 秒
2017-11-24 21:58:46,225 [9] INFO  App - 2017-11-24 21:58:46:196 请求 http://localhost:5625/Fits/Orders.aspx, IP地址 ::1, 耗时 0.8840 秒
2017-11-24 22:00:33,735 [1] INFO  App - Start
2017-11-24 22:00:33,747 [1] INFO  App - ==== Application_Start ====
2017-11-24 22:00:46,878 [8] INFO  App - 2017-11-24 22:00:46:848 请求 http://localhost:5625/Admins/Main.aspx, IP地址 ::1, 耗时 1.4220 秒
2017-11-24 22:00:50,907 [5] INFO  App - 2017-11-24 22:00:50:880 请求 http://localhost:5625/admins/Welcome.aspx, IP地址 ::1, 耗时 2.6220 秒
2017-11-24 22:00:53,966 [5] INFO  App - 2017-11-24 22:00:53:933 请求 http://localhost:5625/__browserLink/requestData/b7610b0e10ef42f9b7129438f78f0806?version=2, IP地址 ::1, 耗时 0.1010 秒
2017-11-24 22:00:54,047 [8] INFO  App - 2017-11-24 22:00:54:019 请求 http://localhost:5625/__browserLink/requestData/abe588f9046144eaa98fbb5d5e345d60?version=2, IP地址 ::1, 耗时 0.0050 秒
2017-11-24 22:01:18,632 [5] INFO  App - 2017-11-24 22:01:18:604 请求 http://localhost:5625/Admins/Main.aspx, IP地址 ::1, 耗时 0.0780 秒
2017-11-24 22:01:24,681 [5] INFO  App - 2017-11-24 22:01:24:654 请求 http://localhost:5625/Fits/Orders.aspx, IP地址 ::1, 耗时 1.2480 秒
2017-11-24 22:01:27,098 [5] INFO  App - 2017-11-24 22:01:27:065 请求 http://localhost:5625/__browserLink/requestData/d7445d6650c04269a9eede17cff049f4?version=2, IP地址 ::1, 耗时 0.0060 秒
2017-11-24 22:01:28,546 [5] INFO  App - 2017-11-24 22:01:28:518 请求 http://localhost:5625/Fits/Orders.aspx, IP地址 ::1, 耗时 0.0780 秒
2017-11-24 22:01:29,718 [5] INFO  App - 2017-11-24 22:01:29:690 请求 http://localhost:5625/Fits/OrderForm.aspx?mode=new, IP地址 ::1, 耗时 0.7570 秒
2017-11-24 22:01:31,554 [5] INFO  App - 2017-11-24 22:01:31:522 请求 http://localhost:5625/__browserLink/requestData/934dfa7427af47f2ba3b6b09f6efa86a?version=2, IP地址 ::1, 耗时 0.0020 秒
2017-11-24 22:01:49,530 [5] INFO  App - 2017-11-24 22:01:49:500 请求 http://localhost:5625/Fits/Orders.aspx, IP地址 ::1, 耗时 0.9990 秒
2017-11-24 22:04:22,304 [1] INFO  App - Start
2017-11-24 22:04:22,313 [1] INFO  App - ==== Application_Start ====
2017-11-24 22:04:37,277 [8] INFO  App - 2017-11-24 22:04:37:250 请求 http://localhost:5625/Admins/Main.aspx, IP地址 ::1, 耗时 1.4830 秒
2017-11-24 22:04:41,583 [5] INFO  App - 2017-11-24 22:04:41:556 请求 http://localhost:5625/admins/Welcome.aspx, IP地址 ::1, 耗时 2.7130 秒
2017-11-24 22:04:45,008 [6] INFO  App - 2017-11-24 22:04:44:959 请求 http://localhost:5625/__browserLink/requestData/81232279cb12401fa6c935f49a85b545?version=2, IP地址 ::1, 耗时 0.1320 秒
2017-11-24 22:04:45,038 [8] INFO  App - 2017-11-24 22:04:45:010 请求 http://localhost:5625/__browserLink/requestData/6599fa85e13049229b63c56edf4286af?version=2, IP地址 ::1, 耗时 0.0350 秒
2017-11-24 22:05:06,495 [5] INFO  App - 2017-11-24 22:05:06:469 请求 http://localhost:5625/Fits/Orders.aspx, IP地址 ::1, 耗时 1.1300 秒
2017-11-24 22:05:08,902 [5] INFO  App - 2017-11-24 22:05:08:874 请求 http://localhost:5625/__browserLink/requestData/bcd5a5bea7f84cb39f1e508731db8ead?version=2, IP地址 ::1, 耗时 0.0020 秒
2017-11-24 22:05:09,233 [5] INFO  App - 2017-11-24 22:05:09:199 请求 http://localhost:5625/Admins/Main.aspx, IP地址 ::1, 耗时 0.0640 秒
2017-11-24 22:05:31,249 [5] INFO  App - 2017-11-24 22:05:31:223 请求 http://localhost:5625/Fits/OrderForm.aspx?mode=edit&id=6, IP地址 ::1, 耗时 1.9160 秒
2017-11-24 22:05:33,274 [8] INFO  App - 2017-11-24 22:05:33:246 请求 http://localhost:5625/__browserLink/requestData/2af32775c5c244beb13a7d8feb6c071c?version=2, IP地址 ::1, 耗时 0.0010 秒
2017-11-24 22:05:59,696 [5] ERROR App - Application_Error: System.EventArgs
2017-11-24 22:09:01,075 [6] ERROR App - Application_Error: System.EventArgs
2017-11-24 22:11:46,059 [1] INFO  App - Start
2017-11-24 22:11:46,070 [1] INFO  App - ==== Application_Start ====
2017-11-24 22:11:59,781 [6] INFO  App - 2017-11-24 22:11:59:753 请求 http://localhost:5625/Admins/Main.aspx, IP地址 ::1, 耗时 1.4400 秒
2017-11-24 22:12:03,779 [5] INFO  App - 2017-11-24 22:12:03:751 请求 http://localhost:5625/admins/Welcome.aspx, IP地址 ::1, 耗时 2.6150 秒
2017-11-24 22:12:06,853 [8] INFO  App - 2017-11-24 22:12:06:798 请求 http://localhost:5625/__browserLink/requestData/f245123345ef432aa37543d20de60214?version=2, IP地址 ::1, 耗时 0.1060 秒
2017-11-24 22:12:06,900 [6] INFO  App - 2017-11-24 22:12:06:871 请求 http://localhost:5625/__browserLink/requestData/4b9d8b7f85bf45889caac6db4805ee5e?version=2, IP地址 ::1, 耗时 0.0090 秒
2017-11-24 22:12:31,445 [8] INFO  App - 2017-11-24 22:12:31:417 请求 http://localhost:5625/Admins/Main.aspx, IP地址 ::1, 耗时 0.0410 秒
2017-11-24 22:14:22,576 [5] INFO  App - 2017-11-24 22:14:22:549 请求 http://localhost:5625/Fits/Orders.aspx, IP地址 ::1, 耗时 1.5200 秒
2017-11-24 22:14:25,173 [5] INFO  App - 2017-11-24 22:14:25:146 请求 http://localhost:5625/__browserLink/requestData/e2ef030f63c744bb96a2f16453cc332a?version=2, IP地址 ::1, 耗时 0.0020 秒
2017-11-24 22:14:29,260 [5] INFO  App - 2017-11-24 22:14:29:234 请求 http://localhost:5625/Fits/OrderForm.aspx?mode=edit&id=7, IP地址 ::1, 耗时 1.8800 秒
2017-11-24 22:14:30,978 [5] INFO  App - 2017-11-24 22:14:30:952 请求 http://localhost:5625/__browserLink/requestData/cff2e4c3a893499f88309aa12b02a861?version=2, IP地址 ::1, 耗时 0.0010 秒
2017-11-24 22:27:07,859 [1] INFO  App - Start
2017-11-24 22:27:07,883 [1] INFO  App - ==== Application_Start ====
2017-11-24 22:27:22,373 [8] INFO  App - 2017-11-24 22:27:22:345 请求 http://localhost:5625/Admins/Main.aspx, IP地址 ::1, 耗时 1.6090 秒
2017-11-24 22:27:26,653 [5] INFO  App - 2017-11-24 22:27:26:612 请求 http://localhost:5625/admins/Welcome.aspx, IP地址 ::1, 耗时 2.7860 秒
2017-11-24 22:27:30,029 [5] INFO  App - 2017-11-24 22:27:30:002 请求 http://localhost:5625/__browserLink/requestData/e2da5952858d418eb1aed222761212e0?version=2, IP地址 ::1, 耗时 0.0950 秒
2017-11-24 22:27:30,057 [6] INFO  App - 2017-11-24 22:27:30:002 请求 http://localhost:5625/__browserLink/requestData/b75d3afd3bd04b8695fc8e528e39f18a?version=2, IP地址 ::1, 耗时 0.0180 秒
2017-11-24 22:27:54,281 [8] INFO  App - 2017-11-24 22:27:54:250 请求 http://localhost:5625/Admins/Main.aspx, IP地址 ::1, 耗时 0.0610 秒
2017-11-24 22:36:17,623 [12] INFO  App - 2017-11-24 22:36:17:590 请求 http://localhost:5625/Fits/Orders.aspx, IP地址 ::1, 耗时 2.1150 秒
2017-11-24 22:36:20,743 [15] INFO  App - 2017-11-24 22:36:20:716 请求 http://localhost:5625/__browserLink/requestData/ff17284a98184518b1b6565f01d228cd?version=2, IP地址 ::1, 耗时 0.0020 秒
2017-11-24 22:36:36,046 [12] INFO  App - 2017-11-24 22:36:36:019 请求 http://localhost:5625/Fits/OrderForm.aspx?mode=edit&id=11, IP地址 ::1, 耗时 13.3610 秒
2017-11-24 22:36:38,680 [13] INFO  App - 2017-11-24 22:36:38:650 请求 http://localhost:5625/__browserLink/requestData/0433d605de7742a3b06f54800ad83832?version=2, IP地址 ::1, 耗时 0.0030 秒
2017-11-24 22:36:47,394 [13] ERROR App - Application_Error: System.EventArgs
2017-11-24 22:37:04,316 [13] INFO  App - 2017-11-24 22:37:04:290 请求 http://localhost:5625/Fits/Orders.aspx, IP地址 ::1, 耗时 0.9760 秒
2017-11-24 22:39:16,016 [1] INFO  App - Start
2017-11-24 22:39:16,029 [1] INFO  App - ==== Application_Start ====
2017-11-24 22:39:30,349 [7] INFO  App - 2017-11-24 22:39:30:320 请求 http://localhost:5625/Admins/Main.aspx, IP地址 ::1, 耗时 1.4950 秒
2017-11-24 22:39:34,707 [5] INFO  App - 2017-11-24 22:39:34:681 请求 http://localhost:5625/admins/Welcome.aspx, IP地址 ::1, 耗时 2.9190 秒
2017-11-24 22:39:38,126 [5] INFO  App - 2017-11-24 22:39:38:093 请求 http://localhost:5625/__browserLink/requestData/9c6fc868955c493e88815bb9383836e1?version=2, IP地址 ::1, 耗时 0.1210 秒
2017-11-24 22:39:38,160 [7] INFO  App - 2017-11-24 22:39:38:093 请求 http://localhost:5625/__browserLink/requestData/a534d02589274c1192633fce1c094273?version=2, IP地址 ::1, 耗时 0.0190 秒
2017-11-24 22:39:44,804 [8] INFO  App - 2017-11-24 22:39:44:777 请求 http://localhost:5625/Fits/Orders.aspx, IP地址 ::1, 耗时 1.2000 秒
2017-11-24 22:39:47,344 [8] INFO  App - 2017-11-24 22:39:47:316 请求 http://localhost:5625/__browserLink/requestData/566aff949ef34db698e862a69d4185e2?version=2, IP地址 ::1, 耗时 0.0020 秒
2017-11-24 22:39:55,548 [5] INFO  App - 2017-11-24 22:39:55:534 请求 http://localhost:5625/Fits/OrderForm.aspx?mode=edit&id=13, IP地址 ::1, 耗时 4.9070 秒
2017-11-24 22:39:57,418 [5] INFO  App - 2017-11-24 22:39:57:391 请求 http://localhost:5625/__browserLink/requestData/dc0c2a090ea846dcbaa3c13e6d11b5af?version=2, IP地址 ::1, 耗时 0.0010 秒
2017-11-24 22:40:02,132 [8] INFO  App - 2017-11-24 22:40:02:106 请求 http://localhost:5625/Admins/Main.aspx, IP地址 ::1, 耗时 0.0440 秒
2017-11-24 22:40:06,594 [8] ERROR App - Application_Error: System.EventArgs
2017-11-24 22:43:00,557 [7] ERROR App - Application_Error: System.EventArgs
2017-11-24 22:43:20,764 [7] INFO  App - 2017-11-24 22:43:20:726 请求 http://localhost:5625/Fits/Orders.aspx, IP地址 ::1, 耗时 1.2370 秒
2017-11-24 22:43:21,922 [9] INFO  App - 2017-11-24 22:43:21:894 请求 http://localhost:5625/Fits/Orders.aspx, IP地址 ::1, 耗时 0.0220 秒
2017-11-24 22:43:40,062 [5] INFO  App - 2017-11-24 22:43:40:028 请求 http://localhost:5625/Fits/OrderForm.aspx?mode=new, IP地址 ::1, 耗时 17.8660 秒
2017-11-24 22:43:41,940 [5] INFO  App - 2017-11-24 22:43:41:913 请求 http://localhost:5625/__browserLink/requestData/d60fdb604e6149038fe9814363c95c38?version=2, IP地址 ::1, 耗时 0.0010 秒
2017-11-24 22:44:07,131 [9] INFO  App - 2017-11-24 22:44:03:130 请求 http://localhost:5625/Fits/OrderForm.aspx?mode=new, IP地址 ::1, 耗时 12.1620 秒
2017-11-24 22:44:19,468 [7] INFO  App - 2017-11-24 22:44:19:441 请求 http://localhost:5625/Fits/Orders.aspx, IP地址 ::1, 耗时 0.9690 秒
2017-11-24 22:44:33,379 [9] INFO  App - 保存数据，ID=15, Type=App.DAL.Order, Data={"Sts":"Cance....
2017-11-24 22:44:34,810 [9] INFO  App - 2017-11-24 22:44:34:782 请求 http://localhost:5625/Fits/Orders.aspx, IP地址 ::1, 耗时 7.9930 秒
2017-11-24 22:44:51,365 [9] INFO  App - 2017-11-24 22:44:51:327 请求 http://localhost:5625/Fits/OrderForm.aspx?mode=edit&id=12, IP地址 ::1, 耗时 9.9940 秒
2017-11-24 22:44:53,768 [7] INFO  App - 2017-11-24 22:44:53:664 请求 http://localhost:5625/__browserLink/requestData/ec7014e5cb8240c9b2c15be679ab1a41?version=2, IP地址 ::1, 耗时 0.0020 秒
2017-11-24 22:45:15,659 [9] ERROR App - Application_Error: System.EventArgs
2017-11-24 22:45:57,222 [9] INFO  App - 2017-11-24 22:45:57:185 请求 http://localhost:5625/Fits/Orders.aspx, IP地址 ::1, 耗时 0.9590 秒
2017-11-24 22:46:05,459 [11] INFO  App - 2017-11-24 22:46:05:432 请求 http://localhost:5625/Fits/UserCardForm.aspx?id=15&mode=view, IP地址 ::1, 耗时 1.1130 秒
2017-11-24 22:46:07,134 [9] INFO  App - 2017-11-24 22:46:07:102 请求 http://localhost:5625/__browserLink/requestData/b192375ab81b4c019a3bf1f59f523ca3?version=2, IP地址 ::1, 耗时 0.0020 秒
2017-11-24 22:46:10,710 [11] INFO  App - 2017-11-24 22:46:10:681 请求 http://localhost:5625/Fits/Orders.aspx, IP地址 ::1, 耗时 0.9090 秒
2017-11-24 22:57:49,014 [1] INFO  App - Start
2017-11-24 22:57:49,030 [1] INFO  App - ==== Application_Start ====
2017-11-24 22:58:03,203 [6] INFO  App - 2017-11-24 22:58:03:169 请求 http://localhost:5625/Admins/Main.aspx, IP地址 ::1, 耗时 1.5720 秒
2017-11-24 22:58:07,823 [5] INFO  App - 2017-11-24 22:58:07:796 请求 http://localhost:5625/admins/Welcome.aspx, IP地址 ::1, 耗时 2.8160 秒
2017-11-24 22:58:11,265 [5] INFO  App - 2017-11-24 22:58:11:199 请求 http://localhost:5625/__browserLink/requestData/ed210401480a4a39832a4faf83e55a93?version=2, IP地址 ::1, 耗时 0.0920 秒
2017-11-24 22:58:11,404 [8] INFO  App - 2017-11-24 22:58:11:347 请求 http://localhost:5625/__browserLink/requestData/f8dda566d5fe4d21ac8b549f1b7ccd75?version=2, IP地址 ::1, 耗时 0.0080 秒
2017-11-24 22:58:18,732 [5] INFO  App - 2017-11-24 22:58:18:706 请求 http://localhost:5625/Fits/Orders.aspx, IP地址 ::1, 耗时 1.1790 秒
2017-11-24 22:58:21,688 [5] INFO  App - 2017-11-24 22:58:21:660 请求 http://localhost:5625/__browserLink/requestData/0baf08ea985149b1b962d420d92356af?version=2, IP地址 ::1, 耗时 0.0020 秒
2017-11-24 22:59:07,710 [5] INFO  App - 2017-11-24 22:59:07:629 请求 http://localhost:5625/Fits/OrderForm.aspx?mode=edit&id=15, IP地址 ::1, 耗时 42.3000 秒
2017-11-24 22:59:08,019 [9] INFO  App - 2017-11-24 22:59:07:942 请求 http://localhost:5625/Admins/Main.aspx, IP地址 ::1, 耗时 0.0930 秒
2017-11-24 22:59:08,509 [5] INFO  App - 2017-11-24 22:59:08:448 请求 http://localhost:5625/Admins/Main.aspx, IP地址 ::1, 耗时 0.0510 秒
2017-11-24 22:59:09,870 [5] INFO  App - 2017-11-24 22:59:09:843 请求 http://localhost:5625/__browserLink/requestData/02aaefa568f544f0a9f2f00b0495428e?version=2, IP地址 ::1, 耗时 0.0010 秒
2017-11-24 22:59:26,714 [5] INFO  App - 2017-11-24 22:59:26:686 请求 http://localhost:5625/Fits/Orders.aspx, IP地址 ::1, 耗时 1.0460 秒
2017-11-24 22:59:35,649 [5] INFO  App - 2017-11-24 22:59:35:616 请求 http://localhost:5625/Fits/OrderForm.aspx?mode=edit&id=16, IP地址 ::1, 耗时 3.6570 秒
2017-11-24 22:59:37,620 [5] INFO  App - 2017-11-24 22:59:37:575 请求 http://localhost:5625/__browserLink/requestData/2a5b6babd3004f93b0665959841d9a65?version=2, IP地址 ::1, 耗时 0.0020 秒
2017-11-24 22:59:41,830 [5] INFO  App - 2017-11-24 22:59:41:802 请求 http://localhost:5625/Fits/Orders.aspx, IP地址 ::1, 耗时 1.0910 秒
2017-11-24 22:59:55,855 [5] INFO  App - 2017-11-24 22:59:55:828 请求 http://localhost:5625/Fits/OrderForm.aspx?mode=edit&id=11, IP地址 ::1, 耗时 7.8800 秒
2017-11-24 22:59:58,073 [5] INFO  App - 2017-11-24 22:59:58:046 请求 http://localhost:5625/__browserLink/requestData/815a51bdef2748e7aab2b2661fc22adf?version=2, IP地址 ::1, 耗时 0.0010 秒
2017-11-24 23:00:08,192 [9] INFO  App - 2017-11-24 23:00:08:149 请求 http://localhost:5625/Fits/Orders.aspx, IP地址 ::1, 耗时 1.1590 秒
2017-11-24 23:00:12,621 [5] INFO  App - 2017-11-24 23:00:12:588 请求 http://localhost:5625/Fits/OrderForm.aspx?mode=edit&id=6, IP地址 ::1, 耗时 1.5790 秒
2017-11-24 23:00:14,169 [5] INFO  App - 2017-11-24 23:00:14:142 请求 http://localhost:5625/__browserLink/requestData/4a5d9c5ff2b64e4c9bf92ec441b108b1?version=2, IP地址 ::1, 耗时 0.0010 秒
2017-11-24 23:00:19,265 [5] INFO  App - 2017-11-24 23:00:19:236 请求 http://localhost:5625/Fits/Orders.aspx, IP地址 ::1, 耗时 0.9080 秒
2017-11-24 23:00:21,999 [5] INFO  App - 2017-11-24 23:00:21:964 请求 http://localhost:5625/Fits/OrderForm.aspx?mode=edit&id=7, IP地址 ::1, 耗时 1.6140 秒
2017-11-24 23:00:24,340 [5] INFO  App - 2017-11-24 23:00:24:313 请求 http://localhost:5625/__browserLink/requestData/41bfb192cb5b49be843c656237c42edc?version=2, IP地址 ::1, 耗时 0.0010 秒
2017-11-24 23:00:28,947 [5] ERROR App - Application_Error: System.EventArgs
2017-11-24 23:00:39,633 [5] INFO  App - 2017-11-24 23:00:39:603 请求 http://localhost:5625/Fits/Orders.aspx, IP地址 ::1, 耗时 0.9310 秒
2017-11-24 23:00:47,854 [5] INFO  App - 2017-11-24 23:00:47:825 请求 http://localhost:5625/Fits/OrderForm.aspx?mode=edit&id=11, IP地址 ::1, 耗时 1.5540 秒
2017-11-24 23:00:49,854 [5] INFO  App - 2017-11-24 23:00:49:823 请求 http://localhost:5625/__browserLink/requestData/273e88eb2c934ed8976148d604a6864c?version=2, IP地址 ::1, 耗时 0.0020 秒
2017-11-24 23:00:55,010 [5] INFO  App - 2017-11-24 23:00:54:982 请求 http://localhost:5625/Fits/Orders.aspx, IP地址 ::1, 耗时 0.9010 秒
2017-11-24 23:00:59,810 [13] INFO  App - 2017-11-24 23:00:59:784 请求 http://localhost:5625/Fits/OrderForm.aspx?mode=edit&id=10, IP地址 ::1, 耗时 1.9940 秒
2017-11-24 23:01:01,716 [5] INFO  App - 2017-11-24 23:01:01:685 请求 http://localhost:5625/__browserLink/requestData/8fe932feb1b94729a69cefced06eadc3?version=2, IP地址 ::1, 耗时 0.0010 秒
2017-11-24 23:01:06,573 [9] INFO  App - 2017-11-24 23:01:06:542 请求 http://localhost:5625/Fits/Orders.aspx, IP地址 ::1, 耗时 0.9580 秒
2017-11-24 23:19:33,609 [1] INFO  App - Start
2017-11-24 23:19:33,629 [1] INFO  App - ==== Application_Start ====
2017-11-24 23:19:42,742 [5] INFO  App - 2017-11-24 23:19:42:715 请求 http://localhost:5625/Default.aspx, IP地址 ::1, 耗时 6.1370 秒
2017-11-24 23:19:44,085 [8] INFO  App - 2017-11-24 23:19:44:027 请求 http://localhost:5625/Handlers/VerifyCode.ashx, IP地址 ::1, 耗时 0.1140 秒
2017-11-24 23:19:45,282 [5] INFO  App - 2017-11-24 23:19:45:255 请求 http://localhost:5625/__browserLink/requestData/be99289f6e13404d9b4262a2a268ba10?version=2, IP地址 ::1, 耗时 0.1030 秒
2017-11-24 23:20:14,758 [8] INFO  App - 2017-11-24 23:20:14:732 请求 http://localhost:5625/WebCall.App.DAL.DbUser.axd/Login?userName=admin&password=admin&verifyCode=82xt, IP地址 ::1, 耗时 0.2120 秒
2017-11-24 23:20:16,654 [5] INFO  App - 2017-11-24 23:20:16:627 请求 http://localhost:5625/Handlers/VerifyCode.ashx?0.7485750722698867, IP地址 ::1, 耗时 0.0180 秒
2017-11-24 23:20:20,839 [5] INFO  App - 保存数据，ID=1, Type=App.DAL.User, Data={"InUsed":true,....
2017-11-24 23:20:21,839 [5] INFO  App - 登录成功
2017-11-24 23:20:22,319 [5] INFO  App - 2017-11-24 23:20:22:292 请求 http://localhost:5625/WebCall.App.DAL.DbUser.axd/Login?userName=admin&password=admin&verifyCode=kymk, IP地址 ::1, 耗时 2.5670 秒
2017-11-24 23:20:26,197 [5] INFO  App - 2017-11-24 23:20:26:169 请求 http://localhost:5625/admins/main.aspx, IP地址 ::1, 耗时 1.1430 秒
2017-11-24 23:20:29,441 [8] INFO  App - 2017-11-24 23:20:29:393 请求 http://localhost:5625/__browserLink/requestData/0024ef41d9c241279bbc4022b1c21446?version=2, IP地址 ::1, 耗时 0.0040 秒
2017-11-24 23:20:31,114 [5] INFO  App - 2017-11-24 23:20:31:088 请求 http://localhost:5625/admins/Welcome.aspx, IP地址 ::1, 耗时 2.8180 秒
2017-11-24 23:20:34,283 [5] INFO  App - 2017-11-24 23:20:34:255 请求 http://localhost:5625/__browserLink/requestData/6bda48fcd6904472aa17c1b62909d482?version=2, IP地址 ::1, 耗时 0.0020 秒
2017-11-24 23:20:40,964 [5] INFO  App - 2017-11-24 23:20:40:937 请求 http://localhost:5625/Fits/Orders.aspx, IP地址 ::1, 耗时 1.2250 秒
2017-11-24 23:20:43,810 [6] INFO  App - 2017-11-24 23:20:43:783 请求 http://localhost:5625/__browserLink/requestData/41ce57c858f54211ab01622f9b37bc7c?version=2, IP地址 ::1, 耗时 0.0020 秒
2017-11-24 23:21:13,698 [5] ERROR App - Application_Error: System.EventArgs
2017-11-24 23:21:19,134 [8] INFO  App - 2017-11-24 23:21:19:072 请求 http://localhost:5625/admins/main.aspx, IP地址 ::1, 耗时 0.1080 秒
2017-11-24 23:21:31,786 [5] INFO  App - 2017-11-24 23:21:31:756 请求 http://localhost:5625/Fits/Orders.aspx, IP地址 ::1, 耗时 1.8380 秒
2017-11-24 23:25:29,763 [1] INFO  App - Start
2017-11-24 23:25:29,777 [1] INFO  App - ==== Application_Start ====
2017-11-24 23:25:43,167 [7] INFO  App - 2017-11-24 23:25:43:136 请求 http://localhost:5625/Admins/Main.aspx, IP地址 ::1, 耗时 1.5700 秒
2017-11-24 23:25:47,248 [5] INFO  App - 2017-11-24 23:25:47:221 请求 http://localhost:5625/admins/Welcome.aspx, IP地址 ::1, 耗时 2.7050 秒
2017-11-24 23:25:50,597 [7] INFO  App - 2017-11-24 23:25:50:478 请求 http://localhost:5625/__browserLink/requestData/0a24061b15f1463eb8c83a45b9de570a?version=2, IP地址 ::1, 耗时 0.0790 秒
2017-11-24 23:25:50,762 [5] INFO  App - 2017-11-24 23:25:50:735 请求 http://localhost:5625/__browserLink/requestData/c521e2a9c3614b118af8cc10aac53fdf?version=2, IP地址 ::1, 耗时 0.0030 秒
2017-11-24 23:25:56,428 [8] INFO  App - 2017-11-24 23:25:56:402 请求 http://localhost:5625/Fits/Orders.aspx, IP地址 ::1, 耗时 1.1840 秒
2017-11-24 23:25:58,825 [5] INFO  App - 2017-11-24 23:25:58:796 请求 http://localhost:5625/__browserLink/requestData/efa5206619254f39b48c3fe6710ebdf1?version=2, IP地址 ::1, 耗时 0.0020 秒
2017-11-24 23:26:12,597 [5] INFO  App - 2017-11-24 23:26:12:569 请求 http://localhost:5625/Fits/OrderForm.aspx?mode=edit&id=5, IP地址 ::1, 耗时 10.9990 秒
2017-11-24 23:26:14,492 [5] INFO  App - 2017-11-24 23:26:14:460 请求 http://localhost:5625/__browserLink/requestData/d410cf1604cf4ecfaac4fa8bb2096144?version=2, IP地址 ::1, 耗时 0.0010 秒
2017-11-24 23:26:14,975 [5] INFO  App - 2017-11-24 23:26:14:948 请求 http://localhost:5625/Admins/Main.aspx, IP地址 ::1, 耗时 0.0530 秒
2017-11-24 23:26:27,074 [5] INFO  App - 2017-11-24 23:26:27:022 请求 http://localhost:5625/Fits/Orders.aspx, IP地址 ::1, 耗时 0.9730 秒
2017-11-24 23:26:36,541 [5] INFO  App - 2017-11-24 23:26:36:513 请求 http://localhost:5625/Fits/OrderForm.aspx?mode=edit&id=9, IP地址 ::1, 耗时 6.8750 秒
2017-11-24 23:26:38,203 [5] INFO  App - 2017-11-24 23:26:38:170 请求 http://localhost:5625/__browserLink/requestData/ae193b342fff497ab087c54980332b80?version=2, IP地址 ::1, 耗时 0.0010 秒
2017-11-24 23:26:43,311 [7] INFO  App - 2017-11-24 23:26:43:281 请求 http://localhost:5625/Fits/Orders.aspx, IP地址 ::1, 耗时 0.9950 秒
2017-11-24 23:26:44,743 [5] INFO  App - 2017-11-24 23:26:44:715 请求 http://localhost:5625/Fits/Orders.aspx, IP地址 ::1, 耗时 0.0250 秒
2017-11-24 23:26:49,251 [7] INFO  App - 2017-11-24 23:26:49:223 请求 http://localhost:5625/Fits/OrderForm.aspx?mode=new, IP地址 ::1, 耗时 4.2620 秒
2017-11-24 23:26:51,802 [8] INFO  App - 2017-11-24 23:26:51:775 请求 http://localhost:5625/__browserLink/requestData/97065ec657e447d0b6939197711120c5?version=2, IP地址 ::1, 耗时 0.0010 秒
2017-11-24 23:27:02,674 [8] INFO  App - 2017-11-24 23:27:02:668 请求 http://localhost:5625/Fits/OrderForm.aspx?mode=new, IP地址 ::1, 耗时 4.8420 秒
2017-11-24 23:27:09,540 [7] INFO  App - 2017-11-24 23:27:09:508 请求 http://localhost:5625/Fits/Orders.aspx, IP地址 ::1, 耗时 0.9710 秒
